{"/Users/chamithmadusanka/Documents/Development/Projects/hris-hp/src/App.tsx": {"path":"/Users/chamithmadusanka/Documents/Development/Projects/hris-hp/src/App.tsx","statementMap":{"0":{"start":{"line":1,"column":0},"end":{"line":1,"column":53}},"1":{"start":{"line":2,"column":0},"end":{"line":2,"column":40}},"2":{"start":{"line":3,"column":0},"end":{"line":3,"column":74}},"3":{"start":{"line":4,"column":0},"end":{"line":4,"column":43}},"4":{"start":{"line":5,"column":0},"end":{"line":5,"column":55}},"5":{"start":{"line":6,"column":0},"end":{"line":6,"column":61}},"6":{"start":{"line":7,"column":0},"end":{"line":7,"column":50}},"7":{"start":{"line":8,"column":0},"end":{"line":8,"column":49}},"8":{"start":{"line":9,"column":0},"end":{"line":9,"column":48}},"9":{"start":{"line":10,"column":26},"end":{"line":10,"column":75}},"10":{"start":{"line":10,"column":42},"end":{"line":10,"column":74}},"11":{"start":{"line":11,"column":26},"end":{"line":11,"column":75}},"12":{"start":{"line":11,"column":42},"end":{"line":11,"column":74}},"13":{"start":{"line":12,"column":27},"end":{"line":12,"column":77}},"14":{"start":{"line":12,"column":43},"end":{"line":12,"column":76}},"15":{"start":{"line":13,"column":25},"end":{"line":13,"column":73}},"16":{"start":{"line":13,"column":41},"end":{"line":13,"column":72}},"17":{"start":{"line":16,"column":19},"end":{"line":16,"column":32}},"18":{"start":{"line":18,"column":2},"end":{"line":41,"column":4}},"19":{"start":{"line":44,"column":0},"end":{"line":44,"column":19}}},"fnMap":{"0":{"name":"(anonymous_7)","decl":{"start":{"line":10,"column":37},"end":{"line":10,"column":40}},"loc":{"start":{"line":10,"column":42},"end":{"line":10,"column":74}}},"1":{"name":"(anonymous_8)","decl":{"start":{"line":10,"column":42},"end":{"line":10,"column":50}},"loc":{"start":{"line":10,"column":42},"end":{"line":10,"column":74}}},"2":{"name":"(anonymous_9)","decl":{"start":{"line":11,"column":37},"end":{"line":11,"column":40}},"loc":{"start":{"line":11,"column":42},"end":{"line":11,"column":74}}},"3":{"name":"(anonymous_10)","decl":{"start":{"line":11,"column":42},"end":{"line":11,"column":50}},"loc":{"start":{"line":11,"column":42},"end":{"line":11,"column":74}}},"4":{"name":"(anonymous_11)","decl":{"start":{"line":12,"column":38},"end":{"line":12,"column":41}},"loc":{"start":{"line":12,"column":43},"end":{"line":12,"column":76}}},"5":{"name":"(anonymous_12)","decl":{"start":{"line":12,"column":43},"end":{"line":12,"column":51}},"loc":{"start":{"line":12,"column":43},"end":{"line":12,"column":76}}},"6":{"name":"(anonymous_13)","decl":{"start":{"line":13,"column":36},"end":{"line":13,"column":39}},"loc":{"start":{"line":13,"column":41},"end":{"line":13,"column":72}}},"7":{"name":"(anonymous_14)","decl":{"start":{"line":13,"column":41},"end":{"line":13,"column":49}},"loc":{"start":{"line":13,"column":41},"end":{"line":13,"column":72}}},"8":{"name":"App","decl":{"start":{"line":15,"column":9},"end":{"line":15,"column":12}},"loc":{"start":{"line":15,"column":12},"end":{"line":42,"column":1}}}},"branchMap":{"0":{"loc":{"start":{"line":21,"column":15},"end":{"line":21,"column":76}},"type":"cond-expr","locations":[{"start":{"line":21,"column":54},"end":{"line":21,"column":63}},{"start":{"line":21,"column":66},"end":{"line":21,"column":76}}]},"1":{"loc":{"start":{"line":21,"column":15},"end":{"line":21,"column":51}},"type":"binary-expr","locations":[{"start":{"line":21,"column":15},"end":{"line":21,"column":30}},{"start":{"line":21,"column":34},"end":{"line":21,"column":51}}]},"2":{"loc":{"start":{"line":24,"column":20},"end":{"line":24,"column":78}},"type":"cond-expr","locations":[{"start":{"line":24,"column":61},"end":{"line":24,"column":64}},{"start":{"line":24,"column":67},"end":{"line":24,"column":78}}]}},"s":{"0":0,"1":0,"2":0,"3":0,"4":0,"5":0,"6":0,"7":0,"8":0,"9":0,"10":0,"11":0,"12":0,"13":0,"14":0,"15":0,"16":0,"17":0,"18":0,"19":0},"f":{"0":0,"1":0,"2":0,"3":0,"4":0,"5":0,"6":0,"7":0,"8":0},"b":{"0":[0,0],"1":[0,0],"2":[0,0]}}
,"/Users/chamithmadusanka/Documents/Development/Projects/hris-hp/src/theme.ts": {"path":"/Users/chamithmadusanka/Documents/Development/Projects/hris-hp/src/theme.ts","statementMap":{"0":{"start":{"line":1,"column":0},"end":{"line":1,"column":44}},"1":{"start":{"line":3,"column":13},"end":{"line":30,"column":3}},"2":{"start":{"line":32,"column":13},"end":{"line":60,"column":3}}},"fnMap":{},"branchMap":{},"s":{"0":0,"1":0,"2":0},"f":{},"b":{}}
,"/Users/chamithmadusanka/Documents/Development/Projects/hris-hp/src/components/Breadcrumb.tsx": {"path":"/Users/chamithmadusanka/Documents/Development/Projects/hris-hp/src/components/Breadcrumb.tsx","statementMap":{"0":{"start":{"line":2,"column":0},"end":{"line":2,"column":56}},"1":{"start":{"line":3,"column":0},"end":{"line":3,"column":40}},"2":{"start":{"line":4,"column":0},"end":{"line":4,"column":48}},"3":{"start":{"line":15,"column":53},"end":{"line":41,"column":1}},"4":{"start":{"line":16,"column":2},"end":{"line":40,"column":4}},"5":{"start":{"line":19,"column":8},"end":{"line":36,"column":null}},"6":{"start":{"line":15,"column":13},"end":{"line":15,"column":53}}},"fnMap":{"0":{"name":"(anonymous_1)","decl":{"start":{"line":15,"column":53},"end":{"line":15,"column":54}},"loc":{"start":{"line":15,"column":73},"end":{"line":41,"column":1}}},"1":{"name":"(anonymous_2)","decl":{"start":{"line":18,"column":23},"end":{"line":18,"column":24}},"loc":{"start":{"line":19,"column":8},"end":{"line":36,"column":null}}}},"branchMap":{"0":{"loc":{"start":{"line":19,"column":8},"end":{"line":36,"column":null}},"type":"cond-expr","locations":[{"start":{"line":20,"column":10},"end":{"line":21,"column":null}},{"start":{"line":34,"column":10},"end":{"line":34,"column":34}}]},"1":{"loc":{"start":{"line":30,"column":13},"end":{"line":30,"column":76}},"type":"binary-expr","locations":[{"start":{"line":30,"column":13},"end":{"line":30,"column":24}},{"start":{"line":30,"column":28},"end":{"line":30,"column":76}}]}},"s":{"0":0,"1":0,"2":0,"3":0,"4":0,"5":0,"6":0},"f":{"0":0,"1":0},"b":{"0":[0,0],"1":[0,0]}}
,"/Users/chamithmadusanka/Documents/Development/Projects/hris-hp/src/components/ConfirmationDialog.tsx": {"path":"/Users/chamithmadusanka/Documents/Development/Projects/hris-hp/src/components/ConfirmationDialog.tsx","statementMap":{"0":{"start":{"line":1,"column":0},"end":{"line":1,"column":null}},"1":{"start":{"line":22,"column":34},"end":{"line":50,"column":1}},"2":{"start":{"line":32,"column":2},"end":{"line":49,"column":4}},"3":{"start":{"line":22,"column":13},"end":{"line":22,"column":34}}},"fnMap":{"0":{"name":"(anonymous_0)","decl":{"start":{"line":22,"column":34},"end":{"line":22,"column":35}},"loc":{"start":{"line":31,"column":30},"end":{"line":50,"column":1}}}},"branchMap":{},"s":{"0":0,"1":0,"2":0,"3":0},"f":{"0":0},"b":{}}
,"/Users/chamithmadusanka/Documents/Development/Projects/hris-hp/src/components/ErrorBoundary.tsx": {"path":"/Users/chamithmadusanka/Documents/Development/Projects/hris-hp/src/components/ErrorBoundary.tsx","statementMap":{"0":{"start":{"line":1,"column":0},"end":{"line":1,"column":26}},"1":{"start":{"line":2,"column":0},"end":{"line":2,"column":63}},"2":{"start":{"line":3,"column":0},"end":{"line":3,"column":57}},"3":{"start":{"line":19,"column":4},"end":{"line":19,"column":17}},"4":{"start":{"line":34,"column":2},"end":{"line":37,"column":4}},"5":{"start":{"line":35,"column":4},"end":{"line":35,"column":39}},"6":{"start":{"line":36,"column":4},"end":{"line":36,"column":31}},"7":{"start":{"line":39,"column":2},"end":{"line":53,"column":4}},"8":{"start":{"line":40,"column":4},"end":{"line":40,"column":54}},"9":{"start":{"line":40,"column":16},"end":{"line":40,"column":54}},"10":{"start":{"line":42,"column":4},"end":{"line":44,"column":5}},"11":{"start":{"line":43,"column":6},"end":{"line":43,"column":87}},"12":{"start":{"line":45,"column":4},"end":{"line":47,"column":5}},"13":{"start":{"line":46,"column":6},"end":{"line":46,"column":65}},"14":{"start":{"line":48,"column":4},"end":{"line":50,"column":5}},"15":{"start":{"line":49,"column":6},"end":{"line":49,"column":72}},"16":{"start":{"line":52,"column":4},"end":{"line":52,"column":77}},"17":{"start":{"line":20,"column":4},"end":{"line":20,"column":37}},"18":{"start":{"line":24,"column":4},"end":{"line":27,"column":6}},"19":{"start":{"line":31,"column":4},"end":{"line":31,"column":65}},"20":{"start":{"line":56,"column":4},"end":{"line":123,"column":5}},"21":{"start":{"line":57,"column":6},"end":{"line":122,"column":8}},"22":{"start":{"line":97,"column":31},"end":{"line":97,"column":55}},"23":{"start":{"line":125,"column":4},"end":{"line":125,"column":31}},"24":{"start":{"line":14,"column":0},"end":{"line":14,"column":13}},"25":{"start":{"line":129,"column":0},"end":{"line":129,"column":29}}},"fnMap":{"0":{"name":"(anonymous_1)","decl":{"start":{"line":18,"column":2},"end":{"line":18,"column":14}},"loc":{"start":{"line":18,"column":39},"end":{"line":21,"column":3}}},"1":{"name":"(anonymous_2)","decl":{"start":{"line":34,"column":16},"end":{"line":34,"column":19}},"loc":{"start":{"line":34,"column":21},"end":{"line":37,"column":3}}},"2":{"name":"(anonymous_3)","decl":{"start":{"line":39,"column":20},"end":{"line":39,"column":21}},"loc":{"start":{"line":39,"column":57},"end":{"line":53,"column":3}}},"3":{"name":"(anonymous_4)","decl":{"start":{"line":23,"column":2},"end":{"line":23,"column":8}},"loc":{"start":{"line":23,"column":46},"end":{"line":28,"column":3}}},"4":{"name":"(anonymous_5)","decl":{"start":{"line":30,"column":2},"end":{"line":30,"column":19}},"loc":{"start":{"line":30,"column":60},"end":{"line":32,"column":3}}},"5":{"name":"(anonymous_6)","decl":{"start":{"line":55,"column":2},"end":{"line":55,"column":8}},"loc":{"start":{"line":55,"column":8},"end":{"line":126,"column":3}}},"6":{"name":"(anonymous_7)","decl":{"start":{"line":97,"column":25},"end":{"line":97,"column":28}},"loc":{"start":{"line":97,"column":31},"end":{"line":97,"column":55}}}},"branchMap":{"0":{"loc":{"start":{"line":40,"column":4},"end":{"line":40,"column":54}},"type":"if","locations":[{"start":{"line":40,"column":4},"end":{"line":40,"column":54}}]},"1":{"loc":{"start":{"line":42,"column":4},"end":{"line":44,"column":5}},"type":"if","locations":[{"start":{"line":42,"column":4},"end":{"line":44,"column":5}}]},"2":{"loc":{"start":{"line":45,"column":4},"end":{"line":47,"column":5}},"type":"if","locations":[{"start":{"line":45,"column":4},"end":{"line":47,"column":5}}]},"3":{"loc":{"start":{"line":48,"column":4},"end":{"line":50,"column":5}},"type":"if","locations":[{"start":{"line":48,"column":4},"end":{"line":50,"column":5}}]},"4":{"loc":{"start":{"line":56,"column":4},"end":{"line":123,"column":5}},"type":"if","locations":[{"start":{"line":56,"column":4},"end":{"line":123,"column":5}}]},"5":{"loc":{"start":{"line":103,"column":13},"end":{"line":118,"column":null}},"type":"binary-expr","locations":[{"start":{"line":103,"column":13},"end":{"line":103,"column":51}},{"start":{"line":104,"column":14},"end":{"line":117,"column":null}}]},"6":{"loc":{"start":{"line":117,"column":17},"end":{"line":117,"column":40}},"type":"cond-expr","locations":[{"start":{"line":117,"column":33},"end":{"line":117,"column":35}},{"start":{"line":117,"column":33},"end":{"line":117,"column":40}}]},"7":{"loc":{"start":{"line":117,"column":17},"end":{"line":117,"column":35}},"type":"binary-expr","locations":[{"start":{"line":117,"column":17},"end":{"line":117,"column":35}},{"start":{"line":117,"column":33},"end":{"line":117,"column":35}}]}},"s":{"0":0,"1":0,"2":0,"3":0,"4":0,"5":0,"6":0,"7":0,"8":0,"9":0,"10":0,"11":0,"12":0,"13":0,"14":0,"15":0,"16":0,"17":0,"18":0,"19":0,"20":0,"21":0,"22":0,"23":0,"24":0,"25":0},"f":{"0":0,"1":0,"2":0,"3":0,"4":0,"5":0,"6":0},"b":{"0":[0],"1":[0],"2":[0],"3":[0],"4":[0],"5":[0,0],"6":[0,0],"7":[0,0]}}
,"/Users/chamithmadusanka/Documents/Development/Projects/hris-hp/src/components/LoadingSpinner.tsx": {"path":"/Users/chamithmadusanka/Documents/Development/Projects/hris-hp/src/components/LoadingSpinner.tsx","statementMap":{"0":{"start":{"line":1,"column":0},"end":{"line":1,"column":49}},"1":{"start":{"line":3,"column":0},"end":{"line":3,"column":36}},"2":{"start":{"line":5,"column":30},"end":{"line":21,"column":1}},"3":{"start":{"line":6,"column":2},"end":{"line":20,"column":4}},"4":{"start":{"line":5,"column":13},"end":{"line":5,"column":30}}},"fnMap":{"0":{"name":"(anonymous_0)","decl":{"start":{"line":5,"column":30},"end":{"line":5,"column":33}},"loc":{"start":{"line":5,"column":35},"end":{"line":21,"column":1}}}},"branchMap":{},"s":{"0":0,"1":0,"2":0,"3":0,"4":0},"f":{"0":0},"b":{}}
,"/Users/chamithmadusanka/Documents/Development/Projects/hris-hp/src/components/PageHeader.tsx": {"path":"/Users/chamithmadusanka/Documents/Development/Projects/hris-hp/src/components/PageHeader.tsx","statementMap":{"0":{"start":{"line":2,"column":0},"end":{"line":2,"column":53}},"1":{"start":{"line":3,"column":0},"end":{"line":3,"column":42}},"2":{"start":{"line":15,"column":53},"end":{"line":34,"column":1}},"3":{"start":{"line":19,"column":16},"end":{"line":19,"column":26}},"4":{"start":{"line":20,"column":2},"end":{"line":33,"column":4}},"5":{"start":{"line":15,"column":13},"end":{"line":15,"column":53}}},"fnMap":{"0":{"name":"(anonymous_0)","decl":{"start":{"line":15,"column":53},"end":{"line":15,"column":54}},"loc":{"start":{"line":18,"column":5},"end":{"line":34,"column":1}}}},"branchMap":{},"s":{"0":0,"1":0,"2":0,"3":0,"4":0,"5":0},"f":{"0":0},"b":{}}
,"/Users/chamithmadusanka/Documents/Development/Projects/hris-hp/src/components/ThemeSwitcher.tsx": {"path":"/Users/chamithmadusanka/Documents/Development/Projects/hris-hp/src/components/ThemeSwitcher.tsx","statementMap":{"0":{"start":{"line":1,"column":0},"end":{"line":1,"column":51}},"1":{"start":{"line":2,"column":0},"end":{"line":2,"column":50}},"2":{"start":{"line":3,"column":0},"end":{"line":3,"column":58}},"3":{"start":{"line":4,"column":0},"end":{"line":4,"column":56}},"4":{"start":{"line":5,"column":0},"end":{"line":5,"column":76}},"5":{"start":{"line":6,"column":0},"end":{"line":6,"column":67}},"6":{"start":{"line":7,"column":0},"end":{"line":7,"column":50}},"7":{"start":{"line":9,"column":39},"end":{"line":75,"column":1}},"8":{"start":{"line":10,"column":29},"end":{"line":10,"column":42}},"9":{"start":{"line":11,"column":26},"end":{"line":11,"column":71}},"10":{"start":{"line":12,"column":34},"end":{"line":12,"column":68}},"11":{"start":{"line":14,"column":2},"end":{"line":14,"column":37}},"12":{"start":{"line":15,"column":2},"end":{"line":15,"column":29}},"13":{"start":{"line":16,"column":2},"end":{"line":21,"column":40}},"14":{"start":{"line":17,"column":4},"end":{"line":20,"column":5}},"15":{"start":{"line":18,"column":26},"end":{"line":18,"column":60}},"16":{"start":{"line":19,"column":6},"end":{"line":19,"column":28}},"17":{"start":{"line":23,"column":22},"end":{"line":25,"column":3}},"18":{"start":{"line":24,"column":4},"end":{"line":24,"column":37}},"19":{"start":{"line":27,"column":22},"end":{"line":29,"column":3}},"20":{"start":{"line":28,"column":4},"end":{"line":28,"column":22}},"21":{"start":{"line":31,"column":28},"end":{"line":34,"column":3}},"22":{"start":{"line":32,"column":4},"end":{"line":32,"column":22}},"23":{"start":{"line":33,"column":4},"end":{"line":33,"column":18}},"24":{"start":{"line":36,"column":18},"end":{"line":47,"column":3}},"25":{"start":{"line":37,"column":4},"end":{"line":46,"column":5}},"26":{"start":{"line":39,"column":8},"end":{"line":39,"column":60}},"27":{"start":{"line":41,"column":8},"end":{"line":41,"column":59}},"28":{"start":{"line":43,"column":8},"end":{"line":43,"column":42}},"29":{"start":{"line":45,"column":8},"end":{"line":45,"column":42}},"30":{"start":{"line":49,"column":2},"end":{"line":74,"column":4}},"31":{"start":{"line":54,"column":25},"end":{"line":54,"column":51}},"32":{"start":{"line":60,"column":25},"end":{"line":60,"column":50}},"33":{"start":{"line":66,"column":25},"end":{"line":66,"column":52}},"34":{"start":{"line":9,"column":13},"end":{"line":9,"column":39}}},"fnMap":{"0":{"name":"(anonymous_1)","decl":{"start":{"line":9,"column":39},"end":{"line":9,"column":42}},"loc":{"start":{"line":9,"column":44},"end":{"line":75,"column":1}}},"1":{"name":"(anonymous_2)","decl":{"start":{"line":16,"column":12},"end":{"line":16,"column":15}},"loc":{"start":{"line":16,"column":17},"end":{"line":21,"column":3}}},"2":{"name":"(anonymous_3)","decl":{"start":{"line":23,"column":22},"end":{"line":23,"column":23}},"loc":{"start":{"line":23,"column":63},"end":{"line":25,"column":3}}},"3":{"name":"(anonymous_4)","decl":{"start":{"line":27,"column":22},"end":{"line":27,"column":25}},"loc":{"start":{"line":27,"column":27},"end":{"line":29,"column":3}}},"4":{"name":"(anonymous_5)","decl":{"start":{"line":31,"column":28},"end":{"line":31,"column":29}},"loc":{"start":{"line":31,"column":69},"end":{"line":34,"column":3}}},"5":{"name":"(anonymous_6)","decl":{"start":{"line":36,"column":18},"end":{"line":36,"column":21}},"loc":{"start":{"line":36,"column":23},"end":{"line":47,"column":3}}},"6":{"name":"(anonymous_7)","decl":{"start":{"line":54,"column":19},"end":{"line":54,"column":22}},"loc":{"start":{"line":54,"column":25},"end":{"line":54,"column":51}}},"7":{"name":"(anonymous_8)","decl":{"start":{"line":60,"column":19},"end":{"line":60,"column":22}},"loc":{"start":{"line":60,"column":25},"end":{"line":60,"column":50}}},"8":{"name":"(anonymous_9)","decl":{"start":{"line":66,"column":19},"end":{"line":66,"column":22}},"loc":{"start":{"line":66,"column":25},"end":{"line":66,"column":52}}}},"branchMap":{"0":{"loc":{"start":{"line":17,"column":4},"end":{"line":20,"column":5}},"type":"if","locations":[{"start":{"line":17,"column":4},"end":{"line":20,"column":5}}]},"1":{"loc":{"start":{"line":18,"column":26},"end":{"line":18,"column":60}},"type":"cond-expr","locations":[{"start":{"line":18,"column":44},"end":{"line":18,"column":50}},{"start":{"line":18,"column":53},"end":{"line":18,"column":60}}]},"2":{"loc":{"start":{"line":37,"column":4},"end":{"line":46,"column":5}},"type":"switch","locations":[{"start":{"line":38,"column":6},"end":{"line":39,"column":60}},{"start":{"line":40,"column":6},"end":{"line":41,"column":59}},{"start":{"line":42,"column":6},"end":{"line":43,"column":42}},{"start":{"line":44,"column":6},"end":{"line":45,"column":42}}]}},"s":{"0":1,"1":1,"2":1,"3":1,"4":1,"5":1,"6":1,"7":1,"8":8,"9":8,"10":8,"11":8,"12":8,"13":8,"14":8,"15":0,"16":0,"17":8,"18":0,"19":8,"20":0,"21":8,"22":0,"23":0,"24":8,"25":8,"26":8,"27":0,"28":0,"29":0,"30":8,"31":0,"32":0,"33":0,"34":1},"f":{"0":8,"1":8,"2":0,"3":0,"4":0,"5":8,"6":0,"7":0,"8":0},"b":{"0":[0],"1":[0,0],"2":[8,0,0,0]}}
,"/Users/chamithmadusanka/Documents/Development/Projects/hris-hp/src/components/MenuBar/DesktopMenu.tsx": {"path":"/Users/chamithmadusanka/Documents/Development/Projects/hris-hp/src/components/MenuBar/DesktopMenu.tsx","statementMap":{"0":{"start":{"line":1,"column":0},"end":{"line":1,"column":38}},"1":{"start":{"line":2,"column":0},"end":{"line":2,"column":46}},"2":{"start":{"line":4,"column":20},"end":{"line":10,"column":3}},"3":{"start":{"line":4,"column":50},"end":{"line":10,"column":2}},"4":{"start":{"line":12,"column":0},"end":{"line":12,"column":27}}},"fnMap":{"0":{"name":"(anonymous_0)","decl":{"start":{"line":4,"column":34},"end":{"line":4,"column":35}},"loc":{"start":{"line":4,"column":50},"end":{"line":10,"column":2}}}},"branchMap":{},"s":{"0":1,"1":1,"2":1,"3":4,"4":1},"f":{"0":4},"b":{}}
,"/Users/chamithmadusanka/Documents/Development/Projects/hris-hp/src/components/MenuBar/MenuBar.tsx": {"path":"/Users/chamithmadusanka/Documents/Development/Projects/hris-hp/src/components/MenuBar/MenuBar.tsx","statementMap":{"0":{"start":{"line":1,"column":0},"end":{"line":1,"column":72}},"1":{"start":{"line":2,"column":0},"end":{"line":2,"column":null}},"2":{"start":{"line":15,"column":0},"end":{"line":15,"column":56}},"3":{"start":{"line":16,"column":0},"end":{"line":16,"column":78}},"4":{"start":{"line":17,"column":0},"end":{"line":17,"column":49}},"5":{"start":{"line":18,"column":0},"end":{"line":18,"column":40}},"6":{"start":{"line":19,"column":0},"end":{"line":19,"column":38}},"7":{"start":{"line":36,"column":30},"end":{"line":52,"column":2}},"8":{"start":{"line":54,"column":21},"end":{"line":57,"column":null}},"9":{"start":{"line":55,"column":13},"end":{"line":55,"column":17}},"10":{"start":{"line":55,"column":25},"end":{"line":57,"column":null}},"11":{"start":{"line":60,"column":23},"end":{"line":76,"column":3}},"12":{"start":{"line":61,"column":31},"end":{"line":61,"column":69}},"13":{"start":{"line":62,"column":63},"end":{"line":76,"column":2}},"14":{"start":{"line":78,"column":20},"end":{"line":123,"column":1}},"15":{"start":{"line":79,"column":19},"end":{"line":79,"column":32}},"16":{"start":{"line":81,"column":2},"end":{"line":122,"column":4}},"17":{"start":{"line":105,"column":14},"end":{"line":106,"column":null}},"18":{"start":{"line":125,"column":23},"end":{"line":177,"column":1}},"19":{"start":{"line":126,"column":38},"end":{"line":126,"column":53}},"20":{"start":{"line":127,"column":16},"end":{"line":127,"column":26}},"21":{"start":{"line":128,"column":28},"end":{"line":128,"column":54}},"22":{"start":{"line":128,"column":34},"end":{"line":128,"column":54}},"23":{"start":{"line":130,"column":2},"end":{"line":176,"column":4}},"24":{"start":{"line":149,"column":25},"end":{"line":149,"column":44}},"25":{"start":{"line":125,"column":13},"end":{"line":125,"column":23}}},"fnMap":{"0":{"name":"(anonymous_2)","decl":{"start":{"line":55,"column":2},"end":{"line":55,"column":3}},"loc":{"start":{"line":55,"column":24},"end":{"line":57,"column":null}}},"1":{"name":"(anonymous_3)","decl":{"start":{"line":61,"column":21},"end":{"line":61,"column":22}},"loc":{"start":{"line":61,"column":31},"end":{"line":61,"column":69}}},"2":{"name":"(anonymous_4)","decl":{"start":{"line":62,"column":27},"end":{"line":62,"column":28}},"loc":{"start":{"line":62,"column":63},"end":{"line":76,"column":2}}},"3":{"name":"(anonymous_5)","decl":{"start":{"line":78,"column":20},"end":{"line":78,"column":21}},"loc":{"start":{"line":78,"column":58},"end":{"line":123,"column":1}}},"4":{"name":"(anonymous_6)","decl":{"start":{"line":104,"column":27},"end":{"line":104,"column":28}},"loc":{"start":{"line":105,"column":14},"end":{"line":106,"column":null}}},"5":{"name":"(anonymous_7)","decl":{"start":{"line":125,"column":23},"end":{"line":125,"column":26}},"loc":{"start":{"line":125,"column":28},"end":{"line":177,"column":1}}},"6":{"name":"(anonymous_8)","decl":{"start":{"line":128,"column":28},"end":{"line":128,"column":31}},"loc":{"start":{"line":128,"column":34},"end":{"line":128,"column":54}}},"7":{"name":"(anonymous_9)","decl":{"start":{"line":149,"column":19},"end":{"line":149,"column":22}},"loc":{"start":{"line":149,"column":25},"end":{"line":149,"column":44}}}},"branchMap":{"0":{"loc":{"start":{"line":66,"column":4},"end":{"line":66,"column":69}},"type":"cond-expr","locations":[{"start":{"line":66,"column":27},"end":{"line":66,"column":53}},{"start":{"line":66,"column":56},"end":{"line":66,"column":69}}]},"1":{"loc":{"start":{"line":66,"column":4},"end":{"line":66,"column":24}},"type":"binary-expr","locations":[{"start":{"line":66,"column":4},"end":{"line":66,"column":12}},{"start":{"line":66,"column":16},"end":{"line":66,"column":24}}]},"2":{"loc":{"start":{"line":69,"column":6},"end":{"line":71,"column":34}},"type":"cond-expr","locations":[{"start":{"line":70,"column":10},"end":{"line":70,"column":36}},{"start":{"line":71,"column":10},"end":{"line":71,"column":34}}]},"3":{"loc":{"start":{"line":69,"column":6},"end":{"line":69,"column":26}},"type":"binary-expr","locations":[{"start":{"line":69,"column":6},"end":{"line":69,"column":14}},{"start":{"line":69,"column":18},"end":{"line":69,"column":26}}]}},"s":{"0":1,"1":1,"2":1,"3":1,"4":1,"5":1,"6":1,"7":1,"8":1,"9":24,"10":24,"11":1,"12":105,"13":24,"14":1,"15":8,"16":8,"17":24,"18":1,"19":4,"20":4,"21":4,"22":0,"23":4,"24":0,"25":1},"f":{"0":24,"1":105,"2":24,"3":8,"4":24,"5":4,"6":0,"7":0},"b":{"0":[8,16],"1":[24,16],"2":[8,16],"3":[24,24]}}
,"/Users/chamithmadusanka/Documents/Development/Projects/hris-hp/src/components/MenuBar/MobileMenu.tsx": {"path":"/Users/chamithmadusanka/Documents/Development/Projects/hris-hp/src/components/MenuBar/MobileMenu.tsx","statementMap":{"0":{"start":{"line":1,"column":0},"end":{"line":1,"column":39}},"1":{"start":{"line":2,"column":0},"end":{"line":2,"column":46}},"2":{"start":{"line":4,"column":19},"end":{"line":10,"column":3}},"3":{"start":{"line":4,"column":50},"end":{"line":10,"column":2}},"4":{"start":{"line":12,"column":0},"end":{"line":12,"column":26}}},"fnMap":{"0":{"name":"(anonymous_0)","decl":{"start":{"line":4,"column":34},"end":{"line":4,"column":35}},"loc":{"start":{"line":4,"column":50},"end":{"line":10,"column":2}}}},"branchMap":{},"s":{"0":1,"1":1,"2":1,"3":4,"4":1},"f":{"0":4},"b":{}}
,"/Users/chamithmadusanka/Documents/Development/Projects/hris-hp/src/features/employees/employeesApi.ts": {"path":"/Users/chamithmadusanka/Documents/Development/Projects/hris-hp/src/features/employees/employeesApi.ts","statementMap":{"0":{"start":{"line":1,"column":0},"end":{"line":1,"column":73}},"1":{"start":{"line":2,"column":0},"end":{"line":2,"column":46}},"2":{"start":{"line":5,"column":13},"end":{"line":66,"column":3}},"3":{"start":{"line":9,"column":27},"end":{"line":65,"column":4}},"4":{"start":{"line":15,"column":28},"end":{"line":19,"column":20}},"5":{"start":{"line":17,"column":57},"end":{"line":17,"column":77}},"6":{"start":{"line":20,"column":8},"end":{"line":20,"column":66}},"7":{"start":{"line":25,"column":28},"end":{"line":29,"column":8}},"8":{"start":{"line":33,"column":28},"end":{"line":37,"column":8}},"9":{"start":{"line":59,"column":22},"end":{"line":62,"column":8}},"10":{"start":{"line":69,"column":2},"end":{"line":73,"column":17}}},"fnMap":{"0":{"name":"(anonymous_0)","decl":{"start":{"line":9,"column":13},"end":{"line":9,"column":14}},"loc":{"start":{"line":9,"column":27},"end":{"line":65,"column":4}}},"1":{"name":"(anonymous_1)","decl":{"start":{"line":14,"column":13},"end":{"line":14,"column":14}},"loc":{"start":{"line":14,"column":72},"end":{"line":21,"column":7}}},"2":{"name":"(anonymous_2)","decl":{"start":{"line":17,"column":39},"end":{"line":17,"column":40}},"loc":{"start":{"line":17,"column":57},"end":{"line":17,"column":77}}},"3":{"name":"(anonymous_3)","decl":{"start":{"line":25,"column":13},"end":{"line":25,"column":14}},"loc":{"start":{"line":25,"column":28},"end":{"line":29,"column":8}}},"4":{"name":"(anonymous_4)","decl":{"start":{"line":33,"column":13},"end":{"line":33,"column":14}},"loc":{"start":{"line":33,"column":28},"end":{"line":37,"column":8}}},"5":{"name":"(anonymous_5)","decl":{"start":{"line":59,"column":13},"end":{"line":59,"column":14}},"loc":{"start":{"line":59,"column":22},"end":{"line":62,"column":8}}}},"branchMap":{"0":{"loc":{"start":{"line":14,"column":14},"end":{"line":14,"column":68}},"type":"default-arg","locations":[{"start":{"line":14,"column":66},"end":{"line":14,"column":68}}]},"1":{"loc":{"start":{"line":20,"column":27},"end":{"line":20,"column":63}},"type":"cond-expr","locations":[{"start":{"line":20,"column":41},"end":{"line":20,"column":58}},{"start":{"line":20,"column":61},"end":{"line":20,"column":63}}]}},"s":{"0":2,"1":2,"2":2,"3":2,"4":0,"5":0,"6":0,"7":0,"8":0,"9":0,"10":2},"f":{"0":2,"1":0,"2":0,"3":0,"4":0,"5":0},"b":{"0":[0],"1":[0,0]}}
,"/Users/chamithmadusanka/Documents/Development/Projects/hris-hp/src/features/employees/types.ts": {"path":"/Users/chamithmadusanka/Documents/Development/Projects/hris-hp/src/features/employees/types.ts","statementMap":{"0":{"start":{"line":1,"column":0},"end":{"line":1,"column":null}},"1":{"start":{"line":2,"column":2},"end":{"line":2,"column":null}},"2":{"start":{"line":3,"column":2},"end":{"line":3,"column":null}},"3":{"start":{"line":4,"column":2},"end":{"line":4,"column":null}},"4":{"start":{"line":5,"column":2},"end":{"line":5,"column":null}},"5":{"start":{"line":6,"column":2},"end":{"line":6,"column":null}},"6":{"start":{"line":7,"column":2},"end":{"line":7,"column":null}},"7":{"start":{"line":10,"column":0},"end":{"line":10,"column":null}},"8":{"start":{"line":11,"column":2},"end":{"line":11,"column":null}},"9":{"start":{"line":12,"column":2},"end":{"line":12,"column":null}},"10":{"start":{"line":13,"column":2},"end":{"line":13,"column":null}},"11":{"start":{"line":14,"column":2},"end":{"line":14,"column":null}},"12":{"start":{"line":15,"column":2},"end":{"line":15,"column":null}},"13":{"start":{"line":16,"column":2},"end":{"line":16,"column":null}},"14":{"start":{"line":17,"column":2},"end":{"line":17,"column":null}},"15":{"start":{"line":18,"column":2},"end":{"line":18,"column":null}},"16":{"start":{"line":19,"column":2},"end":{"line":19,"column":null}},"17":{"start":{"line":20,"column":2},"end":{"line":20,"column":null}}},"fnMap":{"0":{"name":"(anonymous_0)","decl":{"start":{"line":1,"column":0},"end":{"line":1,"column":12}},"loc":{"start":{"line":1,"column":26},"end":{"line":8,"column":1}}},"1":{"name":"(anonymous_1)","decl":{"start":{"line":10,"column":0},"end":{"line":10,"column":12}},"loc":{"start":{"line":10,"column":22},"end":{"line":21,"column":1}}}},"branchMap":{"0":{"loc":{"start":{"line":1,"column":12},"end":{"line":1,"column":null}},"type":"binary-expr","locations":[{"start":{"line":1,"column":12},"end":{"line":1,"column":26}},{"start":{"line":1,"column":26},"end":{"line":1,"column":null}}]},"1":{"loc":{"start":{"line":10,"column":12},"end":{"line":10,"column":null}},"type":"binary-expr","locations":[{"start":{"line":10,"column":12},"end":{"line":10,"column":22}},{"start":{"line":10,"column":22},"end":{"line":10,"column":null}}]}},"s":{"0":2,"1":2,"2":2,"3":2,"4":2,"5":2,"6":2,"7":2,"8":2,"9":2,"10":2,"11":2,"12":2,"13":2,"14":2,"15":2,"16":2,"17":2},"f":{"0":2,"1":2},"b":{"0":[2,2],"1":[2,2]}}
,"/Users/chamithmadusanka/Documents/Development/Projects/hris-hp/src/features/employees/validationSchema.ts": {"path":"/Users/chamithmadusanka/Documents/Development/Projects/hris-hp/src/features/employees/validationSchema.ts","statementMap":{"0":{"start":{"line":1,"column":0},"end":{"line":1,"column":27}},"1":{"start":{"line":2,"column":0},"end":{"line":2,"column":41}},"2":{"start":{"line":4,"column":13},"end":{"line":27,"column":3}}},"fnMap":{},"branchMap":{},"s":{"0":1,"1":1,"2":1},"f":{},"b":{}}
,"/Users/chamithmadusanka/Documents/Development/Projects/hris-hp/src/features/employees/components/EmployeeForm.tsx": {"path":"/Users/chamithmadusanka/Documents/Development/Projects/hris-hp/src/features/employees/components/EmployeeForm.tsx","statementMap":{"0":{"start":{"line":1,"column":0},"end":{"line":1,"column":null}},"1":{"start":{"line":13,"column":0},"end":{"line":13,"column":42}},"2":{"start":{"line":14,"column":0},"end":{"line":14,"column":59}},"3":{"start":{"line":23,"column":60},"end":{"line":96,"column":1}},"4":{"start":{"line":29,"column":16},"end":{"line":29,"column":26}},"5":{"start":{"line":31,"column":4},"end":{"line":31,"column":47}},"6":{"start":{"line":33,"column":2},"end":{"line":95,"column":4}},"7":{"start":{"line":88,"column":23},"end":{"line":88,"column":66}},"8":{"start":{"line":88,"column":42},"end":{"line":88,"column":65}},"9":{"start":{"line":23,"column":13},"end":{"line":23,"column":60}},"10":{"start":{"line":98,"column":0},"end":{"line":98,"column":28}}},"fnMap":{"0":{"name":"(anonymous_0)","decl":{"start":{"line":23,"column":60},"end":{"line":23,"column":61}},"loc":{"start":{"line":28,"column":5},"end":{"line":96,"column":1}}},"1":{"name":"(anonymous_1)","decl":{"start":{"line":88,"column":17},"end":{"line":88,"column":20}},"loc":{"start":{"line":88,"column":23},"end":{"line":88,"column":66}}},"2":{"name":"(anonymous_2)","decl":{"start":{"line":88,"column":35},"end":{"line":88,"column":36}},"loc":{"start":{"line":88,"column":42},"end":{"line":88,"column":65}}}},"branchMap":{"0":{"loc":{"start":{"line":26,"column":2},"end":{"line":26,"column":14}},"type":"default-arg","locations":[{"start":{"line":26,"column":9},"end":{"line":26,"column":14}}]},"1":{"loc":{"start":{"line":27,"column":2},"end":{"line":27,"column":18}},"type":"default-arg","locations":[{"start":{"line":27,"column":16},"end":{"line":27,"column":18}}]},"2":{"loc":{"start":{"line":60,"column":13},"end":{"line":60,"column":68}},"type":"cond-expr","locations":[{"start":{"line":60,"column":30},"end":{"line":60,"column":48}},{"start":{"line":60,"column":51},"end":{"line":60,"column":68}}]},"3":{"loc":{"start":{"line":77,"column":24},"end":{"line":77,"column":46}},"type":"binary-expr","locations":[{"start":{"line":77,"column":24},"end":{"line":77,"column":32}},{"start":{"line":77,"column":36},"end":{"line":77,"column":46}}]},"4":{"loc":{"start":{"line":79,"column":15},"end":{"line":79,"column":66}},"type":"cond-expr","locations":[{"start":{"line":79,"column":32},"end":{"line":79,"column":46}},{"start":{"line":79,"column":49},"end":{"line":79,"column":66}}]}},"s":{"0":1,"1":1,"2":1,"3":1,"4":11,"5":11,"6":11,"7":0,"8":0,"9":1,"10":1},"f":{"0":11,"1":0,"2":0},"b":{"0":[0],"1":[0],"2":[5,6],"3":[11,11],"4":[5,6]}}
,"/Users/chamithmadusanka/Documents/Development/Projects/hris-hp/src/features/employees/components/EmployeesTable.tsx": {"path":"/Users/chamithmadusanka/Documents/Development/Projects/hris-hp/src/features/employees/components/EmployeesTable.tsx","statementMap":{"0":{"start":{"line":1,"column":0},"end":{"line":1,"column":52}},"1":{"start":{"line":2,"column":0},"end":{"line":2,"column":48}},"2":{"start":{"line":3,"column":0},"end":{"line":3,"column":46}},"3":{"start":{"line":4,"column":0},"end":{"line":4,"column":44}},"4":{"start":{"line":5,"column":0},"end":{"line":5,"column":null}},"5":{"start":{"line":18,"column":0},"end":{"line":18,"column":44}},"6":{"start":{"line":19,"column":0},"end":{"line":19,"column":53}},"7":{"start":{"line":20,"column":0},"end":{"line":20,"column":56}},"8":{"start":{"line":23,"column":19},"end":{"line":23,"column":57}},"9":{"start":{"line":24,"column":0},"end":{"line":30,"column":3}},"10":{"start":{"line":39,"column":61},"end":{"line":218,"column":1}},"11":{"start":{"line":45,"column":18},"end":{"line":45,"column":43}},"12":{"start":{"line":46,"column":20},"end":{"line":46,"column":74}},"13":{"start":{"line":46,"column":35},"end":{"line":46,"column":68}},"14":{"start":{"line":47,"column":19},"end":{"line":47,"column":32}},"15":{"start":{"line":48,"column":16},"end":{"line":48,"column":26}},"16":{"start":{"line":50,"column":20},"end":{"line":57,"column":4}},"17":{"start":{"line":59,"column":29},"end":{"line":101,"column":8}},"18":{"start":{"line":60,"column":19},"end":{"line":60,"column":31}},"19":{"start":{"line":61,"column":16},"end":{"line":61,"column":18}},"20":{"start":{"line":62,"column":26},"end":{"line":62,"column":28}},"21":{"start":{"line":63,"column":4},"end":{"line":87,"column":5}},"22":{"start":{"line":65,"column":8},"end":{"line":65,"column":24}},"23":{"start":{"line":66,"column":8},"end":{"line":66,"column":34}},"24":{"start":{"line":67,"column":8},"end":{"line":67,"column":14}},"25":{"start":{"line":69,"column":8},"end":{"line":69,"column":24}},"26":{"start":{"line":70,"column":8},"end":{"line":70,"column":33}},"27":{"start":{"line":71,"column":8},"end":{"line":71,"column":14}},"28":{"start":{"line":73,"column":8},"end":{"line":73,"column":24}},"29":{"start":{"line":74,"column":8},"end":{"line":74,"column":32}},"30":{"start":{"line":75,"column":8},"end":{"line":75,"column":14}},"31":{"start":{"line":77,"column":8},"end":{"line":77,"column":24}},"32":{"start":{"line":78,"column":8},"end":{"line":78,"column":35}},"33":{"start":{"line":79,"column":8},"end":{"line":79,"column":14}},"34":{"start":{"line":81,"column":8},"end":{"line":81,"column":24}},"35":{"start":{"line":82,"column":8},"end":{"line":82,"column":35}},"36":{"start":{"line":83,"column":8},"end":{"line":83,"column":14}},"37":{"start":{"line":85,"column":8},"end":{"line":85,"column":24}},"38":{"start":{"line":86,"column":8},"end":{"line":86,"column":33}},"39":{"start":{"line":89,"column":4},"end":{"line":100,"column":6}},"40":{"start":{"line":103,"column":29},"end":{"line":129,"column":null}},"41":{"start":{"line":105,"column":6},"end":{"line":127,"column":8}},"42":{"start":{"line":117,"column":27},"end":{"line":117,"column":53}},"43":{"start":{"line":124,"column":27},"end":{"line":124,"column":57}},"44":{"start":{"line":132,"column":21},"end":{"line":162,"column":null}},"45":{"start":{"line":133,"column":10},"end":{"line":161,"column":null}},"46":{"start":{"line":165,"column":24},"end":{"line":171,"column":8}},"47":{"start":{"line":166,"column":4},"end":{"line":170,"column":6}},"48":{"start":{"line":173,"column":28},"end":{"line":195,"column":8}},"49":{"start":{"line":174,"column":22},"end":{"line":174,"column":78}},"50":{"start":{"line":175,"column":26},"end":{"line":175,"column":28}},"51":{"start":{"line":176,"column":26},"end":{"line":176,"column":28}},"52":{"start":{"line":177,"column":25},"end":{"line":177,"column":26}},"53":{"start":{"line":178,"column":23},"end":{"line":178,"column":46}},"54":{"start":{"line":179,"column":4},"end":{"line":189,"column":5}},"55":{"start":{"line":180,"column":6},"end":{"line":188,"column":7}},"56":{"start":{"line":180,"column":19},"end":{"line":180,"column":20}},"57":{"start":{"line":181,"column":23},"end":{"line":181,"column":36}},"58":{"start":{"line":182,"column":8},"end":{"line":182,"column":47}},"59":{"start":{"line":183,"column":8},"end":{"line":187,"column":9}},"60":{"start":{"line":184,"column":10},"end":{"line":184,"column":48}},"61":{"start":{"line":186,"column":10},"end":{"line":186,"column":48}},"62":{"start":{"line":190,"column":4},"end":{"line":190,"column":54}},"63":{"start":{"line":191,"column":4},"end":{"line":191,"column":55}},"64":{"start":{"line":192,"column":4},"end":{"line":194,"column":11}},"65":{"start":{"line":193,"column":6},"end":{"line":193,"column":36}},"66":{"start":{"line":197,"column":30},"end":{"line":199,"column":8}},"67":{"start":{"line":198,"column":4},"end":{"line":198,"column":34}},"68":{"start":{"line":201,"column":2},"end":{"line":217,"column":4}},"69":{"start":{"line":206,"column":29},"end":{"line":206,"column":58}},"70":{"start":{"line":39,"column":13},"end":{"line":39,"column":61}}},"fnMap":{"0":{"name":"(anonymous_1)","decl":{"start":{"line":39,"column":61},"end":{"line":39,"column":62}},"loc":{"start":{"line":44,"column":5},"end":{"line":218,"column":1}}},"1":{"name":"(anonymous_2)","decl":{"start":{"line":46,"column":28},"end":{"line":46,"column":31}},"loc":{"start":{"line":46,"column":35},"end":{"line":46,"column":68}}},"2":{"name":"(anonymous_3)","decl":{"start":{"line":59,"column":41},"end":{"line":59,"column":42}},"loc":{"start":{"line":59,"column":71},"end":{"line":101,"column":3}}},"3":{"name":"(anonymous_4)","decl":{"start":{"line":104,"column":4},"end":{"line":104,"column":5}},"loc":{"start":{"line":104,"column":35},"end":{"line":128,"column":5}}},"4":{"name":"(anonymous_5)","decl":{"start":{"line":117,"column":21},"end":{"line":117,"column":24}},"loc":{"start":{"line":117,"column":27},"end":{"line":117,"column":53}}},"5":{"name":"(anonymous_6)","decl":{"start":{"line":124,"column":21},"end":{"line":124,"column":24}},"loc":{"start":{"line":124,"column":27},"end":{"line":124,"column":57}}},"6":{"name":"(anonymous_7)","decl":{"start":{"line":133,"column":4},"end":{"line":133,"column":7}},"loc":{"start":{"line":133,"column":10},"end":{"line":161,"column":null}}},"7":{"name":"(anonymous_8)","decl":{"start":{"line":165,"column":40},"end":{"line":165,"column":43}},"loc":{"start":{"line":165,"column":45},"end":{"line":171,"column":3}}},"8":{"name":"(anonymous_9)","decl":{"start":{"line":173,"column":40},"end":{"line":173,"column":41}},"loc":{"start":{"line":173,"column":73},"end":{"line":195,"column":3}}},"9":{"name":"(anonymous_10)","decl":{"start":{"line":192,"column":22},"end":{"line":192,"column":25}},"loc":{"start":{"line":192,"column":27},"end":{"line":194,"column":5}}},"10":{"name":"(anonymous_11)","decl":{"start":{"line":197,"column":42},"end":{"line":197,"column":43}},"loc":{"start":{"line":197,"column":77},"end":{"line":199,"column":3}}},"11":{"name":"(anonymous_12)","decl":{"start":{"line":206,"column":22},"end":{"line":206,"column":23}},"loc":{"start":{"line":206,"column":29},"end":{"line":206,"column":58}}}},"branchMap":{"0":{"loc":{"start":{"line":63,"column":4},"end":{"line":87,"column":5}},"type":"switch","locations":[{"start":{"line":64,"column":6},"end":{"line":67,"column":14}},{"start":{"line":68,"column":6},"end":{"line":71,"column":14}},{"start":{"line":72,"column":6},"end":{"line":75,"column":14}},{"start":{"line":76,"column":6},"end":{"line":79,"column":14}},{"start":{"line":80,"column":6},"end":{"line":83,"column":14}},{"start":{"line":84,"column":6},"end":{"line":86,"column":33}}]},"1":{"loc":{"start":{"line":117,"column":27},"end":{"line":117,"column":53}},"type":"cond-expr","locations":[{"start":{"line":117,"column":38},"end":{"line":117,"column":41}},{"start":{"line":117,"column":27},"end":{"line":117,"column":53}}]},"2":{"loc":{"start":{"line":117,"column":27},"end":{"line":117,"column":41}},"type":"binary-expr","locations":[{"start":{"line":117,"column":27},"end":{"line":117,"column":41}},{"start":{"line":117,"column":27},"end":{"line":117,"column":41}}]},"3":{"loc":{"start":{"line":124,"column":27},"end":{"line":124,"column":57}},"type":"cond-expr","locations":[{"start":{"line":124,"column":39},"end":{"line":124,"column":42}},{"start":{"line":124,"column":27},"end":{"line":124,"column":57}}]},"4":{"loc":{"start":{"line":124,"column":27},"end":{"line":124,"column":42}},"type":"binary-expr","locations":[{"start":{"line":124,"column":27},"end":{"line":124,"column":42}},{"start":{"line":124,"column":27},"end":{"line":124,"column":42}}]},"5":{"loc":{"start":{"line":179,"column":4},"end":{"line":189,"column":5}},"type":"if","locations":[{"start":{"line":179,"column":4},"end":{"line":189,"column":5}}]},"6":{"loc":{"start":{"line":179,"column":8},"end":{"line":179,"column":43}},"type":"binary-expr","locations":[{"start":{"line":179,"column":8},"end":{"line":179,"column":18}},{"start":{"line":179,"column":22},"end":{"line":179,"column":43}}]},"7":{"loc":{"start":{"line":183,"column":8},"end":{"line":187,"column":9}},"type":"if","locations":[{"start":{"line":183,"column":8},"end":{"line":187,"column":9}},{"start":{"line":185,"column":15},"end":{"line":187,"column":9}}]},"8":{"loc":{"start":{"line":214,"column":15},"end":{"line":214,"column":55}},"type":"cond-expr","locations":[{"start":{"line":214,"column":33},"end":{"line":214,"column":42}},{"start":{"line":214,"column":45},"end":{"line":214,"column":55}}]}},"s":{"0":1,"1":1,"2":1,"3":1,"4":1,"5":1,"6":1,"7":1,"8":1,"9":1,"10":1,"11":3,"12":3,"13":3,"14":3,"15":3,"16":3,"17":3,"18":6,"19":6,"20":6,"21":6,"22":3,"23":3,"24":3,"25":3,"26":3,"27":3,"28":0,"29":0,"30":0,"31":0,"32":0,"33":0,"34":0,"35":0,"36":0,"37":0,"38":0,"39":6,"40":3,"41":6,"42":1,"43":1,"44":3,"45":3,"46":3,"47":3,"48":3,"49":0,"50":0,"51":0,"52":0,"53":0,"54":0,"55":0,"56":0,"57":0,"58":0,"59":0,"60":0,"61":0,"62":0,"63":0,"64":0,"65":0,"66":3,"67":0,"68":3,"69":0,"70":1},"f":{"0":3,"1":3,"2":6,"3":6,"4":1,"5":1,"6":3,"7":3,"8":0,"9":0,"10":0,"11":0},"b":{"0":[3,3,0,0,0,0],"1":[0,1],"2":[1,1],"3":[0,1],"4":[1,1],"5":[0],"6":[0,0],"7":[0,0],"8":[0,3]}}
,"/Users/chamithmadusanka/Documents/Development/Projects/hris-hp/src/features/employees/components/FormFields.tsx": {"path":"/Users/chamithmadusanka/Documents/Development/Projects/hris-hp/src/features/employees/components/FormFields.tsx","statementMap":{"0":{"start":{"line":1,"column":0},"end":{"line":1,"column":null}},"1":{"start":{"line":9,"column":0},"end":{"line":9,"column":64}},"2":{"start":{"line":16,"column":26},"end":{"line":49,"column":1}},"3":{"start":{"line":17,"column":2},"end":{"line":48,"column":4}},"4":{"start":{"line":16,"column":13},"end":{"line":16,"column":26}},"5":{"start":{"line":51,"column":24},"end":{"line":78,"column":1}},"6":{"start":{"line":62,"column":14},"end":{"line":62,"column":34}},"7":{"start":{"line":63,"column":2},"end":{"line":77,"column":4}},"8":{"start":{"line":80,"column":33},"end":{"line":117,"column":1}},"9":{"start":{"line":91,"column":14},"end":{"line":91,"column":34}},"10":{"start":{"line":92,"column":2},"end":{"line":116,"column":4}},"11":{"start":{"line":107,"column":10},"end":{"line":107,"column":33}},"12":{"start":{"line":80,"column":13},"end":{"line":80,"column":33}}},"fnMap":{"0":{"name":"(anonymous_0)","decl":{"start":{"line":16,"column":26},"end":{"line":16,"column":27}},"loc":{"start":{"line":16,"column":58},"end":{"line":49,"column":1}}},"1":{"name":"(anonymous_1)","decl":{"start":{"line":51,"column":24},"end":{"line":51,"column":25}},"loc":{"start":{"line":61,"column":5},"end":{"line":78,"column":1}}},"2":{"name":"(anonymous_2)","decl":{"start":{"line":80,"column":33},"end":{"line":80,"column":34}},"loc":{"start":{"line":90,"column":5},"end":{"line":117,"column":1}}},"3":{"name":"(anonymous_3)","decl":{"start":{"line":106,"column":36},"end":{"line":106,"column":37}},"loc":{"start":{"line":107,"column":10},"end":{"line":107,"column":33}}}},"branchMap":{"0":{"loc":{"start":{"line":54,"column":2},"end":{"line":54,"column":15}},"type":"default-arg","locations":[{"start":{"line":54,"column":9},"end":{"line":54,"column":15}}]},"1":{"loc":{"start":{"line":71,"column":23},"end":{"line":71,"column":69}},"type":"cond-expr","locations":[{"start":{"line":71,"column":41},"end":{"line":71,"column":57}},{"start":{"line":71,"column":60},"end":{"line":71,"column":69}}]},"2":{"loc":{"start":{"line":74,"column":13},"end":{"line":74,"column":75}},"type":"binary-expr","locations":[{"start":{"line":74,"column":13},"end":{"line":74,"column":38}},{"start":{"line":74,"column":42},"end":{"line":74,"column":75}}]},"3":{"loc":{"start":{"line":75,"column":18},"end":{"line":75,"column":71}},"type":"binary-expr","locations":[{"start":{"line":75,"column":18},"end":{"line":75,"column":43}},{"start":{"line":75,"column":47},"end":{"line":75,"column":71}}]},"4":{"loc":{"start":{"line":96,"column":13},"end":{"line":96,"column":63}},"type":"binary-expr","locations":[{"start":{"line":96,"column":13},"end":{"line":96,"column":32}},{"start":{"line":96,"column":36},"end":{"line":96,"column":63}}]},"5":{"loc":{"start":{"line":113,"column":9},"end":{"line":113,"column":50}},"type":"binary-expr","locations":[{"start":{"line":113,"column":9},"end":{"line":113,"column":28}},{"start":{"line":113,"column":32},"end":{"line":113,"column":50}}]}},"s":{"0":1,"1":1,"2":1,"3":11,"4":1,"5":1,"6":66,"7":66,"8":1,"9":22,"10":22,"11":176,"12":1},"f":{"0":11,"1":66,"2":22,"3":176},"b":{"0":[44],"1":[11,55],"2":[66,12],"3":[66,12],"4":[22,4],"5":[22,4]}}
,"/Users/chamithmadusanka/Documents/Development/Projects/hris-hp/src/features/employees/hooks/useEmployeeForm.ts": {"path":"/Users/chamithmadusanka/Documents/Development/Projects/hris-hp/src/features/employees/hooks/useEmployeeForm.ts","statementMap":{"0":{"start":{"line":1,"column":0},"end":{"line":1,"column":35}},"1":{"start":{"line":2,"column":0},"end":{"line":2,"column":33}},"2":{"start":{"line":3,"column":0},"end":{"line":3,"column":53}},"3":{"start":{"line":4,"column":0},"end":{"line":4,"column":52}},"4":{"start":{"line":5,"column":0},"end":{"line":5,"column":null}},"5":{"start":{"line":12,"column":31},"end":{"line":89,"column":1}},"6":{"start":{"line":17,"column":49},"end":{"line":17,"column":73}},"7":{"start":{"line":19,"column":4},"end":{"line":19,"column":31}},"8":{"start":{"line":20,"column":34},"end":{"line":24,"column":4}},"9":{"start":{"line":26,"column":17},"end":{"line":73,"column":4}},"10":{"start":{"line":40,"column":31},"end":{"line":72,"column":null}},"11":{"start":{"line":41,"column":6},"end":{"line":71,"column":7}},"12":{"start":{"line":42,"column":8},"end":{"line":60,"column":9}},"13":{"start":{"line":43,"column":30},"end":{"line":45,"column":null}},"14":{"start":{"line":47,"column":10},"end":{"line":47,"column":53}},"15":{"start":{"line":48,"column":10},"end":{"line":52,"column":13}},"16":{"start":{"line":54,"column":10},"end":{"line":54,"column":71}},"17":{"start":{"line":55,"column":10},"end":{"line":59,"column":13}},"18":{"start":{"line":61,"column":8},"end":{"line":61,"column":18}},"19":{"start":{"line":63,"column":8},"end":{"line":67,"column":11}},"20":{"start":{"line":68,"column":8},"end":{"line":70,"column":10}},"21":{"start":{"line":76,"column":17},"end":{"line":76,"column":56}},"22":{"start":{"line":77,"column":22},"end":{"line":77,"column":42}},"23":{"start":{"line":78,"column":20},"end":{"line":78,"column":37}},"24":{"start":{"line":79,"column":4},"end":{"line":79,"column":63}},"25":{"start":{"line":82,"column":2},"end":{"line":88,"column":4}},"26":{"start":{"line":12,"column":13},"end":{"line":12,"column":31}}},"fnMap":{"0":{"name":"(anonymous_7)","decl":{"start":{"line":12,"column":31},"end":{"line":12,"column":null}},"loc":{"start":{"line":16,"column":4},"end":{"line":89,"column":1}}},"1":{"name":"(anonymous_8)","decl":{"start":{"line":40,"column":14},"end":{"line":40,"column":21}},"loc":{"start":{"line":40,"column":31},"end":{"line":72,"column":null}}},"2":{"name":"(anonymous_9)","decl":{"start":{"line":40,"column":31},"end":{"line":40,"column":null}},"loc":{"start":{"line":40,"column":31},"end":{"line":72,"column":5}}},"3":{"name":"generateShortIdFromDate","decl":{"start":{"line":75,"column":11},"end":{"line":75,"column":34}},"loc":{"start":{"line":75,"column":45},"end":{"line":80,"column":3}}}},"branchMap":{"0":{"loc":{"start":{"line":28,"column":12},"end":{"line":28,"column":34}},"type":"binary-expr","locations":[{"start":{"line":28,"column":12},"end":{"line":28,"column":28}},{"start":{"line":28,"column":32},"end":{"line":28,"column":34}}]},"1":{"loc":{"start":{"line":29,"column":13},"end":{"line":29,"column":36}},"type":"binary-expr","locations":[{"start":{"line":29,"column":13},"end":{"line":29,"column":30}},{"start":{"line":29,"column":34},"end":{"line":29,"column":36}}]},"2":{"loc":{"start":{"line":30,"column":16},"end":{"line":30,"column":42}},"type":"binary-expr","locations":[{"start":{"line":30,"column":16},"end":{"line":30,"column":36}},{"start":{"line":30,"column":40},"end":{"line":30,"column":42}}]},"3":{"loc":{"start":{"line":31,"column":18},"end":{"line":31,"column":46}},"type":"binary-expr","locations":[{"start":{"line":31,"column":18},"end":{"line":31,"column":40}},{"start":{"line":31,"column":44},"end":{"line":31,"column":46}}]},"4":{"loc":{"start":{"line":32,"column":16},"end":{"line":32,"column":42}},"type":"binary-expr","locations":[{"start":{"line":32,"column":16},"end":{"line":32,"column":36}},{"start":{"line":32,"column":40},"end":{"line":32,"column":42}}]},"5":{"loc":{"start":{"line":33,"column":14},"end":{"line":33,"column":59}},"type":"binary-expr","locations":[{"start":{"line":33,"column":14},"end":{"line":33,"column":32}},{"start":{"line":33,"column":36},"end":{"line":33,"column":59}}]},"6":{"loc":{"start":{"line":34,"column":11},"end":{"line":34,"column":31}},"type":"binary-expr","locations":[{"start":{"line":34,"column":11},"end":{"line":34,"column":26}},{"start":{"line":34,"column":30},"end":{"line":34,"column":31}}]},"7":{"loc":{"start":{"line":35,"column":15},"end":{"line":35,"column":40}},"type":"binary-expr","locations":[{"start":{"line":35,"column":15},"end":{"line":35,"column":34}},{"start":{"line":35,"column":38},"end":{"line":35,"column":40}}]},"8":{"loc":{"start":{"line":36,"column":10},"end":{"line":36,"column":30}},"type":"binary-expr","locations":[{"start":{"line":36,"column":10},"end":{"line":36,"column":24}},{"start":{"line":36,"column":28},"end":{"line":36,"column":30}}]},"9":{"loc":{"start":{"line":42,"column":8},"end":{"line":60,"column":9}},"type":"if","locations":[{"start":{"line":42,"column":8},"end":{"line":60,"column":9}},{"start":{"line":53,"column":15},"end":{"line":60,"column":9}}]},"10":{"loc":{"start":{"line":65,"column":50},"end":{"line":65,"column":106}},"type":"cond-expr","locations":[{"start":{"line":65,"column":75},"end":{"line":65,"column":88}},{"start":{"line":65,"column":91},"end":{"line":65,"column":106}}]},"11":{"loc":{"start":{"line":69,"column":41},"end":{"line":69,"column":97}},"type":"cond-expr","locations":[{"start":{"line":69,"column":66},"end":{"line":69,"column":79}},{"start":{"line":69,"column":82},"end":{"line":69,"column":97}}]}},"s":{"0":1,"1":1,"2":1,"3":1,"4":1,"5":1,"6":11,"7":11,"8":11,"9":11,"10":1,"11":1,"12":1,"13":0,"14":0,"15":0,"16":1,"17":0,"18":0,"19":1,"20":1,"21":0,"22":0,"23":0,"24":0,"25":11,"26":1},"f":{"0":11,"1":1,"2":1,"3":0},"b":{"0":[11,5],"1":[11,5],"2":[11,5],"3":[11,5],"4":[11,5],"5":[11,5],"6":[11,5],"7":[11,5],"8":[11,7],"9":[0,1],"10":[1,0],"11":[1,0]}}
,"/Users/chamithmadusanka/Documents/Development/Projects/hris-hp/src/features/statistics/index.ts": {"path":"/Users/chamithmadusanka/Documents/Development/Projects/hris-hp/src/features/statistics/index.ts","statementMap":{"0":{"start":{"line":1,"column":0},"end":{"line":1,"column":38}},"1":{"start":{"line":2,"column":0},"end":{"line":2,"column":39}},"2":{"start":{"line":3,"column":0},"end":{"line":3,"column":38}},"3":{"start":{"line":4,"column":0},"end":{"line":4,"column":41}}},"fnMap":{},"branchMap":{},"s":{"0":0,"1":0,"2":0,"3":0},"f":{},"b":{}}
,"/Users/chamithmadusanka/Documents/Development/Projects/hris-hp/src/features/statistics/components/BarChart.tsx": {"path":"/Users/chamithmadusanka/Documents/Development/Projects/hris-hp/src/features/statistics/components/BarChart.tsx","statementMap":{"0":{"start":{"line":1,"column":0},"end":{"line":1,"column":46}},"1":{"start":{"line":2,"column":0},"end":{"line":2,"column":50}},"2":{"start":{"line":3,"column":0},"end":{"line":3,"column":41}},"3":{"start":{"line":4,"column":0},"end":{"line":4,"column":36}},"4":{"start":{"line":5,"column":0},"end":{"line":5,"column":46}},"5":{"start":{"line":6,"column":0},"end":{"line":6,"column":53}},"6":{"start":{"line":7,"column":0},"end":{"line":7,"column":34}},"7":{"start":{"line":8,"column":0},"end":{"line":8,"column":39}},"8":{"start":{"line":10,"column":0},"end":{"line":10,"column":45}},"9":{"start":{"line":16,"column":76},"end":{"line":161,"column":1}},"10":{"start":{"line":21,"column":16},"end":{"line":21,"column":26}},"11":{"start":{"line":22,"column":40},"end":{"line":27,"column":17}},"12":{"start":{"line":29,"column":41},"end":{"line":29,"column":51}},"13":{"start":{"line":30,"column":20},"end":{"line":30,"column":46}},"14":{"start":{"line":32,"column":17},"end":{"line":39,"column":null}},"15":{"start":{"line":33,"column":11},"end":{"line":38,"column":6}},"16":{"start":{"line":42,"column":17},"end":{"line":49,"column":null}},"17":{"start":{"line":44,"column":6},"end":{"line":48,"column":8}},"18":{"start":{"line":45,"column":54},"end":{"line":45,"column":66}},"19":{"start":{"line":52,"column":17},"end":{"line":61,"column":null}},"20":{"start":{"line":54,"column":6},"end":{"line":60,"column":8}},"21":{"start":{"line":57,"column":60},"end":{"line":57,"column":67}},"22":{"start":{"line":64,"column":20},"end":{"line":71,"column":4}},"23":{"start":{"line":67,"column":27},"end":{"line":70,"column":6}},"24":{"start":{"line":73,"column":2},"end":{"line":160,"column":4}},"25":{"start":{"line":81,"column":34},"end":{"line":84,"column":null}},"26":{"start":{"line":92,"column":34},"end":{"line":97,"column":null}},"27":{"start":{"line":101,"column":49},"end":{"line":127,"column":12}},"28":{"start":{"line":111,"column":30},"end":{"line":111,"column":47}},"29":{"start":{"line":112,"column":16},"end":{"line":112,"column":35}},"30":{"start":{"line":112,"column":28},"end":{"line":112,"column":35}},"31":{"start":{"line":113,"column":16},"end":{"line":118,"column":19}},"32":{"start":{"line":120,"column":34},"end":{"line":120,"column":54}},"33":{"start":{"line":163,"column":46},"end":{"line":173,"column":1}},"34":{"start":{"line":164,"column":2},"end":{"line":172,"column":4}},"35":{"start":{"line":168,"column":10},"end":{"line":168,"column":75}},"36":{"start":{"line":163,"column":13},"end":{"line":163,"column":46}}},"fnMap":{"0":{"name":"(anonymous_6)","decl":{"start":{"line":16,"column":76},"end":{"line":16,"column":77}},"loc":{"start":{"line":20,"column":5},"end":{"line":161,"column":1}}},"1":{"name":"(anonymous_7)","decl":{"start":{"line":33,"column":4},"end":{"line":33,"column":7}},"loc":{"start":{"line":33,"column":11},"end":{"line":38,"column":6}}},"2":{"name":"(anonymous_8)","decl":{"start":{"line":43,"column":4},"end":{"line":43,"column":7}},"loc":{"start":{"line":44,"column":6},"end":{"line":48,"column":8}}},"3":{"name":"(anonymous_9)","decl":{"start":{"line":45,"column":47},"end":{"line":45,"column":48}},"loc":{"start":{"line":45,"column":54},"end":{"line":45,"column":66}}},"4":{"name":"(anonymous_10)","decl":{"start":{"line":53,"column":4},"end":{"line":53,"column":7}},"loc":{"start":{"line":54,"column":6},"end":{"line":60,"column":8}}},"5":{"name":"(anonymous_11)","decl":{"start":{"line":57,"column":53},"end":{"line":57,"column":54}},"loc":{"start":{"line":57,"column":60},"end":{"line":57,"column":67}}},"6":{"name":"(anonymous_12)","decl":{"start":{"line":67,"column":20},"end":{"line":67,"column":23}},"loc":{"start":{"line":67,"column":27},"end":{"line":70,"column":6}}},"7":{"name":"(anonymous_13)","decl":{"start":{"line":81,"column":28},"end":{"line":81,"column":31}},"loc":{"start":{"line":81,"column":34},"end":{"line":84,"column":null}}},"8":{"name":"(anonymous_14)","decl":{"start":{"line":92,"column":28},"end":{"line":92,"column":31}},"loc":{"start":{"line":92,"column":34},"end":{"line":97,"column":null}}},"9":{"name":"(anonymous_15)","decl":{"start":{"line":101,"column":42},"end":{"line":101,"column":43}},"loc":{"start":{"line":101,"column":48},"end":{"line":127,"column":12}}},"10":{"name":"(anonymous_16)","decl":{"start":{"line":110,"column":27},"end":{"line":110,"column":28}},"loc":{"start":{"line":110,"column":37},"end":{"line":119,"column":15}}},"11":{"name":"(anonymous_17)","decl":{"start":{"line":120,"column":28},"end":{"line":120,"column":31}},"loc":{"start":{"line":120,"column":34},"end":{"line":120,"column":54}}},"12":{"name":"(anonymous_18)","decl":{"start":{"line":163,"column":46},"end":{"line":163,"column":47}},"loc":{"start":{"line":163,"column":64},"end":{"line":173,"column":1}}},"13":{"name":"(anonymous_19)","decl":{"start":{"line":167,"column":9},"end":{"line":167,"column":10}},"loc":{"start":{"line":168,"column":10},"end":{"line":168,"column":75}}}},"branchMap":{"0":{"loc":{"start":{"line":104,"column":17},"end":{"line":104,"column":42}},"type":"cond-expr","locations":[{"start":{"line":104,"column":37},"end":{"line":104,"column":41}},{"start":{"line":104,"column":41},"end":{"line":104,"column":42}}]},"1":{"loc":{"start":{"line":104,"column":17},"end":{"line":104,"column":41}},"type":"binary-expr","locations":[{"start":{"line":104,"column":17},"end":{"line":104,"column":41}},{"start":{"line":104,"column":37},"end":{"line":104,"column":41}}]},"2":{"loc":{"start":{"line":112,"column":16},"end":{"line":112,"column":35}},"type":"if","locations":[{"start":{"line":112,"column":16},"end":{"line":112,"column":35}}]},"3":{"loc":{"start":{"line":124,"column":25},"end":{"line":124,"column":75}},"type":"cond-expr","locations":[{"start":{"line":124,"column":68},"end":{"line":124,"column":71}},{"start":{"line":124,"column":74},"end":{"line":124,"column":75}}]},"4":{"loc":{"start":{"line":124,"column":25},"end":{"line":124,"column":48}},"type":"cond-expr","locations":[{"start":{"line":124,"column":36},"end":{"line":124,"column":38}},{"start":{"line":124,"column":25},"end":{"line":124,"column":48}}]},"5":{"loc":{"start":{"line":124,"column":25},"end":{"line":124,"column":38}},"type":"binary-expr","locations":[{"start":{"line":124,"column":25},"end":{"line":124,"column":38}},{"start":{"line":124,"column":25},"end":{"line":124,"column":38}}]},"6":{"loc":{"start":{"line":131,"column":7},"end":{"line":157,"column":null}},"type":"binary-expr","locations":[{"start":{"line":131,"column":7},"end":{"line":131,"column":18}},{"start":{"line":132,"column":8},"end":{"line":156,"column":null}}]}},"s":{"0":0,"1":0,"2":0,"3":0,"4":0,"5":0,"6":0,"7":0,"8":0,"9":0,"10":0,"11":0,"12":0,"13":0,"14":0,"15":0,"16":0,"17":0,"18":0,"19":0,"20":0,"21":0,"22":0,"23":0,"24":0,"25":0,"26":0,"27":0,"28":0,"29":0,"30":0,"31":0,"32":0,"33":0,"34":0,"35":0,"36":0},"f":{"0":0,"1":0,"2":0,"3":0,"4":0,"5":0,"6":0,"7":0,"8":0,"9":0,"10":0,"11":0,"12":0,"13":0},"b":{"0":[0,0],"1":[0,0],"2":[0],"3":[0,0],"4":[0,0],"5":[0,0],"6":[0,0]}}
,"/Users/chamithmadusanka/Documents/Development/Projects/hris-hp/src/features/statistics/components/ChartSection.tsx": {"path":"/Users/chamithmadusanka/Documents/Development/Projects/hris-hp/src/features/statistics/components/ChartSection.tsx","statementMap":{"0":{"start":{"line":1,"column":0},"end":{"line":1,"column":70}},"1":{"start":{"line":2,"column":0},"end":{"line":2,"column":48}},"2":{"start":{"line":9,"column":57},"end":{"line":41,"column":1}},"3":{"start":{"line":13,"column":16},"end":{"line":13,"column":26}},"4":{"start":{"line":14,"column":2},"end":{"line":40,"column":4}},"5":{"start":{"line":9,"column":13},"end":{"line":9,"column":57}}},"fnMap":{"0":{"name":"(anonymous_0)","decl":{"start":{"line":9,"column":57},"end":{"line":9,"column":58}},"loc":{"start":{"line":12,"column":5},"end":{"line":41,"column":1}}}},"branchMap":{},"s":{"0":0,"1":0,"2":0,"3":0,"4":0,"5":0},"f":{"0":0},"b":{}}
,"/Users/chamithmadusanka/Documents/Development/Projects/hris-hp/src/features/statistics/components/LineChart.tsx": {"path":"/Users/chamithmadusanka/Documents/Development/Projects/hris-hp/src/features/statistics/components/LineChart.tsx","statementMap":{"0":{"start":{"line":1,"column":0},"end":{"line":1,"column":46}},"1":{"start":{"line":2,"column":0},"end":{"line":2,"column":50}},"2":{"start":{"line":3,"column":0},"end":{"line":3,"column":45}},"3":{"start":{"line":4,"column":0},"end":{"line":4,"column":36}},"4":{"start":{"line":5,"column":0},"end":{"line":5,"column":46}},"5":{"start":{"line":6,"column":0},"end":{"line":6,"column":53}},"6":{"start":{"line":7,"column":0},"end":{"line":7,"column":39}},"7":{"start":{"line":9,"column":0},"end":{"line":9,"column":45}},"8":{"start":{"line":17,"column":28},"end":{"line":97,"column":1}},"9":{"start":{"line":18,"column":16},"end":{"line":18,"column":26}},"10":{"start":{"line":19,"column":40},"end":{"line":19,"column":50}},"11":{"start":{"line":20,"column":20},"end":{"line":20,"column":46}},"12":{"start":{"line":22,"column":17},"end":{"line":22,"column":61}},"13":{"start":{"line":24,"column":2},"end":{"line":26,"column":3}},"14":{"start":{"line":25,"column":4},"end":{"line":25,"column":16}},"15":{"start":{"line":28,"column":17},"end":{"line":38,"column":4}},"16":{"start":{"line":31,"column":57},"end":{"line":31,"column":73}},"17":{"start":{"line":34,"column":57},"end":{"line":34,"column":73}},"18":{"start":{"line":40,"column":17},"end":{"line":43,"column":4}},"19":{"start":{"line":41,"column":65},"end":{"line":41,"column":72}},"20":{"start":{"line":45,"column":2},"end":{"line":96,"column":4}},"21":{"start":{"line":53,"column":33},"end":{"line":58,"column":12}},"22":{"start":{"line":72,"column":33},"end":{"line":77,"column":12}},"23":{"start":{"line":88,"column":20},"end":{"line":88,"column":34}},"24":{"start":{"line":89,"column":20},"end":{"line":89,"column":35}},"25":{"start":{"line":103,"column":25},"end":{"line":117,"column":1}},"26":{"start":{"line":104,"column":2},"end":{"line":116,"column":4}},"27":{"start":{"line":108,"column":10},"end":{"line":111,"column":null}},"28":{"start":{"line":103,"column":13},"end":{"line":103,"column":25}}},"fnMap":{"0":{"name":"(anonymous_0)","decl":{"start":{"line":17,"column":28},"end":{"line":17,"column":29}},"loc":{"start":{"line":17,"column":76},"end":{"line":97,"column":1}}},"1":{"name":"(anonymous_1)","decl":{"start":{"line":31,"column":50},"end":{"line":31,"column":51}},"loc":{"start":{"line":31,"column":57},"end":{"line":31,"column":73}}},"2":{"name":"(anonymous_2)","decl":{"start":{"line":34,"column":50},"end":{"line":34,"column":51}},"loc":{"start":{"line":34,"column":57},"end":{"line":34,"column":73}}},"3":{"name":"(anonymous_3)","decl":{"start":{"line":41,"column":58},"end":{"line":41,"column":59}},"loc":{"start":{"line":41,"column":65},"end":{"line":41,"column":72}}},"4":{"name":"(anonymous_4)","decl":{"start":{"line":53,"column":26},"end":{"line":53,"column":29}},"loc":{"start":{"line":53,"column":33},"end":{"line":58,"column":12}}},"5":{"name":"(anonymous_5)","decl":{"start":{"line":72,"column":26},"end":{"line":72,"column":29}},"loc":{"start":{"line":72,"column":33},"end":{"line":77,"column":12}}},"6":{"name":"(anonymous_6)","decl":{"start":{"line":88,"column":13},"end":{"line":88,"column":14}},"loc":{"start":{"line":88,"column":20},"end":{"line":88,"column":34}}},"7":{"name":"(anonymous_7)","decl":{"start":{"line":89,"column":13},"end":{"line":89,"column":14}},"loc":{"start":{"line":89,"column":20},"end":{"line":89,"column":35}}},"8":{"name":"(anonymous_8)","decl":{"start":{"line":103,"column":25},"end":{"line":103,"column":26}},"loc":{"start":{"line":103,"column":59},"end":{"line":117,"column":1}}},"9":{"name":"(anonymous_9)","decl":{"start":{"line":107,"column":9},"end":{"line":107,"column":10}},"loc":{"start":{"line":108,"column":10},"end":{"line":111,"column":null}}}},"branchMap":{"0":{"loc":{"start":{"line":24,"column":2},"end":{"line":26,"column":3}},"type":"if","locations":[{"start":{"line":24,"column":2},"end":{"line":26,"column":3}}]}},"s":{"0":0,"1":0,"2":0,"3":0,"4":0,"5":0,"6":0,"7":0,"8":0,"9":0,"10":0,"11":0,"12":0,"13":0,"14":0,"15":0,"16":0,"17":0,"18":0,"19":0,"20":0,"21":0,"22":0,"23":0,"24":0,"25":0,"26":0,"27":0,"28":0},"f":{"0":0,"1":0,"2":0,"3":0,"4":0,"5":0,"6":0,"7":0,"8":0,"9":0},"b":{"0":[0]}}
,"/Users/chamithmadusanka/Documents/Development/Projects/hris-hp/src/features/statistics/components/PieChart.tsx": {"path":"/Users/chamithmadusanka/Documents/Development/Projects/hris-hp/src/features/statistics/components/PieChart.tsx","statementMap":{"0":{"start":{"line":1,"column":0},"end":{"line":1,"column":46}},"1":{"start":{"line":2,"column":0},"end":{"line":2,"column":41}},"2":{"start":{"line":3,"column":0},"end":{"line":3,"column":36}},"3":{"start":{"line":4,"column":0},"end":{"line":4,"column":45}},"4":{"start":{"line":5,"column":0},"end":{"line":5,"column":46}},"5":{"start":{"line":6,"column":0},"end":{"line":6,"column":43}},"6":{"start":{"line":7,"column":0},"end":{"line":7,"column":34}},"7":{"start":{"line":8,"column":0},"end":{"line":8,"column":43}},"8":{"start":{"line":10,"column":0},"end":{"line":10,"column":45}},"9":{"start":{"line":22,"column":22},"end":{"line":115,"column":1}},"10":{"start":{"line":23,"column":16},"end":{"line":23,"column":26}},"11":{"start":{"line":24,"column":37},"end":{"line":24,"column":47}},"12":{"start":{"line":26,"column":4},"end":{"line":26,"column":51}},"13":{"start":{"line":28,"column":17},"end":{"line":28,"column":44}},"14":{"start":{"line":30,"column":21},"end":{"line":33,"column":4}},"15":{"start":{"line":31,"column":46},"end":{"line":31,"column":54}},"16":{"start":{"line":35,"column":2},"end":{"line":114,"column":4}},"17":{"start":{"line":46,"column":29},"end":{"line":46,"column":36}},"18":{"start":{"line":53,"column":14},"end":{"line":72,"column":16}},"19":{"start":{"line":54,"column":16},"end":{"line":55,"column":null}},"20":{"start":{"line":57,"column":34},"end":{"line":57,"column":51}},"21":{"start":{"line":58,"column":20},"end":{"line":62,"column":23}},"22":{"start":{"line":64,"column":38},"end":{"line":64,"column":51}},"23":{"start":{"line":117,"column":24},"end":{"line":127,"column":1}},"24":{"start":{"line":118,"column":2},"end":{"line":126,"column":4}},"25":{"start":{"line":122,"column":10},"end":{"line":122,"column":79}},"26":{"start":{"line":117,"column":13},"end":{"line":117,"column":24}}},"fnMap":{"0":{"name":"(anonymous_0)","decl":{"start":{"line":22,"column":22},"end":{"line":22,"column":23}},"loc":{"start":{"line":22,"column":75},"end":{"line":115,"column":1}}},"1":{"name":"(anonymous_1)","decl":{"start":{"line":31,"column":39},"end":{"line":31,"column":40}},"loc":{"start":{"line":31,"column":46},"end":{"line":31,"column":54}}},"2":{"name":"(anonymous_2)","decl":{"start":{"line":46,"column":22},"end":{"line":46,"column":23}},"loc":{"start":{"line":46,"column":29},"end":{"line":46,"column":36}}},"3":{"name":"(anonymous_3)","decl":{"start":{"line":52,"column":13},"end":{"line":52,"column":14}},"loc":{"start":{"line":53,"column":14},"end":{"line":72,"column":16}}},"4":{"name":"(anonymous_4)","decl":{"start":{"line":53,"column":27},"end":{"line":53,"column":28}},"loc":{"start":{"line":54,"column":16},"end":{"line":55,"column":null}}},"5":{"name":"(anonymous_5)","decl":{"start":{"line":56,"column":32},"end":{"line":56,"column":33}},"loc":{"start":{"line":56,"column":42},"end":{"line":63,"column":19}}},"6":{"name":"(anonymous_6)","decl":{"start":{"line":64,"column":32},"end":{"line":64,"column":35}},"loc":{"start":{"line":64,"column":38},"end":{"line":64,"column":51}}},"7":{"name":"(anonymous_7)","decl":{"start":{"line":117,"column":24},"end":{"line":117,"column":25}},"loc":{"start":{"line":117,"column":57},"end":{"line":127,"column":1}}},"8":{"name":"(anonymous_8)","decl":{"start":{"line":121,"column":9},"end":{"line":121,"column":10}},"loc":{"start":{"line":122,"column":10},"end":{"line":122,"column":79}}}},"branchMap":{"0":{"loc":{"start":{"line":60,"column":35},"end":{"line":60,"column":43}},"type":"cond-expr","locations":[{"start":{"line":60,"column":40},"end":{"line":60,"column":42}},{"start":{"line":60,"column":35},"end":{"line":60,"column":43}}]},"1":{"loc":{"start":{"line":60,"column":35},"end":{"line":60,"column":42}},"type":"binary-expr","locations":[{"start":{"line":60,"column":35},"end":{"line":60,"column":42}},{"start":{"line":60,"column":35},"end":{"line":60,"column":42}}]},"2":{"loc":{"start":{"line":61,"column":34},"end":{"line":61,"column":42}},"type":"cond-expr","locations":[{"start":{"line":61,"column":39},"end":{"line":61,"column":41}},{"start":{"line":61,"column":34},"end":{"line":61,"column":42}}]},"3":{"loc":{"start":{"line":61,"column":34},"end":{"line":61,"column":41}},"type":"binary-expr","locations":[{"start":{"line":61,"column":34},"end":{"line":61,"column":41}},{"start":{"line":61,"column":34},"end":{"line":61,"column":41}}]},"4":{"loc":{"start":{"line":67,"column":23},"end":{"line":67,"column":42}},"type":"binary-expr","locations":[{"start":{"line":67,"column":23},"end":{"line":67,"column":36}},{"start":{"line":67,"column":40},"end":{"line":67,"column":42}}]},"5":{"loc":{"start":{"line":68,"column":37},"end":{"line":68,"column":58}},"type":"binary-expr","locations":[{"start":{"line":68,"column":37},"end":{"line":68,"column":52}},{"start":{"line":68,"column":56},"end":{"line":68,"column":58}}]},"6":{"loc":{"start":{"line":78,"column":7},"end":{"line":99,"column":null}},"type":"binary-expr","locations":[{"start":{"line":78,"column":7},"end":{"line":78,"column":18}},{"start":{"line":79,"column":8},"end":{"line":98,"column":null}}]}},"s":{"0":0,"1":0,"2":0,"3":0,"4":0,"5":0,"6":0,"7":0,"8":0,"9":0,"10":0,"11":0,"12":0,"13":0,"14":0,"15":0,"16":0,"17":0,"18":0,"19":0,"20":0,"21":0,"22":0,"23":0,"24":0,"25":0,"26":0},"f":{"0":0,"1":0,"2":0,"3":0,"4":0,"5":0,"6":0,"7":0,"8":0},"b":{"0":[0,0],"1":[0,0],"2":[0,0],"3":[0,0],"4":[0,0],"5":[0,0],"6":[0,0]}}
,"/Users/chamithmadusanka/Documents/Development/Projects/hris-hp/src/features/statistics/components/ScatterPlot.tsx": {"path":"/Users/chamithmadusanka/Documents/Development/Projects/hris-hp/src/features/statistics/components/ScatterPlot.tsx","statementMap":{"0":{"start":{"line":1,"column":0},"end":{"line":1,"column":46}},"1":{"start":{"line":2,"column":0},"end":{"line":2,"column":50}},"2":{"start":{"line":3,"column":0},"end":{"line":3,"column":36}},"3":{"start":{"line":4,"column":0},"end":{"line":4,"column":46}},"4":{"start":{"line":5,"column":0},"end":{"line":5,"column":42}},"5":{"start":{"line":6,"column":0},"end":{"line":6,"column":37}},"6":{"start":{"line":8,"column":0},"end":{"line":8,"column":45}},"7":{"start":{"line":20,"column":30},"end":{"line":110,"column":1}},"8":{"start":{"line":24,"column":16},"end":{"line":24,"column":26}},"9":{"start":{"line":25,"column":29},"end":{"line":25,"column":39}},"10":{"start":{"line":26,"column":20},"end":{"line":26,"column":46}},"11":{"start":{"line":28,"column":17},"end":{"line":28,"column":61}},"12":{"start":{"line":30,"column":2},"end":{"line":30,"column":47}},"13":{"start":{"line":30,"column":35},"end":{"line":30,"column":47}},"14":{"start":{"line":32,"column":17},"end":{"line":35,"column":4}},"15":{"start":{"line":33,"column":55},"end":{"line":33,"column":60}},"16":{"start":{"line":37,"column":17},"end":{"line":40,"column":4}},"17":{"start":{"line":38,"column":54},"end":{"line":38,"column":70}},"18":{"start":{"line":42,"column":19},"end":{"line":51,"column":3}},"19":{"start":{"line":43,"column":19},"end":{"line":49,"column":6}},"20":{"start":{"line":50,"column":4},"end":{"line":50,"column":71}},"21":{"start":{"line":53,"column":2},"end":{"line":109,"column":4}},"22":{"start":{"line":61,"column":33},"end":{"line":66,"column":12}},"23":{"start":{"line":80,"column":33},"end":{"line":85,"column":12}},"24":{"start":{"line":95,"column":10},"end":{"line":96,"column":null}},"25":{"start":{"line":112,"column":27},"end":{"line":126,"column":1}},"26":{"start":{"line":113,"column":2},"end":{"line":125,"column":4}},"27":{"start":{"line":117,"column":10},"end":{"line":120,"column":null}},"28":{"start":{"line":112,"column":13},"end":{"line":112,"column":27}}},"fnMap":{"0":{"name":"(anonymous_0)","decl":{"start":{"line":20,"column":30},"end":{"line":20,"column":31}},"loc":{"start":{"line":23,"column":33},"end":{"line":110,"column":1}}},"1":{"name":"(anonymous_1)","decl":{"start":{"line":33,"column":48},"end":{"line":33,"column":49}},"loc":{"start":{"line":33,"column":55},"end":{"line":33,"column":60}}},"2":{"name":"(anonymous_2)","decl":{"start":{"line":38,"column":47},"end":{"line":38,"column":48}},"loc":{"start":{"line":38,"column":54},"end":{"line":38,"column":70}}},"3":{"name":"(anonymous_3)","decl":{"start":{"line":42,"column":19},"end":{"line":42,"column":20}},"loc":{"start":{"line":42,"column":42},"end":{"line":51,"column":3}}},"4":{"name":"(anonymous_4)","decl":{"start":{"line":61,"column":26},"end":{"line":61,"column":29}},"loc":{"start":{"line":61,"column":33},"end":{"line":66,"column":12}}},"5":{"name":"(anonymous_5)","decl":{"start":{"line":80,"column":26},"end":{"line":80,"column":29}},"loc":{"start":{"line":80,"column":33},"end":{"line":85,"column":12}}},"6":{"name":"(anonymous_6)","decl":{"start":{"line":94,"column":28},"end":{"line":94,"column":29}},"loc":{"start":{"line":95,"column":10},"end":{"line":96,"column":null}}},"7":{"name":"(anonymous_7)","decl":{"start":{"line":112,"column":27},"end":{"line":112,"column":28}},"loc":{"start":{"line":112,"column":63},"end":{"line":126,"column":1}}},"8":{"name":"(anonymous_8)","decl":{"start":{"line":116,"column":9},"end":{"line":116,"column":10}},"loc":{"start":{"line":117,"column":10},"end":{"line":120,"column":null}}}},"branchMap":{"0":{"loc":{"start":{"line":30,"column":2},"end":{"line":30,"column":47}},"type":"if","locations":[{"start":{"line":30,"column":2},"end":{"line":30,"column":47}}]},"1":{"loc":{"start":{"line":50,"column":11},"end":{"line":50,"column":70}},"type":"binary-expr","locations":[{"start":{"line":50,"column":11},"end":{"line":50,"column":52}},{"start":{"line":50,"column":56},"end":{"line":50,"column":70}}]}},"s":{"0":0,"1":0,"2":0,"3":0,"4":0,"5":0,"6":0,"7":0,"8":0,"9":0,"10":0,"11":0,"12":0,"13":0,"14":0,"15":0,"16":0,"17":0,"18":0,"19":0,"20":0,"21":0,"22":0,"23":0,"24":0,"25":0,"26":0,"27":0,"28":0},"f":{"0":0,"1":0,"2":0,"3":0,"4":0,"5":0,"6":0,"7":0,"8":0},"b":{"0":[0],"1":[0,0]}}
,"/Users/chamithmadusanka/Documents/Development/Projects/hris-hp/src/features/statistics/hooks/useStats.ts": {"path":"/Users/chamithmadusanka/Documents/Development/Projects/hris-hp/src/features/statistics/hooks/useStats.ts","statementMap":{"0":{"start":{"line":1,"column":0},"end":{"line":1,"column":32}},"1":{"start":{"line":2,"column":0},"end":{"line":2,"column":68}},"2":{"start":{"line":4,"column":24},"end":{"line":76,"column":1}},"3":{"start":{"line":5,"column":46},"end":{"line":5,"column":68}},"4":{"start":{"line":7,"column":37},"end":{"line":20,"column":17}},"5":{"start":{"line":8,"column":29},"end":{"line":13,"column":null}},"6":{"start":{"line":10,"column":8},"end":{"line":10,"column":61}},"7":{"start":{"line":11,"column":8},"end":{"line":11,"column":19}},"8":{"start":{"line":16,"column":4},"end":{"line":19,"column":8}},"9":{"start":{"line":16,"column":74},"end":{"line":19,"column":6}},"10":{"start":{"line":22,"column":33},"end":{"line":37,"column":17}},"11":{"start":{"line":23,"column":25},"end":{"line":28,"column":null}},"12":{"start":{"line":25,"column":8},"end":{"line":25,"column":53}},"13":{"start":{"line":26,"column":8},"end":{"line":26,"column":19}},"14":{"start":{"line":31,"column":17},"end":{"line":34,"column":7}},"15":{"start":{"line":31,"column":57},"end":{"line":34,"column":6}},"16":{"start":{"line":36,"column":4},"end":{"line":36,"column":16}},"17":{"start":{"line":39,"column":36},"end":{"line":52,"column":17}},"18":{"start":{"line":40,"column":24},"end":{"line":44,"column":10}},"19":{"start":{"line":41,"column":19},"end":{"line":41,"column":55}},"20":{"start":{"line":42,"column":6},"end":{"line":42,"column":39}},"21":{"start":{"line":43,"column":6},"end":{"line":43,"column":17}},"22":{"start":{"line":46,"column":17},"end":{"line":49,"column":7}},"23":{"start":{"line":46,"column":57},"end":{"line":49,"column":6}},"24":{"start":{"line":51,"column":4},"end":{"line":51,"column":16}},"25":{"start":{"line":54,"column":25},"end":{"line":66,"column":17}},"26":{"start":{"line":55,"column":18},"end":{"line":55,"column":28}},"27":{"start":{"line":56,"column":17},"end":{"line":63,"column":7}},"28":{"start":{"line":56,"column":41},"end":{"line":63,"column":6}},"29":{"start":{"line":65,"column":4},"end":{"line":65,"column":16}},"30":{"start":{"line":68,"column":2},"end":{"line":75,"column":4}},"31":{"start":{"line":4,"column":13},"end":{"line":4,"column":24}}},"fnMap":{"0":{"name":"(anonymous_0)","decl":{"start":{"line":4,"column":24},"end":{"line":4,"column":27}},"loc":{"start":{"line":4,"column":29},"end":{"line":76,"column":1}}},"1":{"name":"(anonymous_1)","decl":{"start":{"line":7,"column":45},"end":{"line":7,"column":48}},"loc":{"start":{"line":7,"column":50},"end":{"line":20,"column":3}}},"2":{"name":"(anonymous_2)","decl":{"start":{"line":9,"column":6},"end":{"line":9,"column":7}},"loc":{"start":{"line":9,"column":19},"end":{"line":12,"column":7}}},"3":{"name":"(anonymous_3)","decl":{"start":{"line":16,"column":48},"end":{"line":16,"column":49}},"loc":{"start":{"line":16,"column":74},"end":{"line":19,"column":6}}},"4":{"name":"(anonymous_4)","decl":{"start":{"line":22,"column":41},"end":{"line":22,"column":44}},"loc":{"start":{"line":22,"column":46},"end":{"line":37,"column":3}}},"5":{"name":"(anonymous_5)","decl":{"start":{"line":24,"column":6},"end":{"line":24,"column":7}},"loc":{"start":{"line":24,"column":19},"end":{"line":27,"column":7}}},"6":{"name":"(anonymous_6)","decl":{"start":{"line":31,"column":47},"end":{"line":31,"column":48}},"loc":{"start":{"line":31,"column":57},"end":{"line":34,"column":6}}},"7":{"name":"(anonymous_7)","decl":{"start":{"line":39,"column":44},"end":{"line":39,"column":47}},"loc":{"start":{"line":39,"column":49},"end":{"line":52,"column":3}}},
[...]
":null}},"10":{"start":{"line":25,"column":2},"end":{"line":34,"column":null}},"11":{"start":{"line":38,"column":25},"end":{"line":47,"column":null}},"12":{"start":{"line":39,"column":2},"end":{"line":46,"column":null}},"13":{"start":{"line":50,"column":22},"end":{"line":54,"column":null}},"14":{"start":{"line":51,"column":2},"end":{"line":53,"column":null}},"15":{"start":{"line":57,"column":25},"end":{"line":66,"column":1}},"16":{"start":{"line":58,"column":2},"end":{"line":65,"column":4}},"17":{"start":{"line":59,"column":11},"end":{"line":63,"column":6}},"18":{"start":{"line":61,"column":40},"end":{"line":61,"column":63}},"19":{"start":{"line":62,"column":41},"end":{"line":62,"column":66}},"20":{"start":{"line":68,"column":27},"end":{"line":79,"column":1}},"21":{"start":{"line":69,"column":2},"end":{"line":78,"column":4}},"22":{"start":{"line":71,"column":6},"end":{"line":76,"column":24}},"23":{"start":{"line":74,"column":12},"end":{"line":74,"column":75}},"24":{"start":{"line":81,"column":21},"end":{"line":126,"column":null}},"25":{"start":{"line":88,"column":2},"end":{"line":125,"column":null}},"26":{"start":{"line":129,"column":22},"end":{"line":155,"column":null}},"27":{"start":{"line":136,"column":2},"end":{"line":154,"column":null}},"28":{"start":{"line":158,"column":31},"end":{"line":179,"column":null}},"29":{"start":{"line":165,"column":2},"end":{"line":178,"column":null}},"30":{"start":{"line":182,"column":29},"end":{"line":204,"column":1}},"31":{"start":{"line":183,"column":46},"end":{"line":183,"column":70}},"32":{"start":{"line":184,"column":16},"end":{"line":184,"column":43}},"33":{"start":{"line":185,"column":26},"end":{"line":185,"column":55}},"34":{"start":{"line":187,"column":2},"end":{"line":203,"column":4}},"35":{"start":{"line":182,"column":13},"end":{"line":182,"column":29}},"36":{"start":{"line":206,"column":0},"end":{"line":206,"column":29}}},"fnMap":{"0":{"name":"(anonymous_1)","decl":{"start":{"line":24,"column":42},"end":{"line":24,"column":43}},"loc":{"start":{"line":25,"column":2},"end":{"line":34,"column":null}}},"1":{"name":"(anonymous_2)","decl":{"start":{"line":38,"column":25},"end":{"line":38,"column":28}},"loc":{"start":{"line":39,"column":2},"end":{"line":46,"column":null}}},"2":{"name":"(anonymous_3)","decl":{"start":{"line":50,"column":22},"end":{"line":50,"column":23}},"loc":{"start":{"line":51,"column":2},"end":{"line":53,"column":null}}},"3":{"name":"(anonymous_4)","decl":{"start":{"line":57,"column":25},"end":{"line":57,"column":26}},"loc":{"start":{"line":57,"column":67},"end":{"line":66,"column":1}}},"4":{"name":"(anonymous_5)","decl":{"start":{"line":59,"column":4},"end":{"line":59,"column":7}},"loc":{"start":{"line":59,"column":11},"end":{"line":63,"column":6}}},"5":{"name":"(anonymous_6)","decl":{"start":{"line":61,"column":31},"end":{"line":61,"column":32}},"loc":{"start":{"line":61,"column":40},"end":{"line":61,"column":63}}},"6":{"name":"(anonymous_7)","decl":{"start":{"line":62,"column":32},"end":{"line":62,"column":33}},"loc":{"start":{"line":62,"column":41},"end":{"line":62,"column":66}}},"7":{"name":"(anonymous_8)","decl":{"start":{"line":68,"column":27},"end":{"line":68,"column":28}},"loc":{"start":{"line":68,"column":65},"end":{"line":79,"column":1}}},"8":{"name":"(anonymous_9)","decl":{"start":{"line":70,"column":4},"end":{"line":70,"column":7}},"loc":{"start":{"line":71,"column":6},"end":{"line":76,"column":24}}},"9":{"name":"(anonymous_10)","decl":{"start":{"line":73,"column":10},"end":{"line":73,"column":11}},"loc":{"start":{"line":74,"column":12},"end":{"line":74,"column":75}}},"10":{"name":"(anonymous_11)","decl":{"start":{"line":81,"column":21},"end":{"line":81,"column":22}},"loc":{"start":{"line":88,"column":2},"end":{"line":125,"column":null}}},"11":{"name":"(anonymous_12)","decl":{"start":{"line":129,"column":22},"end":{"line":129,"column":23}},"loc":{"start":{"line":136,"column":2},"end":{"line":154,"column":null}}},"12":{"name":"(anonymous_13)","decl":{"start":{"line":158,"column":31},"end":{"line":158,"column":32}},"loc":{"start":{"line":165,"column":2},"end":{"line":178,"column":null}}},"13":{"name":"(anonymous_14)","decl":{"start":{"line":182,"column":29},"end":{"line":182,"column":32}},"loc":{"start":{"line":182,"column":34},"end":{"line":204,"column":1}}}},"branchMap":{"0":{"loc":{"start":{"line":68,"column":51},"end":{"line":68,"column":61}},"type":"default-arg","locations":[{"start":{"line":68,"column":59},"end":{"line":68,"column":61}}]},"1":{"loc":{"start":{"line":89,"column":5},"end":{"line":124,"column":null}},"type":"cond-expr","locations":[{"start":{"line":90,"column":6},"end":{"line":99,"column":null}},{"start":{"line":102,"column":6},"end":{"line":123,"column":null}}]},"2":{"loc":{"start":{"line":138,"column":7},"end":{"line":143,"column":null}},"type":"cond-expr","locations":[{"start":{"line":139,"column":8},"end":{"line":139,"column":38}},{"start":{"line":141,"column":8},"end":{"line":142,"column":null}}]},"3":{"loc":{"start":{"line":147,"column":7},"end":{"line":152,"column":null}},"type":"cond-expr","locations":[{"start":{"line":148,"column":8},"end":{"line":148,"column":38}},{"start":{"line":150,"column":8},"end":{"line":151,"column":null}}]},"4":{"loc":{"start":{"line":166,"column":5},"end":{"line":177,"column":null}},"type":"cond-expr","locations":[{"start":{"line":167,"column":6},"end":{"line":169,"column":null}},{"start":{"line":172,"column":6},"end":{"line":176,"column":null}}]},"5":{"loc":{"start":{"line":176,"column":35},"end":{"line":176,"column":50}},"type":"binary-expr","locations":[{"start":{"line":176,"column":35},"end":{"line":176,"column":44}},{"start":{"line":176,"column":48},"end":{"line":176,"column":50}}]},"6":{"loc":{"start":{"line":183,"column":16},"end":{"line":183,"column":30}},"type":"default-arg","locations":[{"start":{"line":183,"column":28},"end":{"line":183,"column":30}}]}},"s":{"0":0,"1":0,"2":0,"3":0,"4":0,"5":0,"6":0,"7":0,"8":0,"9":0,"10":0,"11":0,"12":0,"13":0,"14":0,"15":0,"16":0,"17":0,"18":0,"19":0,"20":0,"21":0,"22":0,"23":0,"24":0,"25":0,"26":0,"27":0,"28":0,"29":0,"30":0,"31":0,"32":0,"33":0,"34":0,"35":0,"36":0},"f":{"0":0,"1":0,"2":0,"3":0,"4":0,"5":0,"6":0,"7":0,"8":0,"9":0,"10":0,"11":0,"12":0,"13":0},"b":{"0":[0],"1":[0,0],"2":[0,0],"3":[0,0],"4":[0,0],"5":[0,0],"6":[0]}}
,"/Users/chamithmadusanka/Documents/Development/Projects/hris-hp/src/pages/EmployeesPage.tsx": {"path":"/Users/chamithmadusanka/Documents/Development/Projects/hris-hp/src/pages/EmployeesPage.tsx","statementMap":{"0":{"start":{"line":1,"column":0},"end":{"line":1,"column":45}},"1":{"start":{"line":2,"column":0},"end":{"line":2,"column":78}},"2":{"start":{"line":3,"column":0},"end":{"line":3,"column":57}},"3":{"start":{"line":4,"column":0},"end":{"line":4,"column":70}},"4":{"start":{"line":5,"column":0},"end":{"line":5,"column":54}},"5":{"start":{"line":6,"column":0},"end":{"line":6,"column":77}},"6":{"start":{"line":7,"column":0},"end":{"line":7,"column":81}},"7":{"start":{"line":8,"column":0},"end":{"line":8,"column":null}},"8":{"start":{"line":14,"column":26},"end":{"line":27,"column":null}},"9":{"start":{"line":15,"column":2},"end":{"line":26,"column":null}},"10":{"start":{"line":30,"column":22},"end":{"line":38,"column":null}},"11":{"start":{"line":31,"column":2},"end":{"line":37,"column":null}},"12":{"start":{"line":36,"column":6},"end":{"line":36,"column":28}},"13":{"start":{"line":41,"column":29},"end":{"line":184,"column":1}},"14":{"start":{"line":42,"column":40},"end":{"line":42,"column":55}},"15":{"start":{"line":43,"column":36},"end":{"line":43,"column":67}},"16":{"start":{"line":44,"column":48},"end":{"line":44,"column":79}},"17":{"start":{"line":45,"column":38},"end":{"line":45,"column":50}},"18":{"start":{"line":46,"column":42},"end":{"line":46,"column":57}},"19":{"start":{"line":47,"column":54},"end":{"line":48,"column":null}},"20":{"start":{"line":55,"column":6},"end":{"line":55,"column":45}},"21":{"start":{"line":57,"column":27},"end":{"line":57,"column":54}},"22":{"start":{"line":59,"column":26},"end":{"line":62,"column":8}},"23":{"start":{"line":60,"column":4},"end":{"line":60,"column":23}},"24":{"start":{"line":61,"column":4},"end":{"line":61,"column":25}},"25":{"start":{"line":64,"column":27},"end":{"line":67,"column":3}},"26":{"start":{"line":65,"column":4},"end":{"line":65,"column":26}},"27":{"start":{"line":66,"column":4},"end":{"line":66,"column":29}},"28":{"start":{"line":69,"column":23},"end":{"line":71,"column":3}},"29":{"start":{"line":70,"column":4},"end":{"line":70,"column":38}},"30":{"start":{"line":73,"column":27},"end":{"line":76,"column":8}},"31":{"start":{"line":74,"column":4},"end":{"line":74,"column":30}},"32":{"start":{"line":75,"column":4},"end":{"line":75,"column":26}},"33":{"start":{"line":78,"column":26},"end":{"line":83,"column":null}},"34":{"start":{"line":80,"column":6},"end":{"line":80,"column":30}},"35":{"start":{"line":81,"column":6},"end":{"line":81,"column":35}},"36":{"start":{"line":86,"column":28},"end":{"line":89,"column":3}},"37":{"start":{"line":87,"column":4},"end":{"line":87,"column":27}},"38":{"start":{"line":88,"column":4},"end":{"line":88,"column":32}},"39":{"start":{"line":91,"column":30},"end":{"line":96,"column":3}},"40":{"start":{"line":92,"column":4},"end":{"line":94,"column":5}},"41":{"start":{"line":93,"column":6},"end":{"line":93,"column":41}},"42":{"start":{"line":95,"column":4},"end":{"line":95,"column":24}},"43":{"start":{"line":98,"column":2},"end":{"line":100,"column":28}},"44":{"start":{"line":99,"column":4},"end":{"line":99,"column":14}},"45":{"start":{"line":102,"column":2},"end":{"line":183,"column":4}},"46":{"start":{"line":144,"column":35},"end":{"line":144,"column":57}},"47":{"start":{"line":41,"column":13},"end":{"line":41,"column":29}},"48":{"start":{"line":186,"column":0},"end":{"line":186,"column":29}}},"fnMap":{"0":{"name":"(anonymous_0)","decl":{"start":{"line":14,"column":26},"end":{"line":14,"column":29}},"loc":{"start":{"line":15,"column":2},"end":{"line":26,"column":null}}},"1":{"name":"(anonymous_1)","decl":{"start":{"line":30,"column":22},"end":{"line":30,"column":25}},"loc":{"start":{"line":31,"column":2},"end":{"line":37,"column":null}}},"2":{"name":"(anonymous_2)","decl":{"start":{"line":35,"column":23},"end":{"line":35,"column":24}},"loc":{"start":{"line":36,"column":6},"end":{"line":36,"column":28}}},"3":{"name":"(anonymous_3)","decl":{"start":{"line":41,"column":29},"end":{"line":41,"column":32}},"loc":{"start":{"line":41,"column":34},"end":{"line":184,"column":1}}},"4":{"name":"(anonymous_4)","decl":{"start":{"line":59,"column":38},"end":{"line":59,"column":39}},"loc":{"start":{"line":59,"column":63},"end":{"line":62,"column":3}}},"5":{"name":"(anonymous_5)","decl":{"start":{"line":64,"column":27},"end":{"line":64,"column":30}},"loc":{"start":{"line":64,"column":32},"end":{"line":67,"column":3}}},"6":{"name":"(anonymous_6)","decl":{"start":{"line":69,"column":23},"end":{"line":69,"column":24}},"loc":{"start":{"line":69,"column":70},"end":{"line":71,"column":3}}},"7":{"name":"(anonymous_7)","decl":{"start":{"line":73,"column":39},"end":{"line":73,"column":40}},"loc":{"start":{"line":73,"column":54},"end":{"line":76,"column":3}}},"8":{"name":"(anonymous_8)","decl":{"start":{"line":79,"column":4},"end":{"line":79,"column":5}},"loc":{"start":{"line":79,"column":27},"end":{"line":82,"column":5}}},"9":{"name":"(anonymous_9)","decl":{"start":{"line":86,"column":28},"end":{"line":86,"column":31}},"loc":{"start":{"line":86,"column":33},"end":{"line":89,"column":3}}},"10":{"name":"(anonymous_10)","decl":{"start":{"line":91,"column":30},"end":{"line":91,"column":33}},"loc":{"start":{"line":91,"column":35},"end":{"line":96,"column":3}}},"11":{"name":"(anonymous_11)","decl":{"start":{"line":98,"column":12},"end":{"line":98,"column":15}},"loc":{"start":{"line":98,"column":17},"end":{"line":100,"column":3}}},"12":{"name":"(anonymous_12)","decl":{"start":{"line":144,"column":29},"end":{"line":144,"column":32}},"loc":{"start":{"line":144,"column":35},"end":{"line":144,"column":57}}}},"branchMap":{"0":{"loc":{"start":{"line":92,"column":4},"end":{"line":94,"column":5}},"type":"if","locations":[{"start":{"line":92,"column":4},"end":{"line":94,"column":5}}]},"1":{"loc":{"start":{"line":110,"column":11},"end":{"line":150,"column":null}},"type":"cond-expr","locations":[{"start":{"line":111,"column":12},"end":{"line":111,"column":33}},{"start":{"line":113,"column":12},"end":{"line":149,"column":null}}]},"2":{"loc":{"start":{"line":154,"column":11},"end":{"line":162,"column":null}},"type":"cond-expr","locations":[{"start":{"line":155,"column":12},"end":{"line":155,"column":29}},{"start":{"line":157,"column":12},"end":{"line":161,"column":null}}]},"3":{"loc":{"start":{"line":170,"column":21},"end":{"line":170,"column":49}},"type":"binary-expr","locations":[{"start":{"line":170,"column":21},"end":{"line":170,"column":36}},{"start":{"line":170,"column":40},"end":{"line":170,"column":49}}]}},"s":{"0":0,"1":0,"2":0,"3":0,"4":0,"5":0,"6":0,"7":0,"8":0,"9":0,"10":0,"11":0,"12":0,"13":0,"14":0,"15":0,"16":0,"17":0,"18":0,"19":0,"20":0,"21":0,"22":0,"23":0,"24":0,"25":0,"26":0,"27":0,"28":0,"29":0,"30":0,"31":0,"32":0,"33":0,"34":0,"35":0,"36":0,"37":0,"38":0,"39":0,"40":0,"41":0,"42":0,"43":0,"44":0,"45":0,"46":0,"47":0,"48":0},"f":{"0":0,"1":0,"2":0,"3":0,"4":0,"5":0,"6":0,"7":0,"8":0,"9":0,"10":0,"11":0,"12":0},"b":{"0":[0],"1":[0,0],"2":[0,0],"3":[0,0]}}
,"/Users/chamithmadusanka/Documents/Development/Projects/hris-hp/src/pages/NotFoundPage.tsx": {"path":"/Users/chamithmadusanka/Documents/Development/Projects/hris-hp/src/pages/NotFoundPage.tsx","statementMap":{"0":{"start":{"line":1,"column":0},"end":{"line":1,"column":56}},"1":{"start":{"line":2,"column":0},"end":{"line":2,"column":47}},"2":{"start":{"line":4,"column":21},"end":{"line":34,"column":1}},"3":{"start":{"line":5,"column":19},"end":{"line":5,"column":32}},"4":{"start":{"line":7,"column":23},"end":{"line":9,"column":3}},"5":{"start":{"line":8,"column":4},"end":{"line":8,"column":18}},"6":{"start":{"line":11,"column":2},"end":{"line":33,"column":4}},"7":{"start":{"line":36,"column":0},"end":{"line":36,"column":28}}},"fnMap":{"0":{"name":"(anonymous_0)","decl":{"start":{"line":4,"column":21},"end":{"line":4,"column":24}},"loc":{"start":{"line":4,"column":26},"end":{"line":34,"column":1}}},"1":{"name":"(anonymous_1)","decl":{"start":{"line":7,"column":23},"end":{"line":7,"column":26}},"loc":{"start":{"line":7,"column":28},"end":{"line":9,"column":3}}}},"branchMap":{},"s":{"0":0,"1":0,"2":0,"3":0,"4":0,"5":0,"6":0,"7":0},"f":{"0":0,"1":0},"b":{}}
,"/Users/chamithmadusanka/Documents/Development/Projects/hris-hp/src/pages/StatisticsPage.tsx": {"path":"/Users/chamithmadusanka/Documents/Development/Projects/hris-hp/src/pages/StatisticsPage.tsx","statementMap":{"0":{"start":{"line":1,"column":0},"end":{"line":1,"column":47}},"1":{"start":{"line":2,"column":0},"end":{"line":2,"column":54}},"2":{"start":{"line":3,"column":0},"end":{"line":3,"column":74}},"3":{"start":{"line":4,"column":0},"end":{"line":4,"column":null}},"4":{"start":{"line":10,"column":0},"end":{"line":10,"column":78}},"5":{"start":{"line":12,"column":21},"end":{"line":17,"column":2}},"6":{"start":{"line":19,"column":23},"end":{"line":41,"column":1}},"7":{"start":{"line":20,"column":46},"end":{"line":20,"column":77}},"8":{"start":{"line":22,"column":2},"end":{"line":40,"column":4}},"9":{"start":{"line":30,"column":10},"end":{"line":30,"column":36}},"10":{"start":{"line":43,"column":0},"end":{"line":43,"column":30}}},"fnMap":{"0":{"name":"(anonymous_0)","decl":{"start":{"line":19,"column":23},"end":{"line":19,"column":26}},"loc":{"start":{"line":19,"column":28},"end":{"line":41,"column":1}}},"1":{"name":"(anonymous_1)","decl":{"start":{"line":29,"column":26},"end":{"line":29,"column":27}},"loc":{"start":{"line":30,"column":10},"end":{"line":30,"column":36}}}},"branchMap":{"0":{"loc":{"start":{"line":20,"column":16},"end":{"line":20,"column":30}},"type":"default-arg","locations":[{"start":{"line":20,"column":28},"end":{"line":20,"column":30}}]},"1":{"loc":{"start":{"line":31,"column":13},"end":{"line":34,"column":null}},"type":"cond-expr","locations":[{"start":{"line":32,"column":14},"end":{"line":32,"column":74}},{"start":{"line":34,"column":14},"end":{"line":34,"column":49}}]}},"s":{"0":0,"1":0,"2":0,"3":0,"4":0,"5":0,"6":0,"7":0,"8":0,"9":0,"10":0},"f":{"0":0,"1":0},"b":{"0":[0],"1":[0,0]}}
,"/Users/chamithmadusanka/Documents/Development/Projects/hris-hp/src/pages/index.ts": {"path":"/Users/chamithmadusanka/Documents/Development/Projects/hris-hp/src/pages/index.ts","statementMap":{"0":{"start":{"line":1,"column":0},"end":{"line":1,"column":32}},"1":{"start":{"line":2,"column":0},"end":{"line":2,"column":33}},"2":{"start":{"line":3,"column":0},"end":{"line":3,"column":32}},"3":{"start":{"line":4,"column":0},"end":{"line":4,"column":31}}},"fnMap":{},"branchMap":{},"s":{"0":0,"1":0,"2":0,"3":0},"f":{},"b":{}}
,"/Users/chamithmadusanka/Documents/Development/Projects/hris-hp/src/store/index.ts": {"path":"/Users/chamithmadusanka/Documents/Development/Projects/hris-hp/src/store/index.ts","statementMap":{"0":{"start":{"line":1,"column":0},"end":{"line":1,"column":50}},"1":{"start":{"line":2,"column":0},"end":{"line":2,"column":56}},"2":{"start":{"line":3,"column":0},"end":{"line":3,"column":66}},"3":{"start":{"line":4,"column":0},"end":{"line":4,"column":40}},"4":{"start":{"line":6,"column":13},"end":{"line":13,"column":3}},"5":{"start":{"line":12,"column":4},"end":{"line":12,"column":58}},"6":{"start":{"line":15,"column":0},"end":{"line":15,"column":31}},"7":{"start":{"line":20,"column":0},"end":{"line":20,"column":21}}},"fnMap":{"0":{"name":"(anonymous_1)","decl":{"start":{"line":11,"column":14},"end":{"line":11,"column":15}},"loc":{"start":{"line":12,"column":4},"end":{"line":12,"column":58}}}},"branchMap":{},"s":{"0":2,"1":2,"2":2,"3":2,"4":2,"5":2,"6":2,"7":2},"f":{"0":2},"b":{}}
,"/Users/chamithmadusanka/Documents/Development/Projects/hris-hp/src/store/themeSlice.ts": {"path":"/Users/chamithmadusanka/Documents/Development/Projects/hris-hp/src/store/themeSlice.ts","statementMap":{"0":{"start":{"line":1,"column":0},"end":{"line":1,"column":47}},"1":{"start":{"line":2,"column":0},"end":{"line":2,"column":55}},"2":{"start":{"line":9,"column":33},"end":{"line":11,"column":2}},"3":{"start":{"line":13,"column":19},"end":{"line":21,"column":2}},"4":{"start":{"line":18,"column":6},"end":{"line":18,"column":34}},"5":{"start":{"line":23,"column":15},"end":{"line":23,"column":47}},"6":{"start":{"line":24,"column":0},"end":{"line":24,"column":34}},"7":{"start":{"line":26,"column":27},"end":{"line":34,"column":1}},"8":{"start":{"line":27,"column":19},"end":{"line":27,"column":32}},"9":{"start":{"line":28,"column":15},"end":{"line":28,"column":66}},"10":{"start":{"line":28,"column":49},"end":{"line":28,"column":65}},"11":{"start":{"line":30,"column":2},"end":{"line":33,"column":4}},"12":{"start":{"line":32,"column":54},"end":{"line":32,"column":79}},"13":{"start":{"line":26,"column":13},"end":{"line":26,"column":27}}},"fnMap":{"0":{"name":"(anonymous_0)","decl":{"start":{"line":17,"column":14},"end":{"line":17,"column":15}},"loc":{"start":{"line":17,"column":32},"end":{"line":19,"column":5}}},"1":{"name":"(anonymous_1)","decl":{"start":{"line":26,"column":27},"end":{"line":26,"column":30}},"loc":{"start":{"line":26,"column":32},"end":{"line":34,"column":1}}},"2":{"name":"(anonymous_2)","decl":{"start":{"line":28,"column":27},"end":{"line":28,"column":28}},"loc":{"start":{"line":28,"column":49},"end":{"line":28,"column":65}}},"3":{"name":"(anonymous_3)","decl":{"start":{"line":32,"column":14},"end":{"line":32,"column":15}},"loc":{"start":{"line":32,"column":54},"end":{"line":32,"column":79}}}},"branchMap":{},"s":{"0":2,"1":2,"2":2,"3":2,"4":0,"5":2,"6":2,"7":2,"8":11,"9":11,"10":22,"11":11,"12":0,"13":2},"f":{"0":0,"1":11,"2":22,"3":0},"b":{}}
}
