{"/Users/chamithmadusanka/Documents/Development/Projects/hris-hp/src/App.tsx": {"path":"/Users/chamithmadusanka/Documents/Development/Projects/hris-hp/src/App.tsx","statementMap":{"0":{"start":{"line":1,"column":0},"end":{"line":1,"column":53}},"1":{"start":{"line":2,"column":0},"end":{"line":2,"column":40}},"2":{"start":{"line":3,"column":0},"end":{"line":3,"column":74}},"3":{"start":{"line":4,"column":0},"end":{"line":4,"column":59}},"4":{"start":{"line":5,"column":0},"end":{"line":5,"column":50}},"5":{"start":{"line":6,"column":0},"end":{"line":6,"column":49}},"6":{"start":{"line":7,"column":0},"end":{"line":7,"column":48}},"7":{"start":{"line":8,"column":0},"end":{"line":8,"column":54}},"8":{"start":{"line":10,"column":26},"end":{"line":10,"column":75}},"9":{"start":{"line":10,"column":42},"end":{"line":10,"column":74}},"10":{"start":{"line":11,"column":26},"end":{"line":11,"column":75}},"11":{"start":{"line":11,"column":42},"end":{"line":11,"column":74}},"12":{"start":{"line":12,"column":27},"end":{"line":12,"column":77}},"13":{"start":{"line":12,"column":43},"end":{"line":12,"column":76}},"14":{"start":{"line":13,"column":25},"end":{"line":13,"column":73}},"15":{"start":{"line":13,"column":41},"end":{"line":13,"column":72}},"16":{"start":{"line":16,"column":29},"end":{"line":16,"column":42}},"17":{"start":{"line":18,"column":31},"end":{"line":31,"column":null}},"18":{"start":{"line":19,"column":4},"end":{"line":30,"column":null}},"19":{"start":{"line":34,"column":2},"end":{"line":53,"column":4}},"20":{"start":{"line":56,"column":0},"end":{"line":56,"column":19}}},"fnMap":{"0":{"name":"(anonymous_6)","decl":{"start":{"line":10,"column":37},"end":{"line":10,"column":40}},"loc":{"start":{"line":10,"column":42},"end":{"line":10,"column":74}}},"1":{"name":"(anonymous_7)","decl":{"start":{"line":10,"column":42},"end":{"line":10,"column":50}},"loc":{"start":{"line":10,"column":42},"end":{"line":10,"column":74}}},"2":{"name":"(anonymous_8)","decl":{"start":{"line":11,"column":37},"end":{"line":11,"column":40}},"loc":{"start":{"line":11,"column":42},"end":{"line":11,"column":74}}},"3":{"name":"(anonymous_9)","decl":{"start":{"line":11,"column":42},"end":{"line":11,"column":50}},"loc":{"start":{"line":11,"column":42},"end":{"line":11,"column":74}}},"4":{"name":"(anonymous_10)","decl":{"start":{"line":12,"column":38},"end":{"line":12,"column":41}},"loc":{"start":{"line":12,"column":43},"end":{"line":12,"column":76}}},"5":{"name":"(anonymous_11)","decl":{"start":{"line":12,"column":43},"end":{"line":12,"column":51}},"loc":{"start":{"line":12,"column":43},"end":{"line":12,"column":76}}},"6":{"name":"(anonymous_12)","decl":{"start":{"line":13,"column":36},"end":{"line":13,"column":39}},"loc":{"start":{"line":13,"column":41},"end":{"line":13,"column":72}}},"7":{"name":"(anonymous_13)","decl":{"start":{"line":13,"column":41},"end":{"line":13,"column":49}},"loc":{"start":{"line":13,"column":41},"end":{"line":13,"column":72}}},"8":{"name":"App","decl":{"start":{"line":15,"column":9},"end":{"line":15,"column":12}},"loc":{"start":{"line":15,"column":12},"end":{"line":54,"column":1}}},"9":{"name":"(anonymous_15)","decl":{"start":{"line":18,"column":31},"end":{"line":18,"column":34}},"loc":{"start":{"line":19,"column":4},"end":{"line":30,"column":null}}}},"branchMap":{"0":{"loc":{"start":{"line":35,"column":26},"end":{"line":35,"column":66}},"type":"cond-expr","locations":[{"start":{"line":35,"column":44},"end":{"line":35,"column":53}},{"start":{"line":35,"column":56},"end":{"line":35,"column":66}}]},"1":{"loc":{"start":{"line":37,"column":18},"end":{"line":37,"column":75}},"type":"cond-expr","locations":[{"start":{"line":37,"column":59},"end":{"line":37,"column":62}},{"start":{"line":37,"column":65},"end":{"line":37,"column":75}}]}},"s":{"0":0,"1":0,"2":0,"3":0,"4":0,"5":0,"6":0,"7":0,"8":0,"9":0,"10":0,"11":0,"12":0,"13":0,"14":0,"15":0,"16":0,"17":0,"18":0,"19":0,"20":0},"f":{"0":0,"1":0,"2":0,"3":0,"4":0,"5":0,"6":0,"7":0,"8":0,"9":0},"b":{"0":[0,0],"1":[0,0]}}
,"/Users/chamithmadusanka/Documents/Development/Projects/hris-hp/src/theme.ts": {"path":"/Users/chamithmadusanka/Documents/Development/Projects/hris-hp/src/theme.ts","statementMap":{"0":{"start":{"line":1,"column":0},"end":{"line":1,"column":44}},"1":{"start":{"line":3,"column":13},"end":{"line":23,"column":3}},"2":{"start":{"line":25,"column":13},"end":{"line":46,"column":3}}},"fnMap":{},"branchMap":{},"s":{"0":0,"1":0,"2":0},"f":{},"b":{}}
,"/Users/chamithmadusanka/Documents/Development/Projects/hris-hp/src/components/Breadcrumb.tsx": {"path":"/Users/chamithmadusanka/Documents/Development/Projects/hris-hp/src/components/Breadcrumb.tsx","statementMap":{"0":{"start":{"line":2,"column":0},"end":{"line":2,"column":62}},"1":{"start":{"line":3,"column":0},"end":{"line":3,"column":48}},"2":{"start":{"line":14,"column":53},"end":{"line":37,"column":1}},"3":{"start":{"line":15,"column":2},"end":{"line":36,"column":4}},"4":{"start":{"line":18,"column":8},"end":{"line":32,"column":null}},"5":{"start":{"line":14,"column":13},"end":{"line":14,"column":53}}},"fnMap":{"0":{"name":"(anonymous_1)","decl":{"start":{"line":14,"column":53},"end":{"line":14,"column":54}},"loc":{"start":{"line":14,"column":73},"end":{"line":37,"column":1}}},"1":{"name":"(anonymous_2)","decl":{"start":{"line":17,"column":23},"end":{"line":17,"column":24}},"loc":{"start":{"line":18,"column":8},"end":{"line":32,"column":null}}}},"branchMap":{"0":{"loc":{"start":{"line":18,"column":8},"end":{"line":32,"column":null}},"type":"cond-expr","locations":[{"start":{"line":19,"column":10},"end":{"line":20,"column":null}},{"start":{"line":30,"column":10},"end":{"line":30,"column":34}}]},"1":{"loc":{"start":{"line":26,"column":13},"end":{"line":26,"column":76}},"type":"binary-expr","locations":[{"start":{"line":26,"column":13},"end":{"line":26,"column":24}},{"start":{"line":26,"column":28},"end":{"line":26,"column":76}}]}},"s":{"0":0,"1":0,"2":0,"3":0,"4":0,"5":0},"f":{"0":0,"1":0},"b":{"0":[0,0],"1":[0,0]}}
,"/Users/chamithmadusanka/Documents/Development/Projects/hris-hp/src/components/Footer.tsx": {"path":"/Users/chamithmadusanka/Documents/Development/Projects/hris-hp/src/components/Footer.tsx","statementMap":{"0":{"start":{"line":1,"column":0},"end":{"line":1,"column":48}},"1":{"start":{"line":2,"column":0},"end":{"line":2,"column":53}},"2":{"start":{"line":4,"column":22},"end":{"line":29,"column":1}},"3":{"start":{"line":5,"column":2},"end":{"line":28,"column":4}},"4":{"start":{"line":4,"column":13},"end":{"line":4,"column":22}}},"fnMap":{"0":{"name":"(anonymous_1)","decl":{"start":{"line":4,"column":22},"end":{"line":4,"column":25}},"loc":{"start":{"line":4,"column":27},"end":{"line":29,"column":1}}}},"branchMap":{},"s":{"0":0,"1":0,"2":0,"3":0,"4":0},"f":{"0":0},"b":{}}
,"/Users/chamithmadusanka/Documents/Development/Projects/hris-hp/src/components/PageHeader.tsx": {"path":"/Users/chamithmadusanka/Documents/Development/Projects/hris-hp/src/components/PageHeader.tsx","statementMap":{"0":{"start":{"line":2,"column":0},"end":{"line":2,"column":43}},"1":{"start":{"line":3,"column":0},"end":{"line":3,"column":42}},"2":{"start":{"line":15,"column":53},"end":{"line":27,"column":1}},"3":{"start":{"line":19,"column":2},"end":{"line":26,"column":4}},"4":{"start":{"line":15,"column":13},"end":{"line":15,"column":53}}},"fnMap":{"0":{"name":"(anonymous_0)","decl":{"start":{"line":15,"column":53},"end":{"line":15,"column":54}},"loc":{"start":{"line":18,"column":5},"end":{"line":27,"column":1}}}},"branchMap":{},"s":{"0":0,"1":0,"2":0,"3":0,"4":0},"f":{"0":0},"b":{}}
,"/Users/chamithmadusanka/Documents/Development/Projects/hris-hp/src/components/ThemeSwitcher.tsx": {"path":"/Users/chamithmadusanka/Documents/Development/Projects/hris-hp/src/components/ThemeSwitcher.tsx","statementMap":{"0":{"start":{"line":1,"column":0},"end":{"line":1,"column":51}},"1":{"start":{"line":2,"column":0},"end":{"line":2,"column":50}},"2":{"start":{"line":3,"column":0},"end":{"line":3,"column":58}},"3":{"start":{"line":4,"column":0},"end":{"line":4,"column":56}},"4":{"start":{"line":5,"column":0},"end":{"line":5,"column":76}},"5":{"start":{"line":6,"column":0},"end":{"line":6,"column":67}},"6":{"start":{"line":13,"column":59},"end":{"line":69,"column":1}},"7":{"start":{"line":17,"column":26},"end":{"line":17,"column":71}},"8":{"start":{"line":18,"column":34},"end":{"line":18,"column":68}},"9":{"start":{"line":20,"column":2},"end":{"line":25,"column":40}},"10":{"start":{"line":21,"column":4},"end":{"line":24,"column":5}},"11":{"start":{"line":22,"column":26},"end":{"line":22,"column":60}},"12":{"start":{"line":23,"column":6},"end":{"line":23,"column":28}},"13":{"start":{"line":27,"column":22},"end":{"line":29,"column":3}},"14":{"start":{"line":28,"column":4},"end":{"line":28,"column":37}},"15":{"start":{"line":31,"column":22},"end":{"line":33,"column":3}},"16":{"start":{"line":32,"column":4},"end":{"line":32,"column":22}},"17":{"start":{"line":35,"column":28},"end":{"line":38,"column":3}},"18":{"start":{"line":36,"column":4},"end":{"line":36,"column":22}},"19":{"start":{"line":37,"column":4},"end":{"line":37,"column":18}},"20":{"start":{"line":40,"column":18},"end":{"line":51,"column":3}},"21":{"start":{"line":41,"column":4},"end":{"line":50,"column":5}},"22":{"start":{"line":43,"column":8},"end":{"line":43,"column":33}},"23":{"start":{"line":45,"column":8},"end":{"line":45,"column":59}},"24":{"start":{"line":47,"column":8},"end":{"line":47,"column":42}},"25":{"start":{"line":49,"column":8},"end":{"line":49,"column":42}},"26":{"start":{"line":53,"column":2},"end":{"line":68,"column":4}},"27":{"start":{"line":57,"column":33},"end":{"line":57,"column":59}},"28":{"start":{"line":60,"column":33},"end":{"line":60,"column":58}},"29":{"start":{"line":63,"column":33},"end":{"line":63,"column":60}},"30":{"start":{"line":13,"column":13},"end":{"line":13,"column":59}}},"fnMap":{"0":{"name":"(anonymous_1)","decl":{"start":{"line":13,"column":59},"end":{"line":13,"column":60}},"loc":{"start":{"line":16,"column":5},"end":{"line":69,"column":1}}},"1":{"name":"(anonymous_2)","decl":{"start":{"line":20,"column":12},"end":{"line":20,"column":15}},"loc":{"start":{"line":20,"column":17},"end":{"line":25,"column":3}}},"2":{"name":"(anonymous_3)","decl":{"start":{"line":27,"column":22},"end":{"line":27,"column":23}},"loc":{"start":{"line":27,"column":63},"end":{"line":29,"column":3}}},"3":{"name":"(anonymous_4)","decl":{"start":{"line":31,"column":22},"end":{"line":31,"column":25}},"loc":{"start":{"line":31,"column":27},"end":{"line":33,"column":3}}},"4":{"name":"(anonymous_5)","decl":{"start":{"line":35,"column":28},"end":{"line":35,"column":29}},"loc":{"start":{"line":35,"column":69},"end":{"line":38,"column":3}}},"5":{"name":"(anonymous_6)","decl":{"start":{"line":40,"column":18},"end":{"line":40,"column":21}},"loc":{"start":{"line":40,"column":23},"end":{"line":51,"column":3}}},"6":{"name":"(anonymous_7)","decl":{"start":{"line":57,"column":27},"end":{"line":57,"column":30}},"loc":{"start":{"line":57,"column":33},"end":{"line":57,"column":59}}},"7":{"name":"(anonymous_8)","decl":{"start":{"line":60,"column":27},"end":{"line":60,"column":30}},"loc":{"start":{"line":60,"column":33},"end":{"line":60,"column":58}}},"8":{"name":"(anonymous_9)","decl":{"start":{"line":63,"column":27},"end":{"line":63,"column":30}},"loc":{"start":{"line":63,"column":33},"end":{"line":63,"column":60}}}},"branchMap":{"0":{"loc":{"start":{"line":21,"column":4},"end":{"line":24,"column":5}},"type":"if","locations":[{"start":{"line":21,"column":4},"end":{"line":24,"column":5}}]},"1":{"loc":{"start":{"line":22,"column":26},"end":{"line":22,"column":60}},"type":"cond-expr","locations":[{"start":{"line":22,"column":44},"end":{"line":22,"column":50}},{"start":{"line":22,"column":53},"end":{"line":22,"column":60}}]},"2":{"loc":{"start":{"line":41,"column":4},"end":{"line":50,"column":5}},"type":"switch","locations":[{"start":{"line":42,"column":6},"end":{"line":43,"column":33}},{"start":{"line":44,"column":6},"end":{"line":45,"column":59}},{"start":{"line":46,"column":6},"end":{"line":47,"column":42}},{"start":{"line":48,"column":6},"end":{"line":49,"column":42}}]}},"s":{"0":0,"1":0,"2":0,"3":0,"4":0,"5":0,"6":0,"7":0,"8":0,"9":0,"10":0,"11":0,"12":0,"13":0,"14":0,"15":0,"16":0,"17":0,"18":0,"19":0,"20":0,"21":0,"22":0,"23":0,"24":0,"25":0,"26":0,"27":0,"28":0,"29":0,"30":0},"f":{"0":0,"1":0,"2":0,"3":0,"4":0,"5":0,"6":0,"7":0,"8":0},"b":{"0":[0],"1":[0,0],"2":[0,0,0,0]}}
,"/Users/chamithmadusanka/Documents/Development/Projects/hris-hp/src/components/MenuBar/DesktopMenu.tsx": {"path":"/Users/chamithmadusanka/Documents/Development/Projects/hris-hp/src/components/MenuBar/DesktopMenu.tsx","statementMap":{"0":{"start":{"line":1,"column":0},"end":{"line":1,"column":38}},"1":{"start":{"line":2,"column":0},"end":{"line":2,"column":46}},"2":{"start":{"line":4,"column":20},"end":{"line":10,"column":3}},"3":{"start":{"line":4,"column":50},"end":{"line":10,"column":2}},"4":{"start":{"line":12,"column":0},"end":{"line":12,"column":27}}},"fnMap":{"0":{"name":"(anonymous_0)","decl":{"start":{"line":4,"column":34},"end":{"line":4,"column":35}},"loc":{"start":{"line":4,"column":50},"end":{"line":10,"column":2}}}},"branchMap":{},"s":{"0":1,"1":1,"2":1,"3":4,"4":1},"f":{"0":4},"b":{}}
,"/Users/chamithmadusanka/Documents/Development/Projects/hris-hp/src/components/MenuBar/MenuBar.tsx": {"path":"/Users/chamithmadusanka/Documents/Development/Projects/hris-hp/src/components/MenuBar/MenuBar.tsx","statementMap":{"0":{"start":{"line":1,"column":0},"end":{"line":1,"column":72}},"1":{"start":{"line":2,"column":0},"end":{"line":2,"column":null}},"2":{"start":{"line":13,"column":0},"end":{"line":13,"column":56}},"3":{"start":{"line":14,"column":0},"end":{"line":14,"column":78}},"4":{"start":{"line":15,"column":0},"end":{"line":15,"column":40}},"5":{"start":{"line":16,"column":0},"end":{"line":16,"column":38}},"6":{"start":{"line":33,"column":30},"end":{"line":49,"column":2}},"7":{"start":{"line":51,"column":21},"end":{"line":54,"column":null}},"8":{"start":{"line":52,"column":13},"end":{"line":52,"column":17}},"9":{"start":{"line":52,"column":25},"end":{"line":54,"column":null}},"10":{"start":{"line":57,"column":23},"end":{"line":73,"column":3}},"11":{"start":{"line":58,"column":31},"end":{"line":58,"column":69}},"12":{"start":{"line":59,"column":63},"end":{"line":73,"column":2}},"13":{"start":{"line":76,"column":20},"end":{"line":108,"column":1}},"14":{"start":{"line":77,"column":19},"end":{"line":77,"column":32}},"15":{"start":{"line":79,"column":2},"end":{"line":107,"column":4}},"16":{"start":{"line":95,"column":10},"end":{"line":96,"column":null}},"17":{"start":{"line":110,"column":23},"end":{"line":151,"column":1}},"18":{"start":{"line":111,"column":38},"end":{"line":111,"column":53}},"19":{"start":{"line":113,"column":28},"end":{"line":113,"column":54}},"20":{"start":{"line":113,"column":34},"end":{"line":113,"column":54}},"21":{"start":{"line":115,"column":2},"end":{"line":150,"column":4}},"22":{"start":{"line":124,"column":23},"end":{"line":124,"column":42}},"23":{"start":{"line":110,"column":13},"end":{"line":110,"column":23}}},"fnMap":{"0":{"name":"(anonymous_2)","decl":{"start":{"line":52,"column":2},"end":{"line":52,"column":3}},"loc":{"start":{"line":52,"column":24},"end":{"line":54,"column":null}}},"1":{"name":"(anonymous_3)","decl":{"start":{"line":58,"column":21},"end":{"line":58,"column":22}},"loc":{"start":{"line":58,"column":31},"end":{"line":58,"column":69}}},"2":{"name":"(anonymous_4)","decl":{"start":{"line":59,"column":27},"end":{"line":59,"column":28}},"loc":{"start":{"line":59,"column":63},"end":{"line":73,"column":2}}},"3":{"name":"(anonymous_5)","decl":{"start":{"line":76,"column":20},"end":{"line":76,"column":21}},"loc":{"start":{"line":76,"column":58},"end":{"line":108,"column":1}}},"4":{"name":"(anonymous_6)","decl":{"start":{"line":94,"column":23},"end":{"line":94,"column":24}},"loc":{"start":{"line":95,"column":10},"end":{"line":96,"column":null}}},"5":{"name":"(anonymous_7)","decl":{"start":{"line":110,"column":23},"end":{"line":110,"column":26}},"loc":{"start":{"line":110,"column":28},"end":{"line":151,"column":1}}},"6":{"name":"(anonymous_8)","decl":{"start":{"line":113,"column":28},"end":{"line":113,"column":31}},"loc":{"start":{"line":113,"column":34},"end":{"line":113,"column":54}}},"7":{"name":"(anonymous_9)","decl":{"start":{"line":124,"column":17},"end":{"line":124,"column":20}},"loc":{"start":{"line":124,"column":23},"end":{"line":124,"column":42}}}},"branchMap":{"0":{"loc":{"start":{"line":63,"column":4},"end":{"line":63,"column":69}},"type":"cond-expr","locations":[{"start":{"line":63,"column":27},"end":{"line":63,"column":53}},{"start":{"line":63,"column":56},"end":{"line":63,"column":69}}]},"1":{"loc":{"start":{"line":63,"column":4},"end":{"line":63,"column":24}},"type":"binary-expr","locations":[{"start":{"line":63,"column":4},"end":{"line":63,"column":12}},{"start":{"line":63,"column":16},"end":{"line":63,"column":24}}]},"2":{"loc":{"start":{"line":66,"column":6},"end":{"line":68,"column":34}},"type":"cond-expr","locations":[{"start":{"line":67,"column":10},"end":{"line":67,"column":36}},{"start":{"line":68,"column":10},"end":{"line":68,"column":34}}]},"3":{"loc":{"start":{"line":66,"column":6},"end":{"line":66,"column":26}},"type":"binary-expr","locations":[{"start":{"line":66,"column":6},"end":{"line":66,"column":14}},{"start":{"line":66,"column":18},"end":{"line":66,"column":26}}]}},"s":{"0":1,"1":1,"2":1,"3":1,"4":1,"5":1,"6":1,"7":1,"8":24,"9":24,"10":1,"11":105,"12":24,"13":1,"14":8,"15":8,"16":24,"17":1,"18":4,"19":4,"20":0,"21":4,"22":0,"23":1},"f":{"0":24,"1":105,"2":24,"3":8,"4":24,"5":4,"6":0,"7":0},"b":{"0":[8,16],"1":[24,16],"2":[8,16],"3":[24,24]}}
,"/Users/chamithmadusanka/Documents/Development/Projects/hris-hp/src/components/MenuBar/MobileMenu.tsx": {"path":"/Users/chamithmadusanka/Documents/Development/Projects/hris-hp/src/components/MenuBar/MobileMenu.tsx","statementMap":{"0":{"start":{"line":1,"column":0},"end":{"line":1,"column":39}},"1":{"start":{"line":2,"column":0},"end":{"line":2,"column":46}},"2":{"start":{"line":4,"column":19},"end":{"line":10,"column":3}},"3":{"start":{"line":4,"column":50},"end":{"line":10,"column":2}},"4":{"start":{"line":12,"column":0},"end":{"line":12,"column":26}}},"fnMap":{"0":{"name":"(anonymous_0)","decl":{"start":{"line":4,"column":34},"end":{"line":4,"column":35}},"loc":{"start":{"line":4,"column":50},"end":{"line":10,"column":2}}}},"branchMap":{},"s":{"0":1,"1":1,"2":1,"3":4,"4":1},"f":{"0":4},"b":{}}
,"/Users/chamithmadusanka/Documents/Development/Projects/hris-hp/src/features/employees/EmployeeForm.tsx": {"path":"/Users/chamithmadusanka/Documents/Development/Projects/hris-hp/src/features/employees/EmployeeForm.tsx","statementMap":{"0":{"start":{"line":2,"column":0},"end":{"line":2,"column":35}},"1":{"start":{"line":3,"column":0},"end":{"line":3,"column":27}},"2":{"start":{"line":5,"column":0},"end":{"line":5,"column":null}},"3":{"start":{"line":17,"column":0},"end":{"line":17,"column":null}},"4":{"start":{"line":21,"column":0},"end":{"line":21,"column":51}},"5":{"start":{"line":30,"column":23},"end":{"line":45,"column":2}},"6":{"start":{"line":47,"column":60},"end":{"line":260,"column":1}},"7":{"start":{"line":53,"column":16},"end":{"line":53,"column":26}},"8":{"start":{"line":56,"column":4},"end":{"line":56,"column":28}},"9":{"start":{"line":61,"column":6},"end":{"line":61,"column":33}},"10":{"start":{"line":63,"column":17},"end":{"line":89,"column":4}},"11":{"start":{"line":77,"column":31},"end":{"line":88,"column":null}},"12":{"start":{"line":78,"column":6},"end":{"line":86,"column":7}},"13":{"start":{"line":79,"column":28},"end":{"line":81,"column":null}},"14":{"start":{"line":83,"column":8},"end":{"line":83,"column":51}},"15":{"start":{"line":85,"column":8},"end":{"line":85,"column":69}},"16":{"start":{"line":87,"column":6},"end":{"line":87,"column":16}},"17":{"start":{"line":92,"column":17},"end":{"line":92,"column":56}},"18":{"start":{"line":93,"column":22},"end":{"line":93,"column":42}},"19":{"start":{"line":94,"column":20},"end":{"line":94,"column":37}},"20":{"start":{"line":95,"column":4},"end":{"line":95,"column":63}},"21":{"start":{"line":98,"column":2},"end":{"line":259,"column":4}},"22":{"start":{"line":208,"column":18},"end":{"line":208,"column":41}},"23":{"start":{"line":47,"column":13},"end":{"line":47,"column":60}}},"fnMap":{"0":{"name":"(anonymous_13)","decl":{"start":{"line":47,"column":60},"end":{"line":47,"column":61}},"loc":{"start":{"line":52,"column":5},"end":{"line":260,"column":1}}},"1":{"name":"(anonymous_14)","decl":{"start":{"line":77,"column":14},"end":{"line":77,"column":21}},"loc":{"start":{"line":77,"column":31},"end":{"line":88,"column":null}}},"2":{"name":"(anonymous_15)","decl":{"start":{"line":77,"column":31},"end":{"line":77,"column":null}},"loc":{"start":{"line":77,"column":31},"end":{"line":88,"column":5}}},"3":{"name":"generateShortIdFromDate","decl":{"start":{"line":91,"column":11},"end":{"line":91,"column":34}},"loc":{"start":{"line":91,"column":45},"end":{"line":96,"column":3}}},"4":{"name":"(anonymous_17)","decl":{"start":{"line":207,"column":51},"end":{"line":207,"column":52}},"loc":{"start":{"line":208,"column":18},"end":{"line":208,"column":41}}}},"branchMap":{"0":{"loc":{"start":{"line":50,"column":2},"end":{"line":50,"column":14}},"type":"default-arg","locations":[{"start":{"line":50,"column":9},"end":{"line":50,"column":14}}]},"1":{"loc":{"start":{"line":51,"column":2},"end":{"line":51,"column":18}},"type":"default-arg","locations":[{"start":{"line":51,"column":16},"end":{"line":51,"column":18}}]},"2":{"loc":{"start":{"line":65,"column":12},"end":{"line":65,"column":34}},"type":"binary-expr","locations":[{"start":{"line":65,"column":12},"end":{"line":65,"column":28}},{"start":{"line":65,"column":32},"end":{"line":65,"column":34}}]},"3":{"loc":{"start":{"line":66,"column":13},"end":{"line":66,"column":36}},"type":"binary-expr","locations":[{"start":{"line":66,"column":13},"end":{"line":66,"column":30}},{"start":{"line":66,"column":34},"end":{"line":66,"column":36}}]},"4":{"loc":{"start":{"line":67,"column":16},"end":{"line":67,"column":42}},"type":"binary-expr","locations":[{"start":{"line":67,"column":16},"end":{"line":67,"column":36}},{"start":{"line":67,"column":40},"end":{"line":67,"column":42}}]},"5":{"loc":{"start":{"line":68,"column":18},"end":{"line":68,"column":46}},"type":"binary-expr","locations":[{"start":{"line":68,"column":18},"end":{"line":68,"column":40}},{"start":{"line":68,"column":44},"end":{"line":68,"column":46}}]},"6":{"loc":{"start":{"line":69,"column":16},"end":{"line":69,"column":42}},"type":"binary-expr","locations":[{"start":{"line":69,"column":16},"end":{"line":69,"column":36}},{"start":{"line":69,"column":40},"end":{"line":69,"column":42}}]},"7":{"loc":{"start":{"line":70,"column":14},"end":{"line":70,"column":59}},"type":"binary-expr","locations":[{"start":{"line":70,"column":14},"end":{"line":70,"column":32}},{"start":{"line":70,"column":36},"end":{"line":70,"column":59}}]},"8":{"loc":{"start":{"line":71,"column":11},"end":{"line":71,"column":31}},"type":"binary-expr","locations":[{"start":{"line":71,"column":11},"end":{"line":71,"column":26}},{"start":{"line":71,"column":30},"end":{"line":71,"column":31}}]},"9":{"loc":{"start":{"line":72,"column":15},"end":{"line":72,"column":40}},"type":"binary-expr","locations":[{"start":{"line":72,"column":15},"end":{"line":72,"column":34}},{"start":{"line":72,"column":38},"end":{"line":72,"column":40}}]},"10":{"loc":{"start":{"line":78,"column":6},"end":{"line":86,"column":7}},"type":"if","locations":[{"start":{"line":78,"column":6},"end":{"line":86,"column":7}},{"start":{"line":84,"column":13},"end":{"line":86,"column":7}}]},"11":{"loc":{"start":{"line":124,"column":11},"end":{"line":124,"column":66}},"type":"cond-expr","locations":[{"start":{"line":124,"column":28},"end":{"line":124,"column":46}},{"start":{"line":124,"column":49},"end":{"line":124,"column":66}}]},"12":{"loc":{"start":{"line":126,"column":9},"end":{"line":129,"column":null}},"type":"binary-expr","locations":[{"start":{"line":126,"column":9},"end":{"line":126,"column":25}},{"start":{"line":127,"column":10},"end":{"line":127,"column":null}}]},"13":{"loc":{"start":{"line":131,"column":9},"end":{"line":134,"column":null}},"type":"binary-expr","locations":[{"start":{"line":131,"column":9},"end":{"line":131,"column":28}},{"start":{"line":132,"column":10},"end":{"line":132,"column":null}}]},"14":{"loc":{"start":{"line":146,"column":21},"end":{"line":146,"column":71}},"type":"binary-expr","locations":[{"start":{"line":146,"column":21},"end":{"line":146,"column":40}},{"start":{"line":146,"column":44},"end":{"line":146,"column":71}}]},"15":{"loc":{"start":{"line":147,"column":26},"end":{"line":147,"column":67}},"type":"binary-expr","locations":[{"start":{"line":147,"column":26},"end":{"line":147,"column":45}},{"start":{"line":147,"column":49},"end":{"line":147,"column":67}}]},"16":{"loc":{"start":{"line":157,"column":21},"end":{"line":157,"column":73}},"type":"binary-expr","locations":[{"start":{"line":157,"column":21},"end":{"line":157,"column":41}},{"start":{"line":157,"column":45},"end":{"line":157,"column":73}}]},"17":{"loc":{"start":{"line":158,"column":26},"end":{"line":158,"column":69}},"type":"binary-expr","locations":[{"start":{"line":158,"column":26},"end":{"line":158,"column":46}},{"start":{"line":158,"column":50},"end":{"line":158,"column":69}}]},"18":{"loc":{"start":{"line":168,"column":21},"end":{"line":168,"column":79}},"type":"binary-expr","locations":[{"start":{"line":168,"column":21},"end":{"line":168,"column":44}},{"start":{"line":168,"column":48},"end":{"line":168,"column":79}}]},"19":{"loc":{"start":{"line":169,"column":26},"end":{"line":169,"column":75}},"type":"binary-expr","locations":[{"start":{"line":169,"column":26},"end":{"line":169,"column":49}},{"start":{"line":169,"column":53},"end":{"line":169,"column":75}}]},"20":{"loc":{"start":{"line":180,"column":16},"end":{"line":180,"column":78}},"type":"binary-expr","locations":[{"start":{"line":180,"column":16},"end":{"line":180,"column":41}},{"start":{"line":180,"column":45},"end":{"line":180,"column":78}}]},"21":{"loc":{"start":{"line":182,"column":26},"end":{"line":182,"column":79}},"type":"binary-expr","locations":[{"start":{"line":182,"column":26},"end":{"line":182,"column":51}},{"start":{"line":182,"column":55},"end":{"line":182,"column":79}}]},"22":{"loc":{"start":{"line":194,"column":21},"end":{"line":194,"column":79}},"type":"binary-expr","locations":[{"start":{"line":194,"column":21},"end":{"line":194,"column":44}},{"start":{"line":194,"column":48},"end":{"line":194,"column":79}}]},"23":{"loc":{"start":{"line":195,"column":26},"end":{"line":195,"column":75}},"type":"binary-expr","locations":[{"start":{"line":195,"column":26},"end":{"line":195,"column":49}},{"start":{"line":195,"column":53},"end":{"line":195,"column":75}}]},"24":{"loc":{"start":{"line":205,"column":23},"end":{"line":205,"column":77}},"type":"binary-expr","locations":[{"start":{"line":205,"column":23},"end":{"line":205,"column":44}},{"start":{"line":205,"column":48},"end":{"line":205,"column":77}}]},"25":{"loc":{"start":{"line":223,"column":21},"end":{"line":223,"column":69}},"type":"binary-expr","locations":[{"start":{"line":223,"column":21},"end":{"line":223,"column":39}},{"start":{"line":223,"column":43},"end":{"line":223,"column":69}}]},"26":{"loc":{"start":{"line":224,"column":26},"end":{"line":224,"column":65}},"type":"binary-expr","locations":[{"start":{"line":224,"column":26},"end":{"line":224,"column":44}},{"start":{"line":224,"column":48},"end":{"line":224,"column":65}}]},"27":{"loc":{"start":{"line":234,"column":21},"end":{"line":234,"column":77}},"type":"binary-expr","locations":[{"start":{"line":234,"column":21},"end":{"line":234,"column":43}},{"start":{"line":234,"column":47},"end":{"line":234,"column":77}}]},"28":{"loc":{"start":{"line":235,"column":26},"end":{"line":235,"column":73}},"type":"binary-expr","locations":[{"start":{"line":235,"column":26},"end":{"line":235,"column":48}},{"start":{"line":235,"column":52},"end":{"line":235,"column":73}}]},"29":{"loc":{"start":{"line":250,"column":26},"end":{"line":250,"column":48}},"type":"binary-expr","locations":[{"start":{"line":250,"column":26},"end":{"line":250,"column":34}},{"start":{"line":250,"column":38},"end":{"line":250,"column":48}}]},"30":{"loc":{"start":{"line":252,"column":17},"end":{"line":252,"column":68}},"type":"cond-expr","locations":[{"start":{"line":252,"column":34},"end":{"line":252,"column":48}},{"start":{"line":252,"column":51},"end":{"line":252,"column":68}}]}},"s":{"0":1,"1":1,"2":1,"3":1,"4":1,"5":1,"6":1,"7":18,"8":18,"9":18,"10":18,"11":2,"12":2,"13":1,"14":1,"15":1,"16":0,"17":1,"18":1,"19":1,"20":1,"21":18,"22":108,"23":1},"f":{"0":18,"1":2,"2":2,"3":1,"4":108},"b":{"0":[0],"1":[0],"2":[18,12],"3":[18,12],"4":[18,12],"5":[18,12],"6":[18,12],"7":[18,12],"8":[18,12],"9":[18,12],"10":[1,1],"11":[12,6],"12":[18,0],"13":[18,0],"14":[18,4],"15":[18,4],"16":[18,4],"17":[18,4],"18":[18,4],"19":[18,4],"20":[18,4],"21":[18,4],"22":[18,4],"23":[18,4],"24":[18,4],"25":[18,4],"26":[18,4],"27":[18,4],"28":[18,4],"29":[18,18],"30":[12,6]}}
,"/Users/chamithmadusanka/Documents/Development/Projects/hris-hp/src/features/employees/EmployeesTable.tsx": {"path":"/Users/chamithmadusanka/Documents/Development/Projects/hris-hp/src/features/employees/EmployeesTable.tsx","statementMap":{"0":{"start":{"line":1,"column":0},"end":{"line":1,"column":52}},"1":{"start":{"line":2,"column":0},"end":{"line":2,"column":48}},"2":{"start":{"line":3,"column":0},"end":{"line":3,"column":41}},"3":{"start":{"line":4,"column":0},"end":{"line":4,"column":44}},"4":{"start":{"line":5,"column":0},"end":{"line":5,"column":null}},"5":{"start":{"line":18,"column":0},"end":{"line":18,"column":44}},"6":{"start":{"line":19,"column":0},"end":{"line":19,"column":63}},"7":{"start":{"line":20,"column":0},"end":{"line":20,"column":53}},"8":{"start":{"line":23,"column":19},"end":{"line":23,"column":57}},"9":{"start":{"line":24,"column":0},"end":{"line":30,"column":3}},"10":{"start":{"line":39,"column":61},"end":{"line":219,"column":1}},"11":{"start":{"line":45,"column":18},"end":{"line":45,"column":43}},"12":{"start":{"line":46,"column":20},"end":{"line":46,"column":74}},"13":{"start":{"line":46,"column":35},"end":{"line":46,"column":68}},"14":{"start":{"line":47,"column":19},"end":{"line":47,"column":32}},"15":{"start":{"line":48,"column":16},"end":{"line":48,"column":26}},"16":{"start":{"line":50,"column":20},"end":{"line":57,"column":4}},"17":{"start":{"line":59,"column":29},"end":{"line":102,"column":3}},"18":{"start":{"line":60,"column":19},"end":{"line":60,"column":31}},"19":{"start":{"line":61,"column":16},"end":{"line":61,"column":18}},"20":{"start":{"line":62,"column":26},"end":{"line":62,"column":28}},"21":{"start":{"line":63,"column":4},"end":{"line":87,"column":5}},"22":{"start":{"line":65,"column":8},"end":{"line":65,"column":24}},"23":{"start":{"line":66,"column":8},"end":{"line":66,"column":34}},"24":{"start":{"line":67,"column":8},"end":{"line":67,"column":14}},"25":{"start":{"line":69,"column":8},"end":{"line":69,"column":24}},"26":{"start":{"line":70,"column":8},"end":{"line":70,"column":33}},"27":{"start":{"line":71,"column":8},"end":{"line":71,"column":14}},"28":{"start":{"line":73,"column":8},"end":{"line":73,"column":24}},"29":{"start":{"line":74,"column":8},"end":{"line":74,"column":32}},"30":{"start":{"line":75,"column":8},"end":{"line":75,"column":14}},"31":{"start":{"line":77,"column":8},"end":{"line":77,"column":24}},"32":{"start":{"line":78,"column":8},"end":{"line":78,"column":35}},"33":{"start":{"line":79,"column":8},"end":{"line":79,"column":14}},"34":{"start":{"line":81,"column":8},"end":{"line":81,"column":24}},"35":{"start":{"line":82,"column":8},"end":{"line":82,"column":35}},"36":{"start":{"line":83,"column":8},"end":{"line":83,"column":14}},"37":{"start":{"line":85,"column":8},"end":{"line":85,"column":24}},"38":{"start":{"line":86,"column":8},"end":{"line":86,"column":33}},"39":{"start":{"line":89,"column":4},"end":{"line":101,"column":6}},"40":{"start":{"line":104,"column":29},"end":{"line":130,"column":3}},"41":{"start":{"line":105,"column":4},"end":{"line":129,"column":6}},"42":{"start":{"line":119,"column":25},"end":{"line":119,"column":51}},"43":{"start":{"line":126,"column":25},"end":{"line":126,"column":55}},"44":{"start":{"line":132,"column":23},"end":{"line":160,"column":4}},"45":{"start":{"line":162,"column":24},"end":{"line":168,"column":8}},"46":{"start":{"line":163,"column":4},"end":{"line":167,"column":6}},"47":{"start":{"line":170,"column":28},"end":{"line":192,"column":8}},"48":{"start":{"line":171,"column":22},"end":{"line":171,"column":78}},"49":{"start":{"line":172,"column":26},"end":{"line":172,"column":28}},"50":{"start":{"line":173,"column":26},"end":{"line":173,"column":28}},"51":{"start":{"line":174,"column":25},"end":{"line":174,"column":26}},"52":{"start":{"line":175,"column":23},"end":{"line":175,"column":46}},"53":{"start":{"line":176,"column":4},"end":{"line":186,"column":5}},"54":{"start":{"line":177,"column":6},"end":{"line":185,"column":7}},"55":{"start":{"line":177,"column":19},"end":{"line":177,"column":20}},"56":{"start":{"line":178,"column":23},"end":{"line":178,"column":36}},"57":{"start":{"line":179,"column":8},"end":{"line":179,"column":47}},"58":{"start":{"line":180,"column":8},"end":{"line":184,"column":9}},"59":{"start":{"line":181,"column":10},"end":{"line":181,"column":48}},"60":{"start":{"line":183,"column":10},"end":{"line":183,"column":48}},"61":{"start":{"line":187,"column":4},"end":{"line":187,"column":54}},"62":{"start":{"line":188,"column":4},"end":{"line":188,"column":55}},"63":{"start":{"line":189,"column":4},"end":{"line":191,"column":11}},"64":{"start":{"line":190,"column":6},"end":{"line":190,"column":36}},"65":{"start":{"line":194,"column":30},"end":{"line":196,"column":8}},"66":{"start":{"line":195,"column":4},"end":{"line":195,"column":34}},"67":{"start":{"line":198,"column":22},"end":{"line":200,"column":8}},"68":{"start":{"line":199,"column":4},"end":{"line":199,"column":25}},"69":{"start":{"line":202,"column":2},"end":{"line":218,"column":4}},"70":{"start":{"line":207,"column":29},"end":{"line":207,"column":58}},"71":{"start":{"line":39,"column":13},"end":{"line":39,"column":61}}},"fnMap":{"0":{"name":"(anonymous_1)","decl":{"start":{"line":39,"column":61},"end":{"line":39,"column":62}},"loc":{"start":{"line":44,"column":5},"end":{"line":219,"column":1}}},"1":{"name":"(anonymous_2)","decl":{"start":{"line":46,"column":28},"end":{"line":46,"column":31}},"loc":{"start":{"line":46,"column":35},"end":{"line":46,"column":68}}},"2":{"name":"(anonymous_3)","decl":{"start":{"line":59,"column":29},"end":{"line":59,"column":30}},"loc":{"start":{"line":59,"column":59},"end":{"line":102,"column":3}}},"3":{"name":"(anonymous_4)","decl":{"start":{"line":104,"column":29},"end":{"line":104,"column":30}},"loc":{"start":{"line":104,"column":60},"end":{"line":130,"column":3}}},"4":{"name":"(anonymous_5)","decl":{"start":{"line":119,"column":19},"end":{"line":119,"column":22}},"loc":{"start":{"line":119,"column":25},"end":{"line":119,"column":51}}},"5":{"name":"(anonymous_6)","decl":{"start":{"line":126,"column":19},"end":{"line":126,"column":22}},"loc":{"start":{"line":126,"column":25},"end":{"line":126,"column":55}}},"6":{"name":"(anonymous_7)","decl":{"start":{"line":162,"column":40},"end":{"line":162,"column":43}},"loc":{"start":{"line":162,"column":45},"end":{"line":168,"column":3}}},"7":{"name":"(anonymous_8)","decl":{"start":{"line":170,"column":40},"end":{"line":170,"column":41}},"loc":{"start":{"line":170,"column":73},"end":{"line":192,"column":3}}},"8":{"name":"(anonymous_9)","decl":{"start":{"line":189,"column":22},"end":{"line":189,"column":25}},"loc":{"start":{"line":189,"column":27},"end":{"line":191,"column":5}}},"9":{"name":"(anonymous_10)","decl":{"start":{"line":194,"column":42},"end":{"line":194,"column":43}},"loc":{"start":{"line":194,"column":77},"end":{"line":196,"column":3}}},"10":{"name":"(anonymous_11)","decl":{"start":{"line":198,"column":50},"end":{"line":198,"column":53}},"loc":{"start":{"line":198,"column":55},"end":{"line":200,"column":3}}},"11":{"name":"(anonymous_12)","decl":{"start":{"line":207,"column":22},"end":{"line":207,"column":23}},"loc":{"start":{"line":207,"column":29},"end":{"line":207,"column":58}}}},"branchMap":{"0":{"loc":{"start":{"line":63,"column":4},"end":{"line":87,"column":5}},"type":"switch","locations":[{"start":{"line":64,"column":6},"end":{"line":67,"column":14}},{"start":{"line":68,"column":6},"end":{"line":71,"column":14}},{"start":{"line":72,"column":6},"end":{"line":75,"column":14}},{"start":{"line":76,"column":6},"end":{"line":79,"column":14}},{"start":{"line":80,"column":6},"end":{"line":83,"column":14}},{"start":{"line":84,"column":6},"end":{"line":86,"column":33}}]},"1":{"loc":{"start":{"line":119,"column":25},"end":{"line":119,"column":51}},"type":"cond-expr","locations":[{"start":{"line":119,"column":36},"end":{"line":119,"column":39}},{"start":{"line":119,"column":25},"end":{"line":119,"column":51}}]},"2":{"loc":{"start":{"line":119,"column":25},"end":{"line":119,"column":39}},"type":"binary-expr","locations":[{"start":{"line":119,"column":25},"end":{"line":119,"column":39}},{"start":{"line":119,"column":25},"end":{"line":119,"column":39}}]},"3":{"loc":{"start":{"line":126,"column":25},"end":{"line":126,"column":55}},"type":"cond-expr","locations":[{"start":{"line":126,"column":37},"end":{"line":126,"column":40}},{"start":{"line":126,"column":25},"end":{"line":126,"column":55}}]},"4":{"loc":{"start":{"line":126,"column":25},"end":{"line":126,"column":40}},"type":"binary-expr","locations":[{"start":{"line":126,"column":25},"end":{"line":126,"column":40}},{"start":{"line":126,"column":25},"end":{"line":126,"column":40}}]},"5":{"loc":{"start":{"line":176,"column":4},"end":{"line":186,"column":5}},"type":"if","locations":[{"start":{"line":176,"column":4},"end":{"line":186,"column":5}}]},"6":{"loc":{"start":{"line":176,"column":8},"end":{"line":176,"column":43}},"type":"binary-expr","locations":[{"start":{"line":176,"column":8},"end":{"line":176,"column":18}},{"start":{"line":176,"column":22},"end":{"line":176,"column":43}}]},"7":{"loc":{"start":{"line":180,"column":8},"end":{"line":184,"column":9}},"type":"if","locations":[{"start":{"line":180,"column":8},"end":{"line":184,"column":9}},{"start":{"line":182,"column":15},"end":{"line":184,"column":9}}]},"8":{"loc":{"start":{"line":215,"column":15},"end":{"line":215,"column":55}},"type":"cond-expr","locations":[{"start":{"line":215,"column":33},"end":{"line":215,"column":42}},{"start":{"line":215,"column":45},"end":{"line":215,"column":55}}]}},"s":{"0":1,"1":1,"2":1,"3":1,"4":1,"5":1,"6":1,"7":1,"8":1,"9":1,"10":1,"11":3,"12":3,"13":3,"14":3,"15":3,"16":3,"17":3,"18":6,"19":6,"20":6,"21":6,"22":3,"23":3,"24":3,"25":3,"26":3,"27":3,"28":0,"29":0,"30":0,"31":0,"32":0,"33":0,"34":0,"35":0,"36":0,"37":0,"38":0,"39":6,"40":3,"41":6,"42":1,"43":1,"44":3,"45":3,"46":3,"47":3,"48":0,"49":0,"50":0,"51":0,"52":0,"53":0,"54":0,"55":0,"56":0,"57":0,"58":0,"59":0,"60":0,"61":0,"62":0,"63":0,"64":0,"65":3,"66":0,"67":3,"68":3,"69":3,"70":0,"71":1},"f":{"0":3,"1":3,"2":6,"3":6,"4":1,"5":1,"6":3,"7":0,"8":0,"9":0,"10":3,"11":0},"b":{"0":[3,3,0,0,0,0],"1":[0,1],"2":[1,1],"3":[0,1],"4":[1,1],"5":[0],"6":[0,0],"7":[0,0],"8":[0,3]}}
,"/Users/chamithmadusanka/Documents/Development/Projects/hris-hp/src/features/employees/employeesApi.ts": {"path":"/Users/chamithmadusanka/Documents/Development/Projects/hris-hp/src/features/employees/employeesApi.ts","statementMap":{"0":{"start":{"line":1,"column":0},"end":{"line":1,"column":73}},"1":{"start":{"line":2,"column":0},"end":{"line":2,"column":46}},"2":{"start":{"line":5,"column":13},"end":{"line":66,"column":3}},"3":{"start":{"line":9,"column":27},"end":{"line":65,"column":4}},"4":{"start":{"line":15,"column":28},"end":{"line":19,"column":20}},"5":{"start":{"line":17,"column":57},"end":{"line":17,"column":77}},"6":{"start":{"line":20,"column":8},"end":{"line":20,"column":66}},"7":{"start":{"line":25,"column":28},"end":{"line":29,"column":8}},"8":{"start":{"line":33,"column":28},"end":{"line":37,"column":8}},"9":{"start":{"line":59,"column":22},"end":{"line":62,"column":8}},"10":{"start":{"line":69,"column":2},"end":{"line":73,"column":17}}},"fnMap":{"0":{"name":"(anonymous_0)","decl":{"start":{"line":9,"column":13},"end":{"line":9,"column":14}},"loc":{"start":{"line":9,"column":27},"end":{"line":65,"column":4}}},"1":{"name":"(anonymous_1)","decl":{"start":{"line":14,"column":13},"end":{"line":14,"column":14}},"loc":{"start":{"line":14,"column":72},"end":{"line":21,"column":7}}},"2":{"name":"(anonymous_2)","decl":{"start":{"line":17,"column":39},"end":{"line":17,"column":40}},"loc":{"start":{"line":17,"column":57},"end":{"line":17,"column":77}}},"3":{"name":"(anonymous_3)","decl":{"start":{"line":25,"column":13},"end":{"line":25,"column":14}},"loc":{"start":{"line":25,"column":28},"end":{"line":29,"column":8}}},"4":{"name":"(anonymous_4)","decl":{"start":{"line":33,"column":13},"end":{"line":33,"column":14}},"loc":{"start":{"line":33,"column":28},"end":{"line":37,"column":8}}},"5":{"name":"(anonymous_5)","decl":{"start":{"line":59,"column":13},"end":{"line":59,"column":14}},"loc":{"start":{"line":59,"column":22},"end":{"line":62,"column":8}}}},"branchMap":{"0":{"loc":{"start":{"line":14,"column":14},"end":{"line":14,"column":68}},"type":"default-arg","locations":[{"start":{"line":14,"column":66},"end":{"line":14,"column":68}}]},"1":{"loc":{"start":{"line":20,"column":27},"end":{"line":20,"column":63}},"type":"cond-expr","locations":[{"start":{"line":20,"column":41},"end":{"line":20,"column":58}},{"start":{"line":20,"column":61},"end":{"line":20,"column":63}}]}},"s":{"0":1,"1":1,"2":1,"3":1,"4":0,"5":0,"6":0,"7":0,"8":0,"9":0,"10":1},"f":{"0":1,"1":0,"2":0,"3":0,"4":0,"5":0},"b":{"0":[0],"1":[0,0]}}
,"/Users/chamithmadusanka/Documents/Development/Projects/hris-hp/src/features/employees/types.ts": {"path":"/Users/chamithmadusanka/Documents/Development/Projects/hris-hp/src/features/employees/types.ts","statementMap":{"0":{"start":{"line":1,"column":0},"end":{"line":1,"column":null}},"1":{"start":{"line":2,"column":2},"end":{"line":2,"column":null}},"2":{"start":{"line":3,"column":2},"end":{"line":3,"column":null}},"3":{"start":{"line":4,"column":2},"end":{"line":4,"column":null}},"4":{"start":{"line":5,"column":2},"end":{"line":5,"column":null}},"5":{"start":{"line":6,"column":2},"end":{"line":6,"column":null}},"6":{"start":{"line":7,"column":2},"end":{"line":7,"column":null}}},"fnMap":{"0":{"name":"(anonymous_0)","decl":{"start":{"line":1,"column":0},"end":{"line":1,"column":12}},"loc":{"start":{"line":1,"column":26},"end":{"line":8,"column":1}}}},"branchMap":{"0":{"loc":{"start":{"line":1,"column":12},"end":{"line":1,"column":null}},"type":"binary-expr","locations":[{"start":{"line":1,"column":12},"end":{"line":1,"column":26}},{"start":{"line":1,"column":26},"end":{"line":1,"column":null}}]}},"s":{"0":2,"1":2,"2":2,"3":2,"4":2,"5":2,"6":2},"f":{"0":2},"b":{"0":[2,2]}}
,"/Users/chamithmadusanka/Documents/Development/Projects/hris-hp/src/features/statistics/BarChart.tsx": {"path":"/Users/chamithmadusanka/Documents/Development/Projects/hris-hp/src/features/statistics/BarChart.tsx","statementMap":{"0":{"start":{"line":1,"column":0},"end":{"line":1,"column":46}},"1":{"start":{"line":2,"column":0},"end":{"line":2,"column":50}},"2":{"start":{"line":3,"column":0},"end":{"line":3,"column":36}},"3":{"start":{"line":4,"column":0},"end":{"line":4,"column":46}},"4":{"start":{"line":5,"column":0},"end":{"line":5,"column":53}},"5":{"start":{"line":6,"column":0},"end":{"line":6,"column":34}},"6":{"start":{"line":7,"column":0},"end":{"line":7,"column":39}},"7":{"start":{"line":17,"column":76},"end":{"line":118,"column":1}},"8":{"start":{"line":22,"column":16},"end":{"line":22,"column":26}},"9":{"start":{"line":23,"column":20},"end":{"line":23,"column":46}},"10":{"start":{"line":25,"column":17},"end":{"line":32,"column":null}},"11":{"start":{"line":26,"column":11},"end":{"line":31,"column":6}},"12":{"start":{"line":35,"column":15},"end":{"line":48,"column":17}},"13":{"start":{"line":36,"column":29},"end":{"line":41,"column":null}},"14":{"start":{"line":38,"column":8},"end":{"line":38,"column":61}},"15":{"start":{"line":39,"column":8},"end":{"line":39,"column":19}},"16":{"start":{"line":44,"column":4},"end":{"line":47,"column":8}},"17":{"start":{"line":44,"column":74},"end":{"line":47,"column":6}},"18":{"start":{"line":50,"column":17},"end":{"line":57,"column":null}},"19":{"start":{"line":52,"column":6},"end":{"line":56,"column":8}},"20":{"start":{"line":53,"column":32},"end":{"line":53,"column":44}},"21":{"start":{"line":60,"column":17},"end":{"line":66,"column":null}},"22":{"start":{"line":62,"column":6},"end":{"line":65,"column":8}},"23":{"start":{"line":63,"column":48},"end":{"line":63,"column":55}},"24":{"start":{"line":69,"column":20},"end":{"line":76,"column":4}},"25":{"start":{"line":72,"column":27},"end":{"line":75,"column":6}},"26":{"start":{"line":78,"column":2},"end":{"line":117,"column":4}},"27":{"start":{"line":85,"column":32},"end":{"line":88,"column":null}},"28":{"start":{"line":96,"column":32},"end":{"line":100,"column":null}},"29":{"start":{"line":104,"column":25},"end":{"line":114,"column":10}},"30":{"start":{"line":120,"column":46},"end":{"line":130,"column":1}},"31":{"start":{"line":121,"column":2},"end":{"line":129,"column":4}},"32":{"start":{"line":125,"column":10},"end":{"line":125,"column":75}},"33":{"start":{"line":120,"column":13},"end":{"line":120,"column":46}}},"fnMap":{"0":{"name":"(anonymous_0)","decl":{"start":{"line":17,"column":76},"end":{"line":17,"column":77}},"loc":{"start":{"line":21,"column":5},"end":{"line":118,"column":1}}},"1":{"name":"(anonymous_1)","decl":{"start":{"line":26,"column":4},"end":{"line":26,"column":7}},"loc":{"start":{"line":26,"column":11},"end":{"line":31,"column":6}}},"2":{"name":"(anonymous_2)","decl":{"start":{"line":35,"column":23},"end":{"line":35,"column":26}},"loc":{"start":{"line":35,"column":28},"end":{"line":48,"column":3}}},"3":{"name":"(anonymous_3)","decl":{"start":{"line":37,"column":6},"end":{"line":37,"column":7}},"loc":{"start":{"line":37,"column":19},"end":{"line":40,"column":7}}},"4":{"name":"(anonymous_4)","decl":{"start":{"line":44,"column":48},"end":{"line":44,"column":49}},"loc":{"start":{"line":44,"column":74},"end":{"line":47,"column":6}}},"5":{"name":"(anonymous_5)","decl":{"start":{"line":51,"column":4},"end":{"line":51,"column":7}},"loc":{"start":{"line":52,"column":6},"end":{"line":56,"column":8}}},"6":{"name":"(anonymous_6)","decl":{"start":{"line":53,"column":25},"end":{"line":53,"column":26}},"loc":{"start":{"line":53,"column":32},"end":{"line":53,"column":44}}},"7":{"name":"(anonymous_7)","decl":{"start":{"line":61,"column":4},"end":{"line":61,"column":7}},"loc":{"start":{"line":62,"column":6},"end":{"line":65,"column":8}}},"8":{"name":"(anonymous_8)","decl":{"start":{"line":63,"column":41},"end":{"line":63,"column":42}},"loc":{"start":{"line":63,"column":48},"end":{"line":63,"column":55}}},"9":{"name":"(anonymous_9)","decl":{"start":{"line":72,"column":20},"end":{"line":72,"column":23}},"loc":{"start":{"line":72,"column":27},"end":{"line":75,"column":6}}},"10":{"name":"(anonymous_10)","decl":{"start":{"line":85,"column":26},"end":{"line":85,"column":29}},"loc":{"start":{"line":85,"column":32},"end":{"line":88,"column":null}}},"11":{"name":"(anonymous_11)","decl":{"start":{"line":96,"column":26},"end":{"line":96,"column":29}},"loc":{"start":{"line":96,"column":32},"end":{"line":100,"column":null}}},"12":{"name":"(anonymous_12)","decl":{"start":{"line":104,"column":18},"end":{"line":104,"column":19}},"loc":{"start":{"line":104,"column":24},"end":{"line":114,"column":10}}},"13":{"name":"(anonymous_13)","decl":{"start":{"line":120,"column":46},"end":{"line":120,"column":47}},"loc":{"start":{"line":120,"column":64},"end":{"line":130,"column":1}}},"14":{"name":"(anonymous_14)","decl":{"start":{"line":124,"column":9},"end":{"line":124,"column":10}},"loc":{"start":{"line":125,"column":10},"end":{"line":125,"column":75}}}},"branchMap":{"0":{"loc":{"start":{"line":38,"column":31},"end":{"line":38,"column":55}},"type":"binary-expr","locations":[{"start":{"line":38,"column":31},"end":{"line":38,"column":50}},{"start":{"line":38,"column":54},"end":{"line":38,"column":55}}]},"1":{"loc":{"start":{"line":107,"column":15},"end":{"line":107,"column":40}},"type":"cond-expr","locations":[{"start":{"line":107,"column":35},"end":{"line":107,"column":39}},{"start":{"line":107,"column":39},"end":{"line":107,"column":40}}]},"2":{"loc":{"start":{"line":107,"column":15},"end":{"line":107,"column":39}},"type":"binary-expr","locations":[{"start":{"line":107,"column":15},"end":{"line":107,"column":39}},{"start":{"line":107,"column":35},"end":{"line":107,"column":39}}]}},"s":{"0":0,"1":0,"2":0,"3":0,"4":0,"5":0,"6":0,"7":0,"8":0,"9":0,"10":0,"11":0,"12":0,"13":0,"14":0,"15":0,"16":0,"17":0,"18":0,"19":0,"20":0,"21":0,"22":0,"23":0,"24":0,"25":0,"26":0,"27":0,"28":0,"29":0,"30":0,"31":0,"32":0,"33":0},"f":{"0":0,"1":0,"2":0,"3":0,"4":0,"5":0,"6":0,"7":0,"8":0,"9":0,"10":0,"11":0,"12":0,"13":0,"14":0},"b":{"0":[0,0],"1":[0,0],"2":[0,0]}}
,"/Users/chamithmadusanka/Documents/Development/Projects/hris-hp/src/features/statistics/ChartSection.tsx": {"path":"/Users/chamithmadusanka/Documents/Development/Projects/hris-hp/src/features/statistics/ChartSection.tsx","statementMap":{"0":{"start":{"line":1,"column":0},"end":{"line":1,"column":61}},"1":{"start":{"line":2,"column":0},"end":{"line":2,"column":48}},"2":{"start":{"line":9,"column":57},"end":{"line":39,"column":1}},"3":{"start":{"line":13,"column":16},"end":{"line":13,"column":26}},"4":{"start":{"line":14,"column":2},"end":{"line":38,"column":4}},"5":{"start":{"line":9,"column":13},"end":{"line":9,"column":57}}},"fnMap":{"0":{"name":"(anonymous_0)","decl":{"start":{"line":9,"column":57},"end":{"line":9,"column":58}},"loc":{"start":{"line":12,"column":5},"end":{"line":39,"column":1}}}},"branchMap":{},"s":{"0":0,"1":0,"2":0,"3":0,"4":0,"5":0},"f":{"0":0},"b":{}}
,"/Users/chamithmadusanka/Documents/Development/Projects/hris-hp/src/features/statistics/HeatmapChart.tsx": {"path":"/Users/chamithmadusanka/Documents/Development/Projects/hris-hp/src/features/statistics/HeatmapChart.tsx","statementMap":{"0":{"start":{"line":1,"column":0},"end":{"line":1,"column":46}},"1":{"start":{"line":2,"column":0},"end":{"line":2,"column":50}},"2":{"start":{"line":3,"column":0},"end":{"line":3,"column":36}},"3":{"start":{"line":4,"column":0},"end":{"line":4,"column":46}},"4":{"start":{"line":5,"column":0},"end":{"line":5,"column":53}},"5":{"start":{"line":24,"column":26},"end":{"line":138,"column":1}},"6":{"start":{"line":29,"column":16},"end":{"line":29,"column":26}},"7":{"start":{"line":30,"column":20},"end":{"line":30,"column":46}},"8":{"start":{"line":31,"column":20},"end":{"line":31,"column":48}},"9":{"start":{"line":34,"column":17},"end":{"line":34,"column":62}},"10":{"start":{"line":37,"column":22},"end":{"line":41,"column":8}},"11":{"start":{"line":38,"column":16},"end":{"line":38,"column":46}},"12":{"start":{"line":39,"column":4},"end":{"line":39,"column":35}},"13":{"start":{"line":40,"column":4},"end":{"line":40,"column":15}},"14":{"start":{"line":43,"column":26},"end":{"line":43,"column":71}},"15":{"start":{"line":43,"column":59},"end":{"line":43,"column":68}},"16":{"start":{"line":44,"column":25},"end":{"line":44,"column":69}},"17":{"start":{"line":44,"column":58},"end":{"line":44,"column":66}},"18":{"start":{"line":46,"column":36},"end":{"line":52,"column":5}},"19":{"start":{"line":46,"column":70},"end":{"line":52,"column":4}},"20":{"start":{"line":48,"column":44},"end":{"line":51,"column":6}},"21":{"start":{"line":55,"column":2},"end":{"line":57,"column":3}},"22":{"start":{"line":56,"column":4},"end":{"line":56,"column":16}},"23":{"start":{"line":60,"column":17},"end":{"line":64,"column":4}},"24":{"start":{"line":66,"column":17},"end":{"line":70,"column":4}},"25":{"start":{"line":72,"column":21},"end":{"line":78,"column":4}},"26":{"start":{"line":75,"column":45},"end":{"line":75,"column":73}},"27":{"start":{"line":75,"column":65},"end":{"line":75,"column":72}},"28":{"start":{"line":80,"column":2},"end":{"line":137,"column":4}},"29":{"start":{"line":88,"column":33},"end":{"line":93,"column":12}},"30":{"start":{"line":107,"column":33},"end":{"line":111,"column":12}},"31":{"start":{"line":121,"column":10},"end":{"line":133,"column":12}},"32":{"start":{"line":122,"column":12},"end":{"line":123,"column":null}},"33":{"start":{"line":144,"column":28},"end":{"line":158,"column":1}},"34":{"start":{"line":145,"column":2},"end":{"line":157,"column":4}},"35":{"start":{"line":149,"column":10},"end":{"line":152,"column":null}},"36":{"start":{"line":144,"column":13},"end":{"line":144,"column":28}}},"fnMap":{"0":{"name":"(anonymous_0)","decl":{"start":{"line":24,"column":26},"end":{"line":24,"column":27}},"loc":{"start":{"line":28,"column":29},"end":{"line":138,"column":1}}},"1":{"name":"(anonymous_1)","decl":{"start":{"line":37,"column":63},"end":{"line":37,"column":64}},"loc":{"start":{"line":37,"column":76},"end":{"line":41,"column":3}}},"2":{"name":"(anonymous_2)","decl":{"start":{"line":43,"column":52},"end":{"line":43,"column":53}},"loc":{"start":{"line":43,"column":59},"end":{"line":43,"column":68}}},"3":{"name":"(anonymous_3)","decl":{"start":{"line":44,"column":51},"end":{"line":44,"column":52}},"loc":{"start":{"line":44,"column":58},"end":{"line":44,"column":66}}},"4":{"name":"(anonymous_4)","decl":{"start":{"line":46,"column":56},"end":{"line":46,"column":57}},"loc":{"start":{"line":46,"column":70},"end":{"line":52,"column":4}}},"5":{"name":"(anonymous_5)","decl":{"start":{"line":48,"column":31},"end":{"line":48,"column":32}},"loc":{"start":{"line":48,"column":44},"end":{"line":51,"column":6}}},"6":{"name":"(anonymous_6)","decl":{"start":{"line":75,"column":38},"end":{"line":75,"column":39}},"loc":{"start":{"line":75,"column":45},"end":{"line":75,"column":73}}},"7":{"name":"(anonymous_7)","decl":{"start":{"line":75,"column":58},"end":{"line":75,"column":59}},"loc":{"start":{"line":75,"column":65},"end":{"line":75,"column":72}}},"8":{"name":"(anonymous_8)","decl":{"start":{"line":88,"column":26},"end":{"line":88,"column":29}},"loc":{"start":{"line":88,"column":33},"end":{"line":93,"column":12}}},"9":{"name":"(anonymous_9)","decl":{"start":{"line":107,"column":26},"end":{"line":107,"column":29}},"loc":{"start":{"line":107,"column":33},"end":{"line":111,"column":12}}},"10":{"name":"(anonymous_10)","decl":{"start":{"line":120,"column":25},"end":{"line":120,"column":26}},"loc":{"start":{"line":121,"column":10},"end":{"line":133,"column":12}}},"11":{"name":"(anonymous_11)","decl":{"start":{"line":121,"column":25},"end":{"line":121,"column":26}},"loc":{"start":{"line":122,"column":12},"end":{"line":123,"column":null}}},"12":{"name":"(anonymous_12)","decl":{"start":{"line":144,"column":28},"end":{"line":144,"column":29}},"loc":{"start":{"line":144,"column":65},"end":{"line":158,"column":1}}},"13":{"name":"(anonymous_13)","decl":{"start":{"line":148,"column":9},"end":{"line":148,"column":10}},"loc":{"start":{"line":149,"column":10},"end":{"line":152,"column":null}}}},"branchMap":{"0":{"loc":{"start":{"line":39,"column":16},"end":{"line":39,"column":29}},"type":"binary-expr","locations":[{"start":{"line":39,"column":16},"end":{"line":39,"column":24}},{"start":{"line":39,"column":28},"end":{"line":39,"column":29}}]},"1":{"loc":{"start":{"line":50,"column":13},"end":{"line":50,"column":53}},"type":"binary-expr","locations":[{"start":{"line":50,"column":13},"end":{"line":50,"column":48}},{"start":{"line":50,"column":52},"end":{"line":50,"column":53}}]},"2":{"loc":{"start":{"line":55,"column":2},"end":{"line":57,"column":3}},"type":"if","locations":[{"start":{"line":55,"column":2},"end":{"line":57,"column":3}}]}},"s":{"0":0,"1":0,"2":0,"3":0,"4":0,"5":0,"6":0,"7":0,"8":0,"9":0,"10":0,"11":0,"12":0,"13":0,"14":0,"15":0,"16":0,"17":0,"18":0,"19":0,"20":0,"21":0,"22":0,"23":0,"24":0,"25":0,"26":0,"27":0,"28":0,"29":0,"30":0,"31":0,"32":0,"33":0,"34":0,"35":0,"36":0},"f":{"0":0,"1":0,"2":0,"3":0,"4":0,"5":0,"6":0,"7":0,"8":0,"9":0,"10":0,"11":0,"12":0,"13":0},"b":{"0":[0,0],"1":[0,0],"2":[0]}}
,"/Users/chamithmadusanka/Documents/Development/Projects/hris-hp/src/features/statistics/LineChart.tsx": {"path":"/Users/chamithmadusanka/Documents/Development/Projects/hris-hp/src/features/statistics/LineChart.tsx","statementMap":{"0":{"start":{"line":1,"column":0},"end":{"line":1,"column":46}},"1":{"start":{"line":2,"column":0},"end":{"line":2,"column":50}},"2":{"start":{"line":3,"column":0},"end":{"line":3,"column":45}},"3":{"start":{"line":4,"column":0},"end":{"line":4,"column":36}},"4":{"start":{"line":5,"column":0},"end":{"line":5,"column":46}},"5":{"start":{"line":6,"column":0},"end":{"line":6,"column":53}},"6":{"start":{"line":7,"column":0},"end":{"line":7,"column":39}},"7":{"start":{"line":21,"column":28},"end":{"line":110,"column":1}},"8":{"start":{"line":26,"column":16},"end":{"line":26,"column":26}},"9":{"start":{"line":27,"column":20},"end":{"line":27,"column":46}},"10":{"start":{"line":29,"column":17},"end":{"line":29,"column":61}},"11":{"start":{"line":31,"column":22},"end":{"line":35,"column":8}},"12":{"start":{"line":32,"column":17},"end":{"line":32,"column":53}},"13":{"start":{"line":33,"column":4},"end":{"line":33,"column":37}},"14":{"start":{"line":34,"column":4},"end":{"line":34,"column":15}},"15":{"start":{"line":37,"column":28},"end":{"line":40,"column":5}},"16":{"start":{"line":37,"column":68},"end":{"line":40,"column":4}},"17":{"start":{"line":42,"column":2},"end":{"line":44,"column":3}},"18":{"start":{"line":43,"column":4},"end":{"line":43,"column":16}},"19":{"start":{"line":46,"column":17},"end":{"line":52,"column":4}},"20":{"start":{"line":48,"column":43},"end":{"line":48,"column":59}},"21":{"start":{"line":49,"column":43},"end":{"line":49,"column":59}},"22":{"start":{"line":54,"column":17},"end":{"line":57,"column":4}},"23":{"start":{"line":55,"column":44},"end":{"line":55,"column":51}},"24":{"start":{"line":59,"column":2},"end":{"line":109,"column":4}},"25":{"start":{"line":67,"column":33},"end":{"line":72,"column":12}},"26":{"start":{"line":86,"column":33},"end":{"line":90,"column":12}},"27":{"start":{"line":101,"column":20},"end":{"line":101,"column":34}},"28":{"start":{"line":102,"column":20},"end":{"line":102,"column":35}},"29":{"start":{"line":116,"column":25},"end":{"line":130,"column":1}},"30":{"start":{"line":117,"column":2},"end":{"line":129,"column":4}},"31":{"start":{"line":121,"column":10},"end":{"line":124,"column":null}},"32":{"start":{"line":116,"column":13},"end":{"line":116,"column":25}}},"fnMap":{"0":{"name":"(anonymous_0)","decl":{"start":{"line":21,"column":28},"end":{"line":21,"column":29}},"loc":{"start":{"line":25,"column":31},"end":{"line":110,"column":1}}},"1":{"name":"(anonymous_1)","decl":{"start":{"line":31,"column":63},"end":{"line":31,"column":64}},"loc":{"start":{"line":31,"column":76},"end":{"line":35,"column":3}}},"2":{"name":"(anonymous_2)","decl":{"start":{"line":37,"column":57},"end":{"line":37,"column":58}},"loc":{"start":{"line":37,"column":68},"end":{"line":40,"column":4}}},"3":{"name":"(anonymous_3)","decl":{"start":{"line":48,"column":36},"end":{"line":48,"column":37}},"loc":{"start":{"line":48,"column":43},"end":{"line":48,"column":59}}},"4":{"name":"(anonymous_4)","decl":{"start":{"line":49,"column":36},"end":{"line":49,"column":37}},"loc":{"start":{"line":49,"column":43},"end":{"line":49,"column":59}}},"5":{"name":"(anonymous_5)","decl":{"start":{"line":55,"column":37},"end":{"line":55,"column":38}},"loc":{"start":{"line":55,"column":44},"end":{"line":55,"column":51}}},"6":{"name":"(anonymous_6)","decl":{"start":{"line":67,"column":26},"end":{"line":67,"column":29}},"loc":{"start":{"line":67,"column":33},"end":{"line":72,"column":12}}},"7":{"name":"(anonymous_7)","decl":{"start":{"line":86,"column":26},"end":{"line":86,"column":29}},"loc":{"start":{"line":86,"column":33},"end":{"line":90,"column":12}}},"8":{"name":"(anonymous_8)","decl":{"start":{"line":101,"column":13},"end":{"line":101,"column":14}},"loc":{"start":{"line":101,"column":20},"end":{"line":101,"column":34}}},"9":{"name":"(anonymous_9)","decl":{"start":{"line":102,"column":13},"end":{"line":102,"column":14}},"loc":{"start":{"line":102,"column":20},"end":{"line":102,"column":35}}},"10":{"name":"(anonymous_10)","decl":{"start":{"line":116,"column":25},"end":{"line":116,"column":26}},"loc":{"start":{"line":116,"column":59},"end":{"line":130,"column":1}}},"11":{"name":"(anonymous_11)","decl":{"start":{"line":120,"column":9},"end":{"line":120,"column":10}},"loc":{"start":{"line":121,"column":10},"end":{"line":124,"column":null}}}},"branchMap":{"0":{"loc":{"start":{"line":33,"column":17},"end":{"line":33,"column":31}},"type":"binary-expr","locations":[{"start":{"line":33,"column":17},"end":{"line":33,"column":26}},{"start":{"line":33,"column":30},"end":{"line":33,"column":31}}]},"1":{"loc":{"start":{"line":42,"column":2},"end":{"line":44,"column":3}},"type":"if","locations":[{"start":{"line":42,"column":2},"end":{"line":44,"column":3}}]}},"s":{"0":0,"1":0,"2":0,"3":0,"4":0,"5":0,"6":0,"7":0,"8":0,"9":0,"10":0,"11":0,"12":0,"13":0,"14":0,"15":0,"16":0,"17":0,"18":0,"19":0,"20":0,"21":0,"22":0,"23":0,"24":0,"25":0,"26":0,"27":0,"28":0,"29":0,"30":0,"31":0,"32":0},"f":{"0":0,"1":0,"2":0,"3":0,"4":0,"5":0,"6":0,"7":0,"8":0,"9":0,"10":0,"11":0},"b":{"0":[0,0],"1":[0]}}
,"/Users/chamithmadusanka/Documents/Development/Projects/hris-hp/src/features/statistics/PieChart.tsx": {"path":"/Users/chamithmadusanka/Documents/Development/Projects/hris-hp/src/features/statistics/PieChart.tsx","statementMap":{"0":{"start":{"line":1,"column":0},"end":{"line":1,"column":36}},"1":{"start":{"line":2,"column":0},"end":{"line":2,"column":36}},"2":{"start":{"line":3,"column":0},"end":{"line":3,"column":45}},"3":{"start":{"line":4,"column":0},"end":{"line":4,"column":46}},"4":{"start":{"line":5,"column":0},"end":{"line":5,"column":43}},"5":{"start":{"line":6,"column":0},"end":{"line":6,"column":34}},"6":{"start":{"line":19,"column":22},"end":{"line":76,"column":1}},"7":{"start":{"line":20,"column":23},"end":{"line":23,"column":8}},"8":{"start":{"line":21,"column":4},"end":{"line":21,"column":49}},"9":{"start":{"line":22,"column":4},"end":{"line":22,"column":15}},"10":{"start":{"line":25,"column":15},"end":{"line":28,"column":5}},"11":{"start":{"line":25,"column":55},"end":{"line":28,"column":4}},"12":{"start":{"line":30,"column":17},"end":{"line":30,"column":44}},"13":{"start":{"line":32,"column":21},"end":{"line":35,"column":4}},"14":{"start":{"line":33,"column":28},"end":{"line":33,"column":36}},"15":{"start":{"line":37,"column":2},"end":{"line":75,"column":4}},"16":{"start":{"line":43,"column":29},"end":{"line":43,"column":36}},"17":{"start":{"line":50,"column":14},"end":{"line":57,"column":16}},"18":{"start":{"line":51,"column":16},"end":{"line":51,"column":null}},"19":{"start":{"line":78,"column":24},"end":{"line":88,"column":1}},"20":{"start":{"line":79,"column":2},"end":{"line":87,"column":4}},"21":{"start":{"line":83,"column":10},"end":{"line":83,"column":79}},"22":{"start":{"line":78,"column":13},"end":{"line":78,"column":24}}},"fnMap":{"0":{"name":"(anonymous_0)","decl":{"start":{"line":19,"column":22},"end":{"line":19,"column":23}},"loc":{"start":{"line":19,"column":75},"end":{"line":76,"column":1}}},"1":{"name":"(anonymous_1)","decl":{"start":{"line":20,"column":64},"end":{"line":20,"column":65}},"loc":{"start":{"line":20,"column":77},"end":{"line":23,"column":3}}},"2":{"name":"(anonymous_2)","decl":{"start":{"line":25,"column":45},"end":{"line":25,"column":46}},"loc":{"start":{"line":25,"column":55},"end":{"line":28,"column":4}}},"3":{"name":"(anonymous_3)","decl":{"start":{"line":33,"column":21},"end":{"line":33,"column":22}},"loc":{"start":{"line":33,"column":28},"end":{"line":33,"column":36}}},"4":{"name":"(anonymous_4)","decl":{"start":{"line":43,"column":22},"end":{"line":43,"column":23}},"loc":{"start":{"line":43,"column":29},"end":{"line":43,"column":36}}},"5":{"name":"(anonymous_5)","decl":{"start":{"line":49,"column":13},"end":{"line":49,"column":14}},"loc":{"start":{"line":50,"column":14},"end":{"line":57,"column":16}}},"6":{"name":"(anonymous_6)","decl":{"start":{"line":50,"column":27},"end":{"line":50,"column":28}},"loc":{"start":{"line":51,"column":16},"end":{"line":51,"column":null}}},"7":{"name":"(anonymous_7)","decl":{"start":{"line":78,"column":24},"end":{"line":78,"column":25}},"loc":{"start":{"line":78,"column":57},"end":{"line":88,"column":1}}},"8":{"name":"(anonymous_8)","decl":{"start":{"line":82,"column":9},"end":{"line":82,"column":10}},"loc":{"start":{"line":83,"column":10},"end":{"line":83,"column":79}}}},"branchMap":{"0":{"loc":{"start":{"line":21,"column":23},"end":{"line":21,"column":43}},"type":"binary-expr","locations":[{"start":{"line":21,"column":23},"end":{"line":21,"column":38}},{"start":{"line":21,"column":42},"end":{"line":21,"column":43}}]},"1":{"loc":{"start":{"line":53,"column":23},"end":{"line":53,"column":42}},"type":"binary-expr","locations":[{"start":{"line":53,"column":23},"end":{"line":53,"column":36}},{"start":{"line":53,"column":40},"end":{"line":53,"column":42}}]},"2":{"loc":{"start":{"line":54,"column":37},"end":{"line":54,"column":58}},"type":"binary-expr","locations":[{"start":{"line":54,"column":37},"end":{"line":54,"column":52}},{"start":{"line":54,"column":56},"end":{"line":54,"column":58}}]}},"s":{"0":0,"1":0,"2":0,"3":0,"4":0,"5":0,"6":0,"7":0,"8":0,"9":0,"10":0,"11":0,"12":0,"13":0,"14":0,"15":0,"16":0,"17":0,"18":0,"19":0,"20":0,"21":0,"22":0},"f":{"0":0,"1":0,"2":0,"3":0,"4":0,"5":0,"6":0,"7":0,"8":0},"b":{"0":[0,0],"1":[0,0],"2":[0,0]}}
,"/Users/chamithmadusanka/Documents/Development/Projects/hris-hp/src/layouts/MainLayout.tsx": {"path":"/Users/chamithmadusanka/Documents/Development/Projects/hris-hp/src/layouts/MainLayout.tsx","statementMap":{"0":{"start":{"line":1,"column":0},"end":{"line":1,"column":47}},"1":{"start":{"line":2,"column":0},"end":{"line":2,"column":56}},"2":{"start":{"line":3,"column":26},"end":{"line":27,"column":1}},"3":{"start":{"line":4,"column":16},"end":{"line":4,"column":26}},"4":{"start":{"line":6,"column":2},"end":{"line":26,"column":4}},"5":{"start":{"line":3,"column":13},"end":{"line":3,"column":26}}},"fnMap":{"0":{"name":"(anonymous_0)","decl":{"start":{"line":3,"column":26},"end":{"line":3,"column":27}},"loc":{"start":{"line":3,"column":74},"end":{"line":27,"column":1}}}},"branchMap":{},"s":{"0":0,"1":0,"2":0,"3":0,"4":0,"5":0},"f":{"0":0},"b":{}}
,"/Users/chamithmadusanka/Documents/Development/Projects/hris-hp/src/pages/DashboardPage.tsx": {"path":"/Users/chamithmadusanka/Documents/Development/Projects/hris-hp/src/pages/DashboardPage.tsx","statementMap":{"0":{"start":{"line":1,"column":0},"end":{"line":1,"column":null}},"1":{"start":{"line":9,"column":0},"end":{"line":9,"column":54}},"2":{"start":{"line":10,"column":0},"end":{"line":10,"column":71}},"3":{"start":{"line":11,"column":0},"end":{"line":11,"column":70}},"4":{"start":{"line":12,"column":0},"end":{"line":12,"column":74}},"5":{"start":{"line":13,"column":0},"end":{"line":13,"column":59}},"6":{"start":{"line":14,"column":0},"end":{"line":14,"column":67}},"7":{"start":{"line":16,"column":17},"end":{"line":35,"column":null}},"8":{"start":{"line":25,"column":2},"end":{"line":34,"column":null}},"9":{"start":{"line":38,"column":25},"end":{"line":47,"column":null}},"10":{"start":{"line":39,"column":2},"end":{"line":46,"column":null}},"11":{"start":{"line":50,"column":22},"end":{"line":54,"column":null}},"12":{"start":{"line":51,"column":2},"end":{"line":53,"column":null}},"13":{"start":{"line":57,"column":29},"end":{"line":193,"column":1}},"14":{"start":{"line":58,"column":16},"end":{"line":58,"column":26}},"15":{"start":{"line":59,"column":46},"end":{"line":59,"column":70}},"16":{"start":{"line":61,"column":16},"end":{"line":65,"column":4}},"17":{"start":{"line":63,"column":38},"end":{"line":63,"column":61}},"18":{"start":{"line":64,"column":39},"end":{"line":64,"column":64}},"19":{"start":{"line":67,"column":26},"end":{"line":71,"column":17}},"20":{"start":{"line":69,"column":16},"end":{"line":69,"column":79}},"21":{"start":{"line":73,"column":2},"end":{"line":192,"column":4}},"22":{"start":{"line":57,"column":13},"end":{"line":57,"column":29}},"23":{"start":{"line":195,"column":0},"end":{"line":195,"column":29}}},"fnMap":{"0":{"name":"(anonymous_0)","decl":{"start":{"line":16,"column":17},"end":{"line":16,"column":18}},"loc":{"start":{"line":25,"column":2},"end":{"line":34,"column":null}}},"1":{"name":"(anonymous_1)","decl":{"start":{"line":38,"column":25},"end":{"line":38,"column":28}},"loc":{"start":{"line":39,"column":2},"end":{"line":46,"column":null}}},"2":{"name":"(anonymous_2)","decl":{"start":{"line":50,"column":22},"end":{"line":50,"column":23}},"loc":{"start":{"line":51,"column":2},"end":{"line":53,"column":null}}},"3":{"name":"(anonymous_3)","decl":{"start":{"line":57,"column":29},"end":{"line":57,"column":32}},"loc":{"start":{"line":57,"column":34},"end":{"line":193,"column":1}}},"4":{"name":"(anonymous_4)","decl":{"start":{"line":63,"column":29},"end":{"line":63,"column":30}},"loc":{"start":{"line":63,"column":38},"end":{"line":63,"column":61}}},"5":{"name":"(anonymous_5)","decl":{"start":{"line":64,"column":30},"end":{"line":64,"column":31}},"loc":{"start":{"line":64,"column":39},"end":{"line":64,"column":64}}},"6":{"name":"(anonymous_6)","decl":{"start":{"line":69,"column":6},"end":{"line":69,"column":7}},"loc":{"start":{"line":69,"column":16},"end":{"line":69,"column":79}}}},"branchMap":{"0":{"loc":{"start":{"line":59,"column":16},"end":{"line":59,"column":30}},"type":"default-arg","locations":[{"start":{"line":59,"column":28},"end":{"line":59,"column":30}}]},"1":{"loc":{"start":{"line":89,"column":9},"end":{"line":124,"column":null}},"type":"cond-expr","locations":[{"start":{"line":90,"column":10},"end":{"line":99,"column":null}},{"start":{"line":102,"column":10},"end":{"line":123,"column":null}}]},"2":{"loc":{"start":{"line":128,"column":11},"end":{"line":145,"column":null}},"type":"cond-expr","locations":[{"start":{"line":129,"column":12},"end":{"line":129,"column":42}},{"start":{"line":131,"column":12},"end":{"line":144,"column":null}}]},"3":{"loc":{"start":{"line":150,"column":11},"end":{"line":167,"column":null}},"type":"cond-expr","locations":[{"start":{"line":151,"column":12},"end":{"line":151,"column":42}},{"start":{"line":153,"column":12},"end":{"line":166,"column":null}}]},"4":{"loc":{"start":{"line":173,"column":11},"end":{"line":187,"column":null}},"type":"cond-expr","locations":[{"start":{"line":174,"column":12},"end":{"line":176,"column":null}},{"start":{"line":179,"column":12},"end":{"line":186,"column":null}}]}},"s":{"0":0,"1":0,"2":0,"3":0,"4":0,"5":0,"6":0,"7":0,"8":0,"9":0,"10":0,"11":0,"12":0,"13":0,"14":0,"15":0,"16":0,"17":0,"18":0,"19":0,"20":0,"21":0,"22":0,"23":0},"f":{"0":0,"1":0,"2":0,"3":0,"4":0,"5":0,"6":0},"b":{"0":[0],"1":[0,0],"2":[0,0],"3":[0,0],"4":[0,0]}}
,"/Users/chamithmadusanka/Documents/Development/Projects/hris-hp/src/pages/EmployeesPage.tsx": {"path":"/Users/chamithmadusanka/Documents/Development/Projects/hris-hp/src/pages/EmployeesPage.tsx","statementMap":{"0":{"start":{"line":1,"column":0},"end":{"line":1,"column":45}},"1":{"start":{"line":2,"column":0},"end":{"line":2,"column":null}},"2":{"start":{"line":15,"column":0},"end":{"line":15,"column":48}},"3":{"start":{"line":16,"column":0},"end":{"line":16,"column":57}},"4":{"start":{"line":17,"column":0},"end":{"line":17,"column":54}},"5":{"start":{"line":19,"column":0},"end":{"line":19,"column":66}},"6":{"start":{"line":20,"column":0},"end":{"line":20,"column":70}},"7":{"start":{"line":21,"column":0},"end":{"line":21,"column":null}},"8":{"start":{"line":26,"column":26},"end":{"line":39,"column":null}},"9":{"start":{"line":27,"column":2},"end":{"line":38,"column":null}},"10":{"start":{"line":42,"column":22},"end":{"line":50,"column":null}},"11":{"start":{"line":43,"column":2},"end":{"line":49,"column":null}},"12":{"start":{"line":48,"column":6},"end":{"line":48,"column":28}},"13":{"start":{"line":53,"column":29},"end":{"line":210,"column":1}},"14":{"start":{"line":54,"column":16},"end":{"line":54,"column":26}},"15":{"start":{"line":55,"column":40},"end":{"line":55,"column":55}},"16":{"start":{"line":56,"column":36},"end":{"line":56,"column":67}},"17":{"start":{"line":57,"column":48},"end":{"line":57,"column":79}},"18":{"start":{"line":58,"column":38},"end":{"line":58,"column":50}},"19":{"start":{"line":59,"column":42},"end":{"line":59,"column":57}},"20":{"start":{"line":60,"column":54},"end":{"line":61,"column":null}},"21":{"start":{"line":68,"column":6},"end":{"line":68,"column":45}},"22":{"start":{"line":70,"column":27},"end":{"line":70,"column":54}},"23":{"start":{"line":72,"column":26},"end":{"line":75,"column":8}},"24":{"start":{"line":73,"column":4},"end":{"line":73,"column":23}},"25":{"start":{"line":74,"column":4},"end":{"line":74,"column":25}},"26":{"start":{"line":77,"column":27},"end":{"line":80,"column":3}},"27":{"start":{"line":78,"column":4},"end":{"line":78,"column":26}},"28":{"start":{"line":79,"column":4},"end":{"line":79,"column":29}},"29":{"start":{"line":82,"column":23},"end":{"line":84,"column":3}},"30":{"start":{"line":83,"column":4},"end":{"line":83,"column":38}},"31":{"start":{"line":86,"column":27},"end":{"line":89,"column":8}},"32":{"start":{"line":87,"column":4},"end":{"line":87,"column":30}},"33":{"start":{"line":88,"column":4},"end":{"line":88,"column":26}},"34":{"start":{"line":91,"column":26},"end":{"line":96,"column":null}},"35":{"start":{"line":93,"column":6},"end":{"line":93,"column":30}},"36":{"start":{"line":94,"column":6},"end":{"line":94,"column":35}},"37":{"start":{"line":99,"column":28},"end":{"line":102,"column":3}},"38":{"start":{"line":100,"column":4},"end":{"line":100,"column":27}},"39":{"start":{"line":101,"column":4},"end":{"line":101,"column":32}},"40":{"start":{"line":104,"column":30},"end":{"line":109,"column":3}},"41":{"start":{"line":105,"column":4},"end":{"line":107,"column":5}},"42":{"start":{"line":106,"column":6},"end":{"line":106,"column":41}},"43":{"start":{"line":108,"column":4},"end":{"line":108,"column":24}},"44":{"start":{"line":111,"column":2},"end":{"line":113,"column":28}},"45":{"start":{"line":112,"column":4},"end":{"line":112,"column":14}},"46":{"start":{"line":115,"column":2},"end":{"line":209,"column":4}},"47":{"start":{"line":164,"column":35},"end":{"line":164,"column":57}},"48":{"start":{"line":53,"column":13},"end":{"line":53,"column":29}},"49":{"start":{"line":212,"column":0},"end":{"line":212,"column":29}}},"fnMap":{"0":{"name":"(anonymous_0)","decl":{"start":{"line":26,"column":26},"end":{"line":26,"column":29}},"loc":{"start":{"line":27,"column":2},"end":{"line":38,"column":null}}},"1":{"name":"(anonymous_1)","decl":{"start":{"line":42,"column":22},"end":{"line":42,"column":25}},"loc":{"start":{"line":43,"column":2},"end":{"line":49,"column":null}}},"2":{"name":"(anonymous_2)","decl":{"start":{"line":47,"column":23},"end":{"line":47,"column":24}},"loc":{"start":{"line":48,"column":6},"end":{"line":48,"column":28}}},"3":{"name":"(anonymous_3)","decl":{"start":{"line":53,"column":29},"end":{"line":53,"column":32}},"loc":{"start":{"line":53,"column":34},"end":{"line":210,"column":1}}},"4":{"name":"(anonymous_4)","decl":{"start":{"line":72,"column":38},"end":{"line":72,"column":39}},"loc":{"start":{"line":72,"column":63},"end":{"line":75,"column":3}}},"5":{"name":"(anonymous_5)","decl":{"start":{"line":77,"column":27},"end":{"line":77,"column":30}},"loc":{"start":{"line":77,"column":32},"end":{"line":80,"column":3}}},"6":{"name":"(anonymous_6)","decl":{"start":{"line":82,"column":23},"end":{"line":82,"column":24}},"loc":{"start":{"line":82,"column":70},"end":{"line":84,"column":3}}},"7":{"name":"(anonymous_7)","decl":{"start":{"line":86,"column":39},"end":{"line":86,"column":40}},"loc":{"start":{"line":86,"column":54},"end":{"line":89,"column":3}}},"8":{"name":"(anonymous_8)","decl":{"start":{"line":92,"column":4},"end":{"line":92,"column":5}},"loc":{"start":{"line":92,"column":27},"end":{"line":95,"column":5}}},"9":{"name":"(anonymous_9)","decl":{"start":{"line":99,"column":28},"end":{"line":99,"column":31}},"loc":{"start":{"line":99,"column":33},"end":{"line":102,"column":3}}},"10":{"name":"(anonymous_10)","decl":{"start":{"line":104,"column":30},"end":{"line":104,"column":33}},"loc":{"start":{"line":104,"column":35},"end":{"line":109,"column":3}}},"11":{"name":"(anonymous_11)","decl":{"start":{"line":111,"column":12},"end":{"line":111,"column":15}},"loc":{"start":{"line":111,"column":17},"end":{"line":113,"column":3}}},"12":{"name":"(anonymous_12)","decl":{"start":{"line":164,"column":29},"end":{"line":164,"column":32}},"loc":{"start":{"line":164,"column":35},"end":{"line":164,"column":57}}}},"branchMap":{"0":{"loc":{"start":{"line":105,"column":4},"end":{"line":107,"column":5}},"type":"if","locations":[{"start":{"line":105,"column":4},"end":{"line":107,"column":5}}]},"1":{"loc":{"start":{"line":131,"column":11},"end":{"line":170,"column":null}},"type":"cond-expr","locations":[{"start":{"line":132,"column":12},"end":{"line":132,"column":33}},{"start":{"line":134,"column":12},"end":{"line":169,"column":null}}]},"2":{"loc":{"start":{"line":174,"column":11},"end":{"line":182,"column":null}},"type":"cond-expr","locations":[{"start":{"line":175,"column":12},"end":{"line":175,"column":29}},{"start":{"line":177,"column":12},"end":{"line":181,"column":null}}]},"3":{"loc":{"start":{"line":190,"column":21},"end":{"line":190,"column":49}},"type":"binary-expr","locations":[{"start":{"line":190,"column":21},"end":{"line":190,"column":36}},{"start":{"line":190,"column":40},"end":{"line":190,"column":49}}]}},"s":{"0":0,"1":0,"2":0,"3":0,"4":0,"5":0,"6":0,"7":0,"8":0,"9":0,"10":0,"11":0,"12":0,"13":0,"14":0,"15":0,"16":0,"17":0,"18":0,"19":0,"20":0,"21":0,"22":0,"23":0,"24":0,"25":0,"26":0,"27":0,"28":0,"29":0,"30":0,"31":0,"32":0,"33":0,"34":0,"35":0,"36":0,"37":0,"38":0,"39":0,"40":0,"41":0,"42":0,"43":0,"44":0,"45":0,"46":0,"47":0,"48":0,"49":0},"f":{"0":0,"1":0,"2":0,"3":0,"4":0,"5":0,"6":0,"7":0,"8":0,"9":0,"10":0,"11":0,"12":0},"b":{"0":[0],"1":[0,0],"2":[0,0],"3":[0,0]}}
,"/Users/chamithmadusanka/Documents/Development/Projects/hris-hp/src/pages/NotFoundPage.tsx": {"path":"/Users/chamithmadusanka/Documents/Development/Projects/hris-hp/src/pages/NotFoundPage.tsx","statementMap":{"0":{"start":{"line":1,"column":0},"end":{"line":1,"column":56}},"1":{"start":{"line":2,"column":0},"end":{"line":2,"column":47}},"2":{"start":{"line":4,"column":21},"end":{"line":34,"column":1}},"3":{"start":{"line":5,"column":19},"end":{"line":5,"column":32}},"4":{"start":{"line":7,"column":23},"end":{"line":9,"column":3}},"5":{"start":{"line":8,"column":4},"end":{"line":8,"column":18}},"6":{"start":{"line":11,"column":2},"end":{"line":33,"column":4}},"7":{"start":{"line":36,"column":0},"end":{"line":36,"column":28}}},"fnMap":{"0":{"name":"(anonymous_0)","decl":{"start":{"line":4,"column":21},"end":{"line":4,"column":24}},"loc":{"start":{"line":4,"column":26},"end":{"line":34,"column":1}}},"1":{"name":"(anonymous_1)","decl":{"start":{"line":7,"column":23},"end":{"line":7,"column":26}},"loc":{"start":{"line":7,"column":28},"end":{"line":9,"column":3}}}},"branchMap":{},"s":{"0":0,"1":0,"2":0,"3":0,"4":0,"5":0,"6":0,"7":0},"f":{"0":0,"1":0},"b":{}}
,"/Users/chamithmadusanka/Documents/Development/Projects/hris-hp/src/pages/StatisticsPage.tsx": {"path":"/Users/chamithmadusanka/Documents/Development/Projects/hris-hp/src/pages/StatisticsPage.tsx","statementMap":{"0":{"start":{"line":1,"column":0},"end":{"line":1,"column":42}},"1":{"start":{"line":2,"column":0},"end":{"line":2,"column":48}},"2":{"start":{"line":3,"column":0},"end":{"line":3,"column":54}},"3":{"start":{"line":4,"column":0},"end":{"line":4,"column":59}},"4":{"start":{"line":5,"column":0},"end":{"line":5,"column":67}},"5":{"start":{"line":6,"column":0},"end":{"line":6,"column":67}},"6":{"start":{"line":7,"column":0},"end":{"line":7,"column":61}},"7":{"start":{"line":8,"column":0},"end":{"line":8,"column":59}},"8":{"start":{"line":9,"column":0},"end":{"line":9,"column":74}},"9":{"start":{"line":11,"column":30},"end":{"line":42,"column":1}},"10":{"start":{"line":12,"column":16},"end":{"line":12,"column":26}},"11":{"start":{"line":13,"column":30},"end":{"line":13,"column":61}},"12":{"start":{"line":14,"column":2},"end":{"line":41,"column":4}},"13":{"start":{"line":11,"column":13},"end":{"line":11,"column":30}},"14":{"start":{"line":44,"column":0},"end":{"line":44,"column":30}}},"fnMap":{"0":{"name":"(anonymous_0)","decl":{"start":{"line":11,"column":30},"end":{"line":11,"column":33}},"loc":{"start":{"line":11,"column":35},"end":{"line":42,"column":1}}}},"branchMap":{"0":{"loc":{"start":{"line":28,"column":31},"end":{"line":28,"column":46}},"type":"binary-expr","locations":[{"start":{"line":28,"column":31},"end":{"line":28,"column":40}},{"start":{"line":28,"column":44},"end":{"line":28,"column":46}}]},"1":{"loc":{"start":{"line":31,"column":31},"end":{"line":31,"column":46}},"type":"binary-expr","locations":[{"start":{"line":31,"column":31},"end":{"line":31,"column":40}},{"start":{"line":31,"column":44},"end":{"line":31,"column":46}}]},"2":{"loc":{"start":{"line":34,"column":32},"end":{"line":34,"column":47}},"type":"binary-expr","locations":[{"start":{"line":34,"column":32},"end":{"line":34,"column":41}},{"start":{"line":34,"column":45},"end":{"line":34,"column":47}}]},"3":{"loc":{"start":{"line":37,"column":35},"end":{"line":37,"column":50}},"type":"binary-expr","locations":[{"start":{"line":37,"column":35},"end":{"line":37,"column":44}},{"start":{"line":37,"column":48},"end":{"line":37,"column":50}}]}},"s":{"0":0,"1":0,"2":0,"3":0,"4":0,"5":0,"6":0,"7":0,"8":0,"9":0,"10":0,"11":0,"12":0,"13":0,"14":0},"f":{"0":0},"b":{"0":[0,0],"1":[0,0],"2":[0,0],"3":[0,0]}}
,"/Users/chamithmadusanka/Documents/Development/Projects/hris-hp/src/pages/index.ts": {"path":"/Users/chamithmadusanka/Documents/Development/Projects/hris-hp/src/pages/index.ts","statementMap":{"0":{"start":{"line":1,"column":0},"end":{"line":1,"column":32}},"1":{"start":{"line":2,"column":0},"end":{"line":2,"column":33}},"2":{"start":{"line":3,"column":0},"end":{"line":3,"column":32}}},"fnMap":{},"branchMap":{},"s":{"0":0,"1":0,"2":0},"f":{},"b":{}}
,"/Users/chamithmadusanka/Documents/Development/Projects/hris-hp/src/store/index.ts": {"path":"/Users/chamithmadusanka/Documents/Development/Projects/hris-hp/src/store/index.ts","statementMap":{"0":{"start":{"line":1,"column":0},"end":{"line":1,"column":50}},"1":{"start":{"line":2,"column":0},"end":{"line":2,"column":56}},"2":{"start":{"line":3,"column":0},"end":{"line":3,"column":66}},"3":{"start":{"line":4,"column":0},"end":{"line":4,"column":40}},"4":{"start":{"line":6,"column":13},"end":{"line":13,"column":3}},"5":{"start":{"line":12,"column":4},"end":{"line":12,"column":58}},"6":{"start":{"line":15,"column":0},"end":{"line":15,"column":31}},"7":{"start":{"line":20,"column":0},"end":{"line":20,"column":21}}},"fnMap":{"0":{"name":"(anonymous_1)","decl":{"start":{"line":11,"column":14},"end":{"line":11,"column":15}},"loc":{"start":{"line":12,"column":4},"end":{"line":12,"column":58}}}},"branchMap":{},"s":{"0":1,"1":1,"2":1,"3":1,"4":1,"5":1,"6":1,"7":1},"f":{"0":1},"b":{}}
,"/Users/chamithmadusanka/Documents/Development/Projects/hris-hp/src/store/themeSlice.ts": {"path":"/Users/chamithmadusanka/Documents/Development/Projects/hris-hp/src/store/themeSlice.ts","statementMap":{"0":{"start":{"line":1,"column":0},"end":{"line":1,"column":47}},"1":{"start":{"line":2,"column":0},"end":{"line":2,"column":55}},"2":{"start":{"line":9,"column":33},"end":{"line":11,"column":2}},"3":{"start":{"line":13,"column":19},"end":{"line":21,"column":2}},"4":{"start":{"line":18,"column":6},"end":{"line":18,"column":34}},"5":{"start":{"line":23,"column":15},"end":{"line":23,"column":47}},"6":{"start":{"line":24,"column":0},"end":{"line":24,"column":34}},"7":{"start":{"line":26,"column":27},"end":{"line":34,"column":1}},"8":{"start":{"line":27,"column":19},"end":{"line":27,"column":32}},"9":{"start":{"line":28,"column":15},"end":{"line":28,"column":66}},"10":{"start":{"line":28,"column":49},"end":{"line":28,"column":65}},"11":{"start":{"line":30,"column":2},"end":{"line":33,"column":4}},"12":{"start":{"line":32,"column":54},"end":{"line":32,"column":79}},"13":{"start":{"line":26,"column":13},"end":{"line":26,"column":27}}},"fnMap":{"0":{"name":"(anonymous_0)","decl":{"start":{"line":17,"column":14},"end":{"line":17,"column":15}},"loc":{"start":{"line":17,"column":32},"end":{"line":19,"column":5}}},"1":{"name":"(anonymous_1)","decl":{"start":{"line":26,"column":27},"end":{"line":26,"column":30}},"loc":{"start":{"line":26,"column":32},"end":{"line":34,"column":1}}},"2":{"name":"(anonymous_2)","decl":{"start":{"line":28,"column":27},"end":{"line":28,"column":28}},"loc":{"start":{"line":28,"column":49},"end":{"line":28,"column":65}}},"3":{"name":"(anonymous_3)","decl":{"start":{"line":32,"column":14},"end":{"line":32,"column":15}},"loc":{"start":{"line":32,"column":54},"end":{"line":32,"column":79}}}},"branchMap":{},"s":{"0":1,"1":1,"2":1,"3":1,"4":0,"5":1,"6":1,"7":1,"8":3,"9":3,"10":6,"11":3,"12":0,"13":1},"f":{"0":0,"1":3,"2":6,"3":0},"b":{}}
}
