TN:
SF:src/App.tsx
FN:10,(anonymous_7)
FN:10,(anonymous_8)
FN:11,(anonymous_9)
FN:11,(anonymous_10)
FN:12,(anonymous_11)
FN:12,(anonymous_12)
FN:13,(anonymous_13)
FN:13,(anonymous_14)
FN:15,App
FNF:9
FNH:0
FNDA:0,(anonymous_7)
FNDA:0,(anonymous_8)
FNDA:0,(anonymous_9)
FNDA:0,(anonymous_10)
FNDA:0,(anonymous_11)
FNDA:0,(anonymous_12)
FNDA:0,(anonymous_13)
FNDA:0,(anonymous_14)
FNDA:0,App
DA:1,0
DA:2,0
DA:3,0
DA:4,0
DA:5,0
DA:6,0
DA:7,0
DA:8,0
DA:9,0
DA:10,0
DA:11,0
DA:12,0
DA:13,0
DA:16,0
DA:18,0
DA:44,0
LF:16
LH:0
BRDA:21,0,0,0
BRDA:21,0,1,0
BRDA:21,1,0,0
BRDA:21,1,1,0
BRDA:24,2,0,0
BRDA:24,2,1,0
BRF:6
BRH:0
end_of_record
TN:
SF:src/theme.ts
FNF:0
FNH:0
DA:1,0
DA:3,0
DA:32,0
LF:3
LH:0
BRF:0
BRH:0
end_of_record
TN:
SF:src/components/Breadcrumb.tsx
FN:15,(anonymous_1)
FN:18,(anonymous_2)
FNF:2
FNH:0
FNDA:0,(anonymous_1)
FNDA:0,(anonymous_2)
DA:2,0
DA:3,0
DA:4,0
DA:15,0
DA:16,0
DA:19,0
LF:6
LH:0
BRDA:19,0,0,0
BRDA:19,0,1,0
BRDA:30,1,0,0
BRDA:30,1,1,0
BRF:4
BRH:0
end_of_record
TN:
SF:src/components/ConfirmationDialog.tsx
FN:22,(anonymous_0)
FNF:1
FNH:0
FNDA:0,(anonymous_0)
DA:1,0
DA:22,0
DA:32,0
LF:3
LH:0
BRF:0
BRH:0
end_of_record
TN:
SF:src/components/ErrorBoundary.tsx
FN:18,(anonymous_1)
FN:34,(anonymous_2)
FN:39,(anonymous_3)
FN:23,(anonymous_4)
FN:30,(anonymous_5)
FN:55,(anonymous_6)
FN:97,(anonymous_7)
FNF:7
FNH:0
FNDA:0,(anonymous_1)
FNDA:0,(anonymous_2)
FNDA:0,(anonymous_3)
FNDA:0,(anonymous_4)
FNDA:0,(anonymous_5)
FNDA:0,(anonymous_6)
FNDA:0,(anonymous_7)
DA:1,0
DA:2,0
DA:3,0
DA:14,0
DA:19,0
DA:20,0
DA:24,0
DA:31,0
DA:34,0
DA:35,0
DA:36,0
DA:39,0
DA:40,0
DA:42,0
DA:43,0
DA:45,0
DA:46,0
DA:48,0
DA:49,0
DA:52,0
DA:56,0
DA:57,0
DA:97,0
DA:125,0
DA:129,0
LF:25
LH:0
BRDA:40,0,0,0
BRDA:42,1,0,0
BRDA:45,2,0,0
BRDA:48,3,0,0
BRDA:56,4,0,0
BRDA:103,5,0,0
BRDA:103,5,1,0
BRDA:117,6,0,0
BRDA:117,6,1,0
BRDA:117,7,0,0
BRDA:117,7,1,0
BRF:11
BRH:0
end_of_record
TN:
SF:src/components/LoadingSpinner.tsx
FN:5,(anonymous_0)
FNF:1
FNH:0
FNDA:0,(anonymous_0)
DA:1,0
DA:3,0
DA:5,0
DA:6,0
LF:4
LH:0
BRF:0
BRH:0
end_of_record
TN:
SF:src/components/PageHeader.tsx
FN:15,(anonymous_0)
FNF:1
FNH:0
FNDA:0,(anonymous_0)
DA:2,0
DA:3,0
DA:15,0
DA:19,0
DA:20,0
LF:5
LH:0
BRF:0
BRH:0
end_of_record
TN:
SF:src/components/ThemeSwitcher.tsx
FN:9,(anonymous_1)
FN:16,(anonymous_2)
FN:23,(anonymous_3)
FN:27,(anonymous_4)
FN:31,(anonymous_5)
FN:36,(anonymous_6)
FN:54,(anonymous_7)
FN:60,(anonymous_8)
FN:66,(anonymous_9)
FNF:9
FNH:3
FNDA:8,(anonymous_1)
FNDA:8,(anonymous_2)
FNDA:0,(anonymous_3)
FNDA:0,(anonymous_4)
FNDA:0,(anonymous_5)
FNDA:8,(anonymous_6)
FNDA:0,(anonymous_7)
FNDA:0,(anonymous_8)
FNDA:0,(anonymous_9)
DA:1,1
DA:2,1
DA:3,1
DA:4,1
DA:5,1
DA:6,1
DA:7,1
DA:9,1
DA:10,8
DA:11,8
DA:12,8
DA:14,8
DA:15,8
DA:16,8
DA:17,8
DA:18,0
DA:19,0
DA:23,8
DA:24,0
DA:27,8
DA:28,0
DA:31,8
DA:32,0
DA:33,0
DA:36,8
DA:37,8
DA:39,8
DA:41,0
DA:43,0
DA:45,0
DA:49,8
DA:54,0
DA:60,0
DA:66,0
LF:34
LH:22
BRDA:17,0,0,0
BRDA:18,1,0,0
BRDA:18,1,1,0
BRDA:37,2,0,8
BRDA:37,2,1,0
BRDA:37,2,2,0
BRDA:37,2,3,0
BRF:7
BRH:1
end_of_record
TN:
SF:src/components/MenuBar/DesktopMenu.tsx
FN:4,(anonymous_0)
FNF:1
FNH:1
FNDA:4,(anonymous_0)
DA:1,1
DA:2,1
DA:4,4
DA:12,1
LF:4
LH:4
BRF:0
BRH:0
end_of_record
TN:
SF:src/components/MenuBar/MenuBar.tsx
FN:55,(anonymous_2)
FN:61,(anonymous_3)
FN:62,(anonymous_4)
FN:78,(anonymous_5)
FN:104,(anonymous_6)
FN:125,(anonymous_7)
FN:128,(anonymous_8)
FN:149,(anonymous_9)
FNF:8
FNH:6
FNDA:24,(anonymous_2)
FNDA:105,(anonymous_3)
FNDA:24,(anonymous_4)
FNDA:8,(anonymous_5)
FNDA:24,(anonymous_6)
FNDA:4,(anonymous_7)
FNDA:0,(anonymous_8)
FNDA:0,(anonymous_9)
DA:1,1
DA:2,1
DA:15,1
DA:16,1
DA:17,1
DA:18,1
DA:19,1
DA:36,1
DA:54,1
DA:55,24
DA:60,1
DA:61,105
DA:62,24
DA:78,1
DA:79,8
DA:81,8
DA:105,24
DA:125,1
DA:126,4
DA:127,4
DA:128,4
DA:130,4
DA:149,0
LF:23
LH:22
BRDA:66,0,0,8
BRDA:66,0,1,16
BRDA:66,1,0,24
BRDA:66,1,1,16
BRDA:69,2,0,8
BRDA:69,2,1,16
BRDA:69,3,0,24
BRDA:69,3,1,24
BRF:8
BRH:8
end_of_record
TN:
SF:src/components/MenuBar/MobileMenu.tsx
FN:4,(anonymous_0)
FNF:1
FNH:1
FNDA:4,(anonymous_0)
DA:1,1
DA:2,1
DA:4,4
DA:12,1
LF:4
LH:4
BRF:0
BRH:0
end_of_record
TN:
SF:src/features/employees/employeesApi.ts
FN:9,(anonymous_0)
FN:14,(anonymous_1)
FN:17,(anonymous_2)
FN:25,(anonymous_3)
FN:33,(anonymous_4)
FN:59,(anonymous_5)
FNF:6
FNH:1
FNDA:2,(anonymous_0)
FNDA:0,(anonymous_1)
FNDA:0,(anonymous_2)
FNDA:0,(anonymous_3)
FNDA:0,(anonymous_4)
FNDA:0,(anonymous_5)
DA:1,2
DA:2,2
DA:5,2
DA:9,2
DA:15,0
DA:17,0
DA:20,0
DA:25,0
DA:33,0
DA:59,0
DA:69,2
LF:11
LH:5
BRDA:14,0,0,0
BRDA:20,1,0,0
BRDA:20,1,1,0
BRF:3
BRH:0
end_of_record
TN:
SF:src/features/employees/types.ts
FN:1,(anonymous_0)
FN:10,(anonymous_1)
FNF:2
FNH:2
FNDA:2,(anonymous_0)
FNDA:2,(anonymous_1)
DA:1,2
DA:2,2
DA:3,2
DA:4,2
DA:5,2
DA:6,2
DA:7,2
DA:10,2
DA:11,2
DA:12,2
DA:13,2
DA:14,2
DA:15,2
DA:16,2
DA:17,2
DA:18,2
DA:19,2
DA:20,2
LF:18
LH:18
BRDA:1,0,0,2
BRDA:1,0,1,2
BRDA:10,1,0,2
BRDA:10,1,1,2
BRF:4
BRH:4
end_of_record
TN:
SF:src/features/employees/validationSchema.ts
FNF:0
FNH:0
DA:1,1
DA:2,1
DA:4,1
LF:3
LH:3
BRF:0
BRH:0
end_of_record
TN:
SF:src/features/employees/components/EmployeeForm.tsx
FN:23,(anonymous_0)
FN:88,(anonymous_1)
FN:88,(anonymous_2)
FNF:3
FNH:1
FNDA:11,(anonymous_0)
FNDA:0,(anonymous_1)
FNDA:0,(anonymous_2)
DA:1,1
DA:13,1
DA:14,1
DA:23,1
DA:29,11
DA:31,11
DA:33,11
DA:88,0
DA:98,1
LF:9
LH:8
BRDA:26,0,0,0
BRDA:27,1,0,0
BRDA:60,2,0,5
BRDA:60,2,1,6
BRDA:77,3,0,11
BRDA:77,3,1,11
BRDA:79,4,0,5
BRDA:79,4,1,6
BRF:8
BRH:6
end_of_record
TN:
SF:src/features/employees/components/EmployeesTable.tsx
FN:39,(anonymous_1)
FN:46,(anonymous_2)
FN:59,(anonymous_3)
FN:104,(anonymous_4)
FN:117,(anonymous_5)
FN:124,(anonymous_6)
FN:133,(anonymous_7)
FN:165,(anonymous_8)
FN:173,(anonymous_9)
FN:192,(anonymous_10)
FN:197,(anonymous_11)
FN:206,(anonymous_12)
FNF:12
FNH:8
FNDA:3,(anonymous_1)
FNDA:3,(anonymous_2)
FNDA:6,(anonymous_3)
FNDA:6,(anonymous_4)
FNDA:1,(anonymous_5)
FNDA:1,(anonymous_6)
FNDA:3,(anonymous_7)
FNDA:3,(anonymous_8)
FNDA:0,(anonymous_9)
FNDA:0,(anonymous_10)
FNDA:0,(anonymous_11)
FNDA:0,(anonymous_12)
DA:1,1
DA:2,1
DA:3,1
DA:4,1
DA:5,1
DA:18,1
DA:19,1
DA:20,1
DA:23,1
DA:24,1
DA:39,1
DA:45,3
DA:46,3
DA:47,3
DA:48,3
DA:50,3
DA:59,3
DA:60,6
DA:61,6
DA:62,6
DA:63,6
DA:65,3
DA:66,3
DA:67,3
DA:69,3
DA:70,3
DA:71,3
DA:73,0
DA:74,0
DA:75,0
DA:77,0
DA:78,0
DA:79,0
DA:81,0
DA:82,0
DA:83,0
DA:85,0
DA:86,0
DA:89,6
DA:103,3
DA:105,6
DA:117,1
DA:124,1
DA:132,3
DA:133,3
DA:165,3
DA:166,3
DA:173,3
DA:174,0
DA:175,0
DA:176,0
DA:177,0
DA:178,0
DA:179,0
DA:180,0
DA:181,0
DA:182,0
DA:183,0
DA:184,0
DA:186,0
DA:190,0
DA:191,0
DA:192,0
DA:193,0
DA:197,3
DA:198,0
DA:201,3
DA:206,0
LF:68
LH:39
BRDA:63,0,0,3
BRDA:63,0,1,3
BRDA:63,0,2,0
BRDA:63,0,3,0
BRDA:63,0,4,0
BRDA:63,0,5,0
BRDA:117,1,0,0
BRDA:117,1,1,1
BRDA:117,2,0,1
BRDA:117,2,1,1
BRDA:124,3,0,0
BRDA:124,3,1,1
BRDA:124,4,0,1
BRDA:124,4,1,1
BRDA:179,5,0,0
BRDA:179,6,0,0
BRDA:179,6,1,0
BRDA:183,7,0,0
BRDA:183,7,1,0
BRDA:214,8,0,0
BRDA:214,8,1,3
BRF:21
BRH:9
end_of_record
TN:
SF:src/features/employees/components/FormFields.tsx
FN:16,(anonymous_0)
FN:51,(anonymous_1)
FN:80,(anonymous_2)
FN:106,(anonymous_3)
FNF:4
FNH:4
FNDA:11,(anonymous_0)
FNDA:66,(anonymous_1)
FNDA:22,(anonymous_2)
FNDA:176,(anonymous_3)
DA:1,1
DA:9,1
DA:16,1
DA:17,11
DA:51,1
DA:62,66
DA:63,66
DA:80,1
DA:91,22
DA:92,22
DA:107,176
LF:11
LH:11
BRDA:54,0,0,44
BRDA:71,1,0,11
BRDA:71,1,1,55
BRDA:74,2,0,66
BRDA:74,2,1,12
BRDA:75,3,0,66
BRDA:75,3,1,12
BRDA:96,4,0,22
BRDA:96,4,1,4
BRDA:113,5,0,22
BRDA:113,5,1,4
BRF:11
BRH:11
end_of_record
TN:
SF:src/features/employees/hooks/useEmployeeForm.ts
FN:12,(anonymous_7)
FN:40,(anonymous_8)
FN:40,(anonymous_9)
FN:75,generateShortIdFromDate
FNF:4
FNH:3
FNDA:11,(anonymous_7)
FNDA:1,(anonymous_8)
FNDA:1,(anonymous_9)
FNDA:0,generateShortIdFromDate
DA:1,1
DA:2,1
DA:3,1
DA:4,1
DA:5,1
DA:12,1
DA:17,11
DA:19,11
DA:20,11
DA:26,11
DA:40,1
DA:41,1
DA:42,1
DA:43,0
DA:47,0
DA:48,0
DA:54,1
DA:55,0
DA:61,0
DA:63,1
DA:68,1
DA:76,0
DA:77,0
DA:78,0
DA:79,0
DA:82,11
LF:26
LH:17
BRDA:28,0,0,11
BRDA:28,0,1,5
BRDA:29,1,0,11
BRDA:29,1,1,5
BRDA:30,2,0,11
BRDA:30,2,1,5
BRDA:31,3,0,11
BRDA:31,3,1,5
BRDA:32,4,0,11
BRDA:32,4,1,5
BRDA:33,5,0,11
BRDA:33,5,1,5
BRDA:34,6,0,11
BRDA:34,6,1,5
BRDA:35,7,0,11
BRDA:35,7,1,5
BRDA:36,8,0,11
BRDA:36,8,1,7
BRDA:42,9,0,0
BRDA:42,9,1,1
BRDA:65,10,0,1
BRDA:65,10,1,0
BRDA:69,11,0,1
BRDA:69,11,1,0
BRF:24
BRH:21
end_of_record
TN:
SF:src/features/statistics/index.ts
FNF:0
FNH:0
DA:1,0
DA:2,0
DA:3,0
DA:4,0
LF:4
LH:0
BRF:0
BRH:0
end_of_record
TN:
SF:src/features/statistics/components/BarChart.tsx
FN:16,(anonymous_6)
FN:33,(anonymous_7)
FN:43,(anonymous_8)
FN:45,(anonymous_9)
FN:53,(anonymous_10)
FN:57,(anonymous_11)
FN:67,(anonymous_12)
FN:81,(anonymous_13)
FN:92,(anonymous_14)
FN:101,(anonymous_15)
FN:110,(anonymous_16)
FN:120,(anonymous_17)
FN:163,(anonymous_18)
FN:167,(anonymous_19)
FNF:14
FNH:0
FNDA:0,(anonymous_6)
FNDA:0,(anonymous_7)
FNDA:0,(anonymous_8)
FNDA:0,(anonymous_9)
FNDA:0,(anonymous_10)
FNDA:0,(anonymous_11)
FNDA:0,(anonymous_12)
FNDA:0,(anonymous_13)
FNDA:0,(anonymous_14)
FNDA:0,(anonymous_15)
FNDA:0,(anonymous_16)
FNDA:0,(anonymous_17)
FNDA:0,(anonymous_18)
FNDA:0,(anonymous_19)
DA:1,0
DA:2,0
DA:3,0
DA:4,0
DA:5,0
DA:6,0
DA:7,0
DA:8,0
DA:10,0
DA:16,0
DA:21,0
DA:22,0
DA:29,0
DA:30,0
DA:32,0
DA:33,0
DA:42,0
DA:44,0
DA:45,0
DA:52,0
DA:54,0
DA:57,0
DA:64,0
DA:67,0
DA:73,0
DA:81,0
DA:92,0
DA:101,0
DA:111,0
DA:112,0
DA:113,0
DA:120,0
DA:163,0
DA:164,0
DA:168,0
LF:35
LH:0
BRDA:104,0,0,0
BRDA:104,0,1,0
BRDA:104,1,0,0
BRDA:104,1,1,0
BRDA:112,2,0,0
BRDA:124,3,0,0
BRDA:124,3,1,0
BRDA:124,4,0,0
BRDA:124,4,1,0
BRDA:124,5,0,0
BRDA:124,5,1,0
BRDA:131,6,0,0
BRDA:131,6,1,0
BRF:13
BRH:0
end_of_record
TN:
SF:src/features/statistics/components/ChartSection.tsx
FN:9,(anonymous_0)
FNF:1
FNH:0
FNDA:0,(anonymous_0)
DA:1,0
DA:2,0
DA:9,0
DA:13,0
DA:14,0
LF:5
LH:0
BRF:0
BRH:0
end_of_record
TN:
SF:src/features/statistics/components/LineChart.tsx
FN:17,(anonymous_0)
FN:31,(anonymous_1)
FN:34,(anonymous_2)
FN:41,(anonymous_3)
FN:53,(anonymous_4)
FN:72,(anonymous_5)
FN:88,(anonymous_6)
FN:89,(anonymous_7)
FN:103,(anonymous_8)
FN:107,(anonymous_9)
FNF:10
FNH:0
FNDA:0,(anonymous_0)
FNDA:0,(anonymous_1)
FNDA:0,(anonymous_2)
FNDA:0,(anonymous_3)
FNDA:0,(anonymous_4)
FNDA:0,(anonymous_5)
FNDA:0,(anonymous_6)
FNDA:0,(anonymous_7)
FNDA:0,(anonymous_8)
FNDA:0,(anonymous_9)
DA:1,0
DA:2,0
DA:3,0
DA:4,0
DA:5,0
DA:6,0
DA:7,0
DA:9,0
DA:17,0
DA:18,0
DA:19,0
DA:20,0
DA:22,0
DA:24,0
DA:25,0
DA:28,0
DA:31,0
DA:34,0
DA:40,0
DA:41,0
DA:45,0
DA:53,0
DA:72,0
DA:88,0
DA:89,0
DA:103,0
DA:104,0
DA:108,0
LF:28
LH:0
BRDA:24,0,0,0
BRF:1
BRH:0
end_of_record
TN:
SF:src/features/statistics/components/PieChart.tsx
FN:22,(anonymous_0)
FN:31,(anonymous_1)
FN:46,(anonymous_2)
FN:52,(anonymous_3)
FN:53,(anonymous_4)
FN:56,(anonymous_5)
FN:64,(anonymous_6)
FN:117,(anonymous_7)
FN:121,(anonymous_8)
FNF:9
FNH:0
FNDA:0,(anonymous_0)
FNDA:0,(anonymous_1)
FNDA:0,(anonymous_2)
FNDA:0,(anonymous_3)
FNDA:0,(anonymous_4)
FNDA:0,(anonymous_5)
FNDA:0,(anonymous_6)
FNDA:0,(anonymous_7)
FNDA:0,(anonymous_8)
DA:1,0
DA:2,0
DA:3,0
DA:4,0
DA:5,0
DA:6,0
DA:7,0
DA:8,0
DA:10,0
DA:22,0
DA:23,0
DA:24,0
DA:26,0
DA:28,0
DA:30,0
DA:31,0
DA:35,0
DA:46,0
DA:53,0
DA:54,0
DA:57,0
DA:58,0
DA:64,0
DA:117,0
DA:118,0
DA:122,0
LF:26
LH:0
BRDA:60,0,0,0
BRDA:60,0,1,0
BRDA:60,1,0,0
BRDA:60,1,1,0
BRDA:61,2,0,0
BRDA:61,2,1,0
BRDA:61,3,0,0
BRDA:61,3,1,0
BRDA:67,4,0,0
BRDA:67,4,1,0
BRDA:68,5,0,0
BRDA:68,5,1,0
BRDA:78,6,0,0
BRDA:78,6,1,0
BRF:14
BRH:0
end_of_record
TN:
SF:src/features/statistics/components/ScatterPlot.tsx
FN:20,(anonymous_0)
FN:33,(anonymous_1)
FN:38,(anonymous_2)
FN:42,(anonymous_3)
FN:61,(anonymous_4)
FN:80,(anonymous_5)
FN:94,(anonymous_6)
FN:112,(anonymous_7)
FN:116,(anonymous_8)
FNF:9
FNH:0
FNDA:0,(anonymous_0)
FNDA:0,(anonymous_1)
FNDA:0,(anonymous_2)
FNDA:0,(anonymous_3)
FNDA:0,(anonymous_4)
FNDA:0,(anonymous_5)
FNDA:0,(anonymous_6)
FNDA:0,(anonymous_7)
FNDA:0,(anonymous_8)
DA:1,0
DA:2,0
DA:3,0
DA:4,0
DA:5,0
DA:6,0
DA:8,0
DA:20,0
DA:24,0
DA:25,0
DA:26,0
DA:28,0
DA:30,0
DA:32,0
DA:33,0
DA:37,0
DA:38,0
DA:42,0
DA:43,0
DA:50,0
DA:53,0
DA:61,0
DA:80,0
DA:95,0
DA:112,0
DA:113,0
DA:117,0
LF:27
LH:0
BRDA:30,0,0,0
BRDA:50,1,0,0
BRDA:50,1,1,0
BRF:3
BRH:0
end_of_record
TN:
SF:src/features/statistics/hooks/useStats.ts
FN:4,(anonymous_0)
FN:7,(anonymous_1)
FN:9,(anonymous_2)
FN:16,(anonymous_3)
FN:22,(anonymous_4)
FN:24,(anonymous_5)
FN:31,(anonymous_6)
FN:39,(anonymous_7)
FN:40,(anonymous_8)
FN:46,(anonymous_9)
FN:54,(anonymous_10)
FN:56,(anonymous_11)
FNF:12
FNH:0
FNDA:0,(anonymous_0)
FNDA:0,(anonymous_1)
FNDA:0,(anonymous_2)
FNDA:0,(anonymous_3)
FNDA:0,(anonymous_4)
FNDA:0,(anonymous_5)
FNDA:0,(anonymous_6)
FNDA:0,(anonymous_7)
FNDA:0,(anonymous_8)
FNDA:0,(anonymous_9)
FNDA:0,(anonymous_10)
FNDA:0,(anonymous_11)
DA:1,0
DA:2,0
DA:4,0
DA:5,0
DA:7,0
DA:8,0
DA:10,0
DA:11,0
DA:16,0
DA:22,0
DA:23,0
DA:25,0
DA:26,0
DA:31,0
DA:36,0
DA:39,0
DA:40,0
DA:41,0
DA:42,0
DA:43,0
DA:46,0
DA:51,0
DA:54,0
DA:55,0
DA:56,0
DA:65,0
DA:68,0
LF:27
LH:0
BRDA:5,0,0,0
BRDA:10,1,0,0
BRDA:10,1,1,0
BRDA:17,2,0,0
BRDA:17,2,1,0
BRDA:25,3,0,0
BRDA:25,3,1,0
BRDA:42,4,0,0
BRDA:42,4,1,0
BRF:9
BRH:0
end_of_record
TN:
SF:src/layouts/MainLayout.tsx
FN:3,(anonymous_0)
FNF:1
FNH:0
FNDA:0,(anonymous_0)
DA:1,0
DA:2,0
DA:3,0
DA:4,0
DA:6,0
LF:5
LH:0
BRF:0
BRH:0
end_of_record
TN:
SF:src/pages/DashboardPage.tsx
FN:24,(anonymous_1)
FN:38,(anonymous_2)
FN:50,(anonymous_3)
FN:57,(anonymous_4)
FN:59,(anonymous_5)
FN:61,(anonymous_6)
FN:62,(anonymous_7)
FN:68,(anonymous_8)
FN:70,(anonymous_9)
FN:73,(anonymous_10)
FN:81,(anonymous_11)
FN:129,(anonymous_12)
FN:158,(anonymous_13)
FN:182,(anonymous_14)
FNF:14
FNH:0
FNDA:0,(anonymous_1)
FNDA:0,(anonymous_2)
FNDA:0,(anonymous_3)
FNDA:0,(anonymous_4)
FNDA:0,(anonymous_5)
FNDA:0,(anonymous_6)
FNDA:0,(anonymous_7)
FNDA:0,(anonymous_8)
FNDA:0,(anonymous_9)
FNDA:0,(anonymous_10)
FNDA:0,(anonymous_11)
FNDA:0,(anonymous_12)
FNDA:0,(anonymous_13)
FNDA:0,(anonymous_14)
DA:1,0
DA:2,0
DA:3,0
DA:4,0
DA:5,0
DA:6,0
DA:8,0
DA:9,0
DA:10,0
DA:24,0
DA:25,0
DA:38,0
DA:39,0
DA:50,0
DA:51,0
DA:57,0
DA:58,0
DA:59,0
DA:61,0
DA:62,0
DA:68,0
DA:69,0
DA:71,0
DA:74,0
DA:81,0
DA:88,0
DA:129,0
DA:136,0
DA:158,0
DA:165,0
DA:182,0
DA:183,0
DA:184,0
DA:185,0
DA:187,0
DA:206,0
LF:36
LH:0
BRDA:68,0,0,0
BRDA:89,1,0,0
BRDA:89,1,1,0
BRDA:138,2,0,0
BRDA:138,2,1,0
BRDA:147,3,0,0
BRDA:147,3,1,0
BRDA:166,4,0,0
BRDA:166,4,1,0
BRDA:176,5,0,0
BRDA:176,5,1,0
BRDA:183,6,0,0
BRF:12
BRH:0
end_of_record
TN:
SF:src/pages/EmployeesPage.tsx
FN:14,(anonymous_0)
FN:30,(anonymous_1)
FN:35,(anonymous_2)
FN:41,(anonymous_3)
FN:59,(anonymous_4)
FN:64,(anonymous_5)
FN:69,(anonymous_6)
FN:73,(anonymous_7)
FN:79,(anonymous_8)
FN:86,(anonymous_9)
FN:91,(anonymous_10)
FN:98,(anonymous_11)
FN:144,(anonymous_12)
FNF:13
FNH:0
FNDA:0,(anonymous_0)
FNDA:0,(anonymous_1)
FNDA:0,(anonymous_2)
FNDA:0,(anonymous_3)
FNDA:0,(anonymous_4)
FNDA:0,(anonymous_5)
FNDA:0,(anonymous_6)
FNDA:0,(anonymous_7)
FNDA:0,(anonymous_8)
FNDA:0,(anonymous_9)
FNDA:0,(anonymous_10)
FNDA:0,(anonymous_11)
FNDA:0,(anonymous_12)
DA:1,0
DA:2,0
DA:3,0
DA:4,0
DA:5,0
DA:6,0
DA:7,0
DA:8,0
DA:14,0
DA:15,0
DA:30,0
DA:31,0
DA:36,0
DA:41,0
DA:42,0
DA:43,0
DA:44,0
DA:45,0
DA:46,0
DA:47,0
DA:55,0
DA:57,0
DA:59,0
DA:60,0
DA:61,0
DA:64,0
DA:65,0
DA:66,0
DA:69,0
DA:70,0
DA:73,0
DA:74,0
DA:75,0
DA:78,0
DA:80,0
DA:81,0
DA:86,0
DA:87,0
DA:88,0
DA:91,0
DA:92,0
DA:93,0
DA:95,0
DA:98,0
DA:99,0
DA:102,0
DA:144,0
DA:186,0
LF:48
LH:0
BRDA:92,0,0,0
BRDA:110,1,0,0
BRDA:110,1,1,0
BRDA:154,2,0,0
BRDA:154,2,1,0
BRDA:170,3,0,0
BRDA:170,3,1,0
BRF:7
BRH:0
end_of_record
TN:
SF:src/pages/NotFoundPage.tsx
FN:4,(anonymous_0)
FN:7,(anonymous_1)
FNF:2
FNH:0
FNDA:0,(anonymous_0)
FNDA:0,(anonymous_1)
DA:1,0
DA:2,0
DA:4,0
DA:5,0
DA:7,0
DA:8,0
DA:11,0
DA:36,0
LF:8
LH:0
BRF:0
BRH:0
end_of_record
TN:
SF:src/pages/StatisticsPage.tsx
FN:19,(anonymous_0)
FN:29,(anonymous_1)
FNF:2
FNH:0
FNDA:0,(anonymous_0)
FNDA:0,(anonymous_1)
DA:1,0
DA:2,0
DA:3,0
DA:4,0
DA:10,0
DA:12,0
DA:19,0
DA:20,0
DA:22,0
DA:30,0
DA:43,0
LF:11
LH:0
BRDA:20,0,0,0
BRDA:31,1,0,0
BRDA:31,1,1,0
BRF:3
BRH:0
end_of_record
TN:
SF:src/pages/index.ts
FNF:0
FNH:0
DA:1,0
DA:2,0
DA:3,0
DA:4,0
LF:4
LH:0
BRF:0
BRH:0
end_of_record
TN:
SF:src/store/index.ts
FN:11,(anonymous_1)
FNF:1
FNH:1
FNDA:2,(anonymous_1)
DA:1,2
DA:2,2
DA:3,2
DA:4,2
DA:6,2
DA:12,2
DA:15,2
DA:20,2
LF:8
LH:8
BRF:0
BRH:0
end_of_record
TN:
SF:src/store/themeSlice.ts
FN:17,(anonymous_0)
FN:26,(anonymous_1)
FN:28,(anonymous_2)
FN:32,(anonymous_3)
FNF:4
FNH:2
FNDA:0,(anonymous_0)
FNDA:11,(anonymous_1)
FNDA:22,(anonymous_2)
FNDA:0,(anonymous_3)
DA:1,2
DA:2,2
DA:9,2
DA:13,2
DA:18,0
DA:23,2
DA:24,2
DA:26,2
DA:27,11
DA:28,22
DA:30,11
DA:32,0
LF:12
LH:10
BRF:0
BRH:0
end_of_record
