TN:
SF:src/App.tsx
FN:10,(anonymous_6)
FN:10,(anonymous_7)
FN:11,(anonymous_8)
FN:11,(anonymous_9)
FN:12,(anonymous_10)
FN:12,(anonymous_11)
FN:13,(anonymous_12)
FN:13,(anonymous_13)
FN:15,App
FN:18,(anonymous_15)
FNF:10
FNH:0
FNDA:0,(anonymous_6)
FNDA:0,(anonymous_7)
FNDA:0,(anonymous_8)
FNDA:0,(anonymous_9)
FNDA:0,(anonymous_10)
FNDA:0,(anonymous_11)
FNDA:0,(anonymous_12)
FNDA:0,(anonymous_13)
FNDA:0,App
FNDA:0,(anonymous_15)
DA:1,0
DA:2,0
DA:3,0
DA:4,0
DA:5,0
DA:6,0
DA:7,0
DA:8,0
DA:10,0
DA:11,0
DA:12,0
DA:13,0
DA:16,0
DA:18,0
DA:19,0
DA:34,0
DA:56,0
LF:17
LH:0
BRDA:35,0,0,0
BRDA:35,0,1,0
BRDA:37,1,0,0
BRDA:37,1,1,0
BRF:4
BRH:0
end_of_record
TN:
SF:src/theme.ts
FNF:0
FNH:0
DA:1,0
DA:3,0
DA:25,0
LF:3
LH:0
BRF:0
BRH:0
end_of_record
TN:
SF:src/components/Breadcrumb.tsx
FN:14,(anonymous_1)
FN:17,(anonymous_2)
FNF:2
FNH:0
FNDA:0,(anonymous_1)
FNDA:0,(anonymous_2)
DA:2,0
DA:3,0
DA:14,0
DA:15,0
DA:18,0
LF:5
LH:0
BRDA:18,0,0,0
BRDA:18,0,1,0
BRDA:26,1,0,0
BRDA:26,1,1,0
BRF:4
BRH:0
end_of_record
TN:
SF:src/components/Footer.tsx
FN:4,(anonymous_1)
FNF:1
FNH:0
FNDA:0,(anonymous_1)
DA:1,0
DA:2,0
DA:4,0
DA:5,0
LF:4
LH:0
BRF:0
BRH:0
end_of_record
TN:
SF:src/components/PageHeader.tsx
FN:15,(anonymous_0)
FNF:1
FNH:0
FNDA:0,(anonymous_0)
DA:2,0
DA:3,0
DA:15,0
DA:19,0
LF:4
LH:0
BRF:0
BRH:0
end_of_record
TN:
SF:src/components/ThemeSwitcher.tsx
FN:13,(anonymous_1)
FN:20,(anonymous_2)
FN:27,(anonymous_3)
FN:31,(anonymous_4)
FN:35,(anonymous_5)
FN:40,(anonymous_6)
FN:57,(anonymous_7)
FN:60,(anonymous_8)
FN:63,(anonymous_9)
FNF:9
FNH:0
FNDA:0,(anonymous_1)
FNDA:0,(anonymous_2)
FNDA:0,(anonymous_3)
FNDA:0,(anonymous_4)
FNDA:0,(anonymous_5)
FNDA:0,(anonymous_6)
FNDA:0,(anonymous_7)
FNDA:0,(anonymous_8)
FNDA:0,(anonymous_9)
DA:1,0
DA:2,0
DA:3,0
DA:4,0
DA:5,0
DA:6,0
DA:13,0
DA:17,0
DA:18,0
DA:20,0
DA:21,0
DA:22,0
DA:23,0
DA:27,0
DA:28,0
DA:31,0
DA:32,0
DA:35,0
DA:36,0
DA:37,0
DA:40,0
DA:41,0
DA:43,0
DA:45,0
DA:47,0
DA:49,0
DA:53,0
DA:57,0
DA:60,0
DA:63,0
LF:30
LH:0
BRDA:21,0,0,0
BRDA:22,1,0,0
BRDA:22,1,1,0
BRDA:41,2,0,0
BRDA:41,2,1,0
BRDA:41,2,2,0
BRDA:41,2,3,0
BRF:7
BRH:0
end_of_record
TN:
SF:src/components/MenuBar/DesktopMenu.tsx
FN:4,(anonymous_0)
FNF:1
FNH:1
FNDA:4,(anonymous_0)
DA:1,1
DA:2,1
DA:4,4
DA:12,1
LF:4
LH:4
BRF:0
BRH:0
end_of_record
TN:
SF:src/components/MenuBar/MenuBar.tsx
FN:52,(anonymous_2)
FN:58,(anonymous_3)
FN:59,(anonymous_4)
FN:76,(anonymous_5)
FN:94,(anonymous_6)
FN:110,(anonymous_7)
FN:113,(anonymous_8)
FN:124,(anonymous_9)
FNF:8
FNH:6
FNDA:24,(anonymous_2)
FNDA:105,(anonymous_3)
FNDA:24,(anonymous_4)
FNDA:8,(anonymous_5)
FNDA:24,(anonymous_6)
FNDA:4,(anonymous_7)
FNDA:0,(anonymous_8)
FNDA:0,(anonymous_9)
DA:1,1
DA:2,1
DA:13,1
DA:14,1
DA:15,1
DA:16,1
DA:33,1
DA:51,1
DA:52,24
DA:57,1
DA:58,105
DA:59,24
DA:76,1
DA:77,8
DA:79,8
DA:95,24
DA:110,1
DA:111,4
DA:113,4
DA:115,4
DA:124,0
LF:21
LH:20
BRDA:63,0,0,8
BRDA:63,0,1,16
BRDA:63,1,0,24
BRDA:63,1,1,16
BRDA:66,2,0,8
BRDA:66,2,1,16
BRDA:66,3,0,24
BRDA:66,3,1,24
BRF:8
BRH:8
end_of_record
TN:
SF:src/components/MenuBar/MobileMenu.tsx
FN:4,(anonymous_0)
FNF:1
FNH:1
FNDA:4,(anonymous_0)
DA:1,1
DA:2,1
DA:4,4
DA:12,1
LF:4
LH:4
BRF:0
BRH:0
end_of_record
TN:
SF:src/features/employees/EmployeeForm.tsx
FN:47,(anonymous_13)
FN:77,(anonymous_14)
FN:77,(anonymous_15)
FN:91,generateShortIdFromDate
FN:207,(anonymous_17)
FNF:5
FNH:5
FNDA:18,(anonymous_13)
FNDA:2,(anonymous_14)
FNDA:2,(anonymous_15)
FNDA:1,generateShortIdFromDate
FNDA:108,(anonymous_17)
DA:2,1
DA:3,1
DA:5,1
DA:17,1
DA:21,1
DA:30,1
DA:47,1
DA:53,18
DA:56,18
DA:61,18
DA:63,18
DA:77,2
DA:78,2
DA:79,1
DA:83,1
DA:85,1
DA:87,0
DA:92,1
DA:93,1
DA:94,1
DA:95,1
DA:98,18
DA:208,108
LF:23
LH:22
BRDA:50,0,0,0
BRDA:51,1,0,0
BRDA:65,2,0,18
BRDA:65,2,1,12
BRDA:66,3,0,18
BRDA:66,3,1,12
BRDA:67,4,0,18
BRDA:67,4,1,12
BRDA:68,5,0,18
BRDA:68,5,1,12
BRDA:69,6,0,18
BRDA:69,6,1,12
BRDA:70,7,0,18
BRDA:70,7,1,12
BRDA:71,8,0,18
BRDA:71,8,1,12
BRDA:72,9,0,18
BRDA:72,9,1,12
BRDA:78,10,0,1
BRDA:78,10,1,1
BRDA:124,11,0,12
BRDA:124,11,1,6
BRDA:126,12,0,18
BRDA:126,12,1,0
BRDA:131,13,0,18
BRDA:131,13,1,0
BRDA:146,14,0,18
BRDA:146,14,1,4
BRDA:147,15,0,18
BRDA:147,15,1,4
BRDA:157,16,0,18
BRDA:157,16,1,4
BRDA:158,17,0,18
BRDA:158,17,1,4
BRDA:168,18,0,18
BRDA:168,18,1,4
BRDA:169,19,0,18
BRDA:169,19,1,4
BRDA:180,20,0,18
BRDA:180,20,1,4
BRDA:182,21,0,18
BRDA:182,21,1,4
BRDA:194,22,0,18
BRDA:194,22,1,4
BRDA:195,23,0,18
BRDA:195,23,1,4
BRDA:205,24,0,18
BRDA:205,24,1,4
BRDA:223,25,0,18
BRDA:223,25,1,4
BRDA:224,26,0,18
BRDA:224,26,1,4
BRDA:234,27,0,18
BRDA:234,27,1,4
BRDA:235,28,0,18
BRDA:235,28,1,4
BRDA:250,29,0,18
BRDA:250,29,1,18
BRDA:252,30,0,12
BRDA:252,30,1,6
BRF:60
BRH:56
end_of_record
TN:
SF:src/features/employees/EmployeesTable.tsx
FN:39,(anonymous_1)
FN:46,(anonymous_2)
FN:59,(anonymous_3)
FN:104,(anonymous_4)
FN:119,(anonymous_5)
FN:126,(anonymous_6)
FN:162,(anonymous_7)
FN:170,(anonymous_8)
FN:189,(anonymous_9)
FN:194,(anonymous_10)
FN:198,(anonymous_11)
FN:207,(anonymous_12)
FNF:12
FNH:8
FNDA:3,(anonymous_1)
FNDA:3,(anonymous_2)
FNDA:6,(anonymous_3)
FNDA:6,(anonymous_4)
FNDA:1,(anonymous_5)
FNDA:1,(anonymous_6)
FNDA:3,(anonymous_7)
FNDA:0,(anonymous_8)
FNDA:0,(anonymous_9)
FNDA:0,(anonymous_10)
FNDA:3,(anonymous_11)
FNDA:0,(anonymous_12)
DA:1,1
DA:2,1
DA:3,1
DA:4,1
DA:5,1
DA:18,1
DA:19,1
DA:20,1
DA:23,1
DA:24,1
DA:39,1
DA:45,3
DA:46,3
DA:47,3
DA:48,3
DA:50,3
DA:59,3
DA:60,6
DA:61,6
DA:62,6
DA:63,6
DA:65,3
DA:66,3
DA:67,3
DA:69,3
DA:70,3
DA:71,3
DA:73,0
DA:74,0
DA:75,0
DA:77,0
DA:78,0
DA:79,0
DA:81,0
DA:82,0
DA:83,0
DA:85,0
DA:86,0
DA:89,6
DA:104,3
DA:105,6
DA:119,1
DA:126,1
DA:132,3
DA:162,3
DA:163,3
DA:170,3
DA:171,0
DA:172,0
DA:173,0
DA:174,0
DA:175,0
DA:176,0
DA:177,0
DA:178,0
DA:179,0
DA:180,0
DA:181,0
DA:183,0
DA:187,0
DA:188,0
DA:189,0
DA:190,0
DA:194,3
DA:195,0
DA:198,3
DA:199,3
DA:202,3
DA:207,0
LF:69
LH:40
BRDA:63,0,0,3
BRDA:63,0,1,3
BRDA:63,0,2,0
BRDA:63,0,3,0
BRDA:63,0,4,0
BRDA:63,0,5,0
BRDA:119,1,0,0
BRDA:119,1,1,1
BRDA:119,2,0,1
BRDA:119,2,1,1
BRDA:126,3,0,0
BRDA:126,3,1,1
BRDA:126,4,0,1
BRDA:126,4,1,1
BRDA:176,5,0,0
BRDA:176,6,0,0
BRDA:176,6,1,0
BRDA:180,7,0,0
BRDA:180,7,1,0
BRDA:215,8,0,0
BRDA:215,8,1,3
BRF:21
BRH:9
end_of_record
TN:
SF:src/features/employees/employeesApi.ts
FN:9,(anonymous_0)
FN:14,(anonymous_1)
FN:17,(anonymous_2)
FN:25,(anonymous_3)
FN:33,(anonymous_4)
FN:59,(anonymous_5)
FNF:6
FNH:1
FNDA:1,(anonymous_0)
FNDA:0,(anonymous_1)
FNDA:0,(anonymous_2)
FNDA:0,(anonymous_3)
FNDA:0,(anonymous_4)
FNDA:0,(anonymous_5)
DA:1,1
DA:2,1
DA:5,1
DA:9,1
DA:15,0
DA:17,0
DA:20,0
DA:25,0
DA:33,0
DA:59,0
DA:69,1
LF:11
LH:5
BRDA:14,0,0,0
BRDA:20,1,0,0
BRDA:20,1,1,0
BRF:3
BRH:0
end_of_record
TN:
SF:src/features/employees/types.ts
FN:1,(anonymous_0)
FNF:1
FNH:1
FNDA:2,(anonymous_0)
DA:1,2
DA:2,2
DA:3,2
DA:4,2
DA:5,2
DA:6,2
DA:7,2
LF:7
LH:7
BRDA:1,0,0,2
BRDA:1,0,1,2
BRF:2
BRH:2
end_of_record
TN:
SF:src/features/statistics/BarChart.tsx
FN:17,(anonymous_0)
FN:26,(anonymous_1)
FN:35,(anonymous_2)
FN:37,(anonymous_3)
FN:44,(anonymous_4)
FN:51,(anonymous_5)
FN:53,(anonymous_6)
FN:61,(anonymous_7)
FN:63,(anonymous_8)
FN:72,(anonymous_9)
FN:85,(anonymous_10)
FN:96,(anonymous_11)
FN:104,(anonymous_12)
FN:120,(anonymous_13)
FN:124,(anonymous_14)
FNF:15
FNH:0
FNDA:0,(anonymous_0)
FNDA:0,(anonymous_1)
FNDA:0,(anonymous_2)
FNDA:0,(anonymous_3)
FNDA:0,(anonymous_4)
FNDA:0,(anonymous_5)
FNDA:0,(anonymous_6)
FNDA:0,(anonymous_7)
FNDA:0,(anonymous_8)
FNDA:0,(anonymous_9)
FNDA:0,(anonymous_10)
FNDA:0,(anonymous_11)
FNDA:0,(anonymous_12)
FNDA:0,(anonymous_13)
FNDA:0,(anonymous_14)
DA:1,0
DA:2,0
DA:3,0
DA:4,0
DA:5,0
DA:6,0
DA:7,0
DA:17,0
DA:22,0
DA:23,0
DA:25,0
DA:26,0
DA:35,0
DA:36,0
DA:38,0
DA:39,0
DA:44,0
DA:50,0
DA:52,0
DA:53,0
DA:60,0
DA:62,0
DA:63,0
DA:69,0
DA:72,0
DA:78,0
DA:85,0
DA:96,0
DA:104,0
DA:120,0
DA:121,0
DA:125,0
LF:32
LH:0
BRDA:38,0,0,0
BRDA:38,0,1,0
BRDA:107,1,0,0
BRDA:107,1,1,0
BRDA:107,2,0,0
BRDA:107,2,1,0
BRF:6
BRH:0
end_of_record
TN:
SF:src/features/statistics/ChartSection.tsx
FN:9,(anonymous_0)
FNF:1
FNH:0
FNDA:0,(anonymous_0)
DA:1,0
DA:2,0
DA:9,0
DA:13,0
DA:14,0
LF:5
LH:0
BRF:0
BRH:0
end_of_record
TN:
SF:src/features/statistics/HeatmapChart.tsx
FN:24,(anonymous_0)
FN:37,(anonymous_1)
FN:43,(anonymous_2)
FN:44,(anonymous_3)
FN:46,(anonymous_4)
FN:48,(anonymous_5)
FN:75,(anonymous_6)
FN:75,(anonymous_7)
FN:88,(anonymous_8)
FN:107,(anonymous_9)
FN:120,(anonymous_10)
FN:121,(anonymous_11)
FN:144,(anonymous_12)
FN:148,(anonymous_13)
FNF:14
FNH:0
FNDA:0,(anonymous_0)
FNDA:0,(anonymous_1)
FNDA:0,(anonymous_2)
FNDA:0,(anonymous_3)
FNDA:0,(anonymous_4)
FNDA:0,(anonymous_5)
FNDA:0,(anonymous_6)
FNDA:0,(anonymous_7)
FNDA:0,(anonymous_8)
FNDA:0,(anonymous_9)
FNDA:0,(anonymous_10)
FNDA:0,(anonymous_11)
FNDA:0,(anonymous_12)
FNDA:0,(anonymous_13)
DA:1,0
DA:2,0
DA:3,0
DA:4,0
DA:5,0
DA:24,0
DA:29,0
DA:30,0
DA:31,0
DA:34,0
DA:37,0
DA:38,0
DA:39,0
DA:40,0
DA:43,0
DA:44,0
DA:46,0
DA:48,0
DA:55,0
DA:56,0
DA:60,0
DA:66,0
DA:72,0
DA:75,0
DA:80,0
DA:88,0
DA:107,0
DA:121,0
DA:122,0
DA:144,0
DA:145,0
DA:149,0
LF:32
LH:0
BRDA:39,0,0,0
BRDA:39,0,1,0
BRDA:50,1,0,0
BRDA:50,1,1,0
BRDA:55,2,0,0
BRF:5
BRH:0
end_of_record
TN:
SF:src/features/statistics/LineChart.tsx
FN:21,(anonymous_0)
FN:31,(anonymous_1)
FN:37,(anonymous_2)
FN:48,(anonymous_3)
FN:49,(anonymous_4)
FN:55,(anonymous_5)
FN:67,(anonymous_6)
FN:86,(anonymous_7)
FN:101,(anonymous_8)
FN:102,(anonymous_9)
FN:116,(anonymous_10)
FN:120,(anonymous_11)
FNF:12
FNH:0
FNDA:0,(anonymous_0)
FNDA:0,(anonymous_1)
FNDA:0,(anonymous_2)
FNDA:0,(anonymous_3)
FNDA:0,(anonymous_4)
FNDA:0,(anonymous_5)
FNDA:0,(anonymous_6)
FNDA:0,(anonymous_7)
FNDA:0,(anonymous_8)
FNDA:0,(anonymous_9)
FNDA:0,(anonymous_10)
FNDA:0,(anonymous_11)
DA:1,0
DA:2,0
DA:3,0
DA:4,0
DA:5,0
DA:6,0
DA:7,0
DA:21,0
DA:26,0
DA:27,0
DA:29,0
DA:31,0
DA:32,0
DA:33,0
DA:34,0
DA:37,0
DA:42,0
DA:43,0
DA:46,0
DA:48,0
DA:49,0
DA:54,0
DA:55,0
DA:59,0
DA:67,0
DA:86,0
DA:101,0
DA:102,0
DA:116,0
DA:117,0
DA:121,0
LF:31
LH:0
BRDA:33,0,0,0
BRDA:33,0,1,0
BRDA:42,1,0,0
BRF:3
BRH:0
end_of_record
TN:
SF:src/features/statistics/PieChart.tsx
FN:19,(anonymous_0)
FN:20,(anonymous_1)
FN:25,(anonymous_2)
FN:33,(anonymous_3)
FN:43,(anonymous_4)
FN:49,(anonymous_5)
FN:50,(anonymous_6)
FN:78,(anonymous_7)
FN:82,(anonymous_8)
FNF:9
FNH:0
FNDA:0,(anonymous_0)
FNDA:0,(anonymous_1)
FNDA:0,(anonymous_2)
FNDA:0,(anonymous_3)
FNDA:0,(anonymous_4)
FNDA:0,(anonymous_5)
FNDA:0,(anonymous_6)
FNDA:0,(anonymous_7)
FNDA:0,(anonymous_8)
DA:1,0
DA:2,0
DA:3,0
DA:4,0
DA:5,0
DA:6,0
DA:19,0
DA:20,0
DA:21,0
DA:22,0
DA:25,0
DA:30,0
DA:32,0
DA:33,0
DA:37,0
DA:43,0
DA:50,0
DA:51,0
DA:78,0
DA:79,0
DA:83,0
LF:21
LH:0
BRDA:21,0,0,0
BRDA:21,0,1,0
BRDA:53,1,0,0
BRDA:53,1,1,0
BRDA:54,2,0,0
BRDA:54,2,1,0
BRF:6
BRH:0
end_of_record
TN:
SF:src/layouts/MainLayout.tsx
FN:3,(anonymous_0)
FNF:1
FNH:0
FNDA:0,(anonymous_0)
DA:1,0
DA:2,0
DA:3,0
DA:4,0
DA:6,0
LF:5
LH:0
BRF:0
BRH:0
end_of_record
TN:
SF:src/pages/DashboardPage.tsx
FN:16,(anonymous_0)
FN:38,(anonymous_1)
FN:50,(anonymous_2)
FN:57,(anonymous_3)
FN:63,(anonymous_4)
FN:64,(anonymous_5)
FN:69,(anonymous_6)
FNF:7
FNH:0
FNDA:0,(anonymous_0)
FNDA:0,(anonymous_1)
FNDA:0,(anonymous_2)
FNDA:0,(anonymous_3)
FNDA:0,(anonymous_4)
FNDA:0,(anonymous_5)
FNDA:0,(anonymous_6)
DA:1,0
DA:9,0
DA:10,0
DA:11,0
DA:12,0
DA:13,0
DA:14,0
DA:16,0
DA:25,0
DA:38,0
DA:39,0
DA:50,0
DA:51,0
DA:57,0
DA:58,0
DA:59,0
DA:61,0
DA:63,0
DA:64,0
DA:67,0
DA:69,0
DA:73,0
DA:195,0
LF:23
LH:0
BRDA:59,0,0,0
BRDA:89,1,0,0
BRDA:89,1,1,0
BRDA:128,2,0,0
BRDA:128,2,1,0
BRDA:150,3,0,0
BRDA:150,3,1,0
BRDA:173,4,0,0
BRDA:173,4,1,0
BRF:9
BRH:0
end_of_record
TN:
SF:src/pages/EmployeesPage.tsx
FN:26,(anonymous_0)
FN:42,(anonymous_1)
FN:47,(anonymous_2)
FN:53,(anonymous_3)
FN:72,(anonymous_4)
FN:77,(anonymous_5)
FN:82,(anonymous_6)
FN:86,(anonymous_7)
FN:92,(anonymous_8)
FN:99,(anonymous_9)
FN:104,(anonymous_10)
FN:111,(anonymous_11)
FN:164,(anonymous_12)
FNF:13
FNH:0
FNDA:0,(anonymous_0)
FNDA:0,(anonymous_1)
FNDA:0,(anonymous_2)
FNDA:0,(anonymous_3)
FNDA:0,(anonymous_4)
FNDA:0,(anonymous_5)
FNDA:0,(anonymous_6)
FNDA:0,(anonymous_7)
FNDA:0,(anonymous_8)
FNDA:0,(anonymous_9)
FNDA:0,(anonymous_10)
FNDA:0,(anonymous_11)
FNDA:0,(anonymous_12)
DA:1,0
DA:2,0
DA:15,0
DA:16,0
DA:17,0
DA:19,0
DA:20,0
DA:21,0
DA:26,0
DA:27,0
DA:42,0
DA:43,0
DA:48,0
DA:53,0
DA:54,0
DA:55,0
DA:56,0
DA:57,0
DA:58,0
DA:59,0
DA:60,0
DA:68,0
DA:70,0
DA:72,0
DA:73,0
DA:74,0
DA:77,0
DA:78,0
DA:79,0
DA:82,0
DA:83,0
DA:86,0
DA:87,0
DA:88,0
DA:91,0
DA:93,0
DA:94,0
DA:99,0
DA:100,0
DA:101,0
DA:104,0
DA:105,0
DA:106,0
DA:108,0
DA:111,0
DA:112,0
DA:115,0
DA:164,0
DA:212,0
LF:49
LH:0
BRDA:105,0,0,0
BRDA:131,1,0,0
BRDA:131,1,1,0
BRDA:174,2,0,0
BRDA:174,2,1,0
BRDA:190,3,0,0
BRDA:190,3,1,0
BRF:7
BRH:0
end_of_record
TN:
SF:src/pages/NotFoundPage.tsx
FN:4,(anonymous_0)
FN:7,(anonymous_1)
FNF:2
FNH:0
FNDA:0,(anonymous_0)
FNDA:0,(anonymous_1)
DA:1,0
DA:2,0
DA:4,0
DA:5,0
DA:7,0
DA:8,0
DA:11,0
DA:36,0
LF:8
LH:0
BRF:0
BRH:0
end_of_record
TN:
SF:src/pages/StatisticsPage.tsx
FN:11,(anonymous_0)
FNF:1
FNH:0
FNDA:0,(anonymous_0)
DA:1,0
DA:2,0
DA:3,0
DA:4,0
DA:5,0
DA:6,0
DA:7,0
DA:8,0
DA:9,0
DA:11,0
DA:12,0
DA:13,0
DA:14,0
DA:44,0
LF:14
LH:0
BRDA:28,0,0,0
BRDA:28,0,1,0
BRDA:31,1,0,0
BRDA:31,1,1,0
BRDA:34,2,0,0
BRDA:34,2,1,0
BRDA:37,3,0,0
BRDA:37,3,1,0
BRF:8
BRH:0
end_of_record
TN:
SF:src/pages/index.ts
FNF:0
FNH:0
DA:1,0
DA:2,0
DA:3,0
LF:3
LH:0
BRF:0
BRH:0
end_of_record
TN:
SF:src/store/index.ts
FN:11,(anonymous_1)
FNF:1
FNH:1
FNDA:1,(anonymous_1)
DA:1,1
DA:2,1
DA:3,1
DA:4,1
DA:6,1
DA:12,1
DA:15,1
DA:20,1
LF:8
LH:8
BRF:0
BRH:0
end_of_record
TN:
SF:src/store/themeSlice.ts
FN:17,(anonymous_0)
FN:26,(anonymous_1)
FN:28,(anonymous_2)
FN:32,(anonymous_3)
FNF:4
FNH:2
FNDA:0,(anonymous_0)
FNDA:3,(anonymous_1)
FNDA:6,(anonymous_2)
FNDA:0,(anonymous_3)
DA:1,1
DA:2,1
DA:9,1
DA:13,1
DA:18,0
DA:23,1
DA:24,1
DA:26,1
DA:27,3
DA:28,6
DA:30,3
DA:32,0
LF:12
LH:10
BRF:0
BRH:0
end_of_record
